INFO:    User not listed in /etc/subuid, trying root-mapped namespace
INFO:    The %post section will be run under the fakeroot command
INFO:    Starting build...
Copying blob sha256:aece8493d3972efa43bfd4ee3cdba659c0f787f8f59c82fb3e48c87cbb22a12e
Copying blob sha256:1532d9024b9c102cb1b19cfd585e8735a1efc882bfa9243f6662b47e033c0c2c
Copying blob sha256:b0d7cc89b769c1d6a46d85393516b303afeeee8d8bcbcdadb9cc9a452728cf27
Copying blob sha256:04fc8a31fa53f7fd9ba45a2d109618449fd5f9d9b3f12d1cf961f4c0a0a34500
Copying blob sha256:a14a8a8a6ebc3813d37a448205bf2c059e7b0dde5dda741babfffc327f32638c
Copying blob sha256:7d61afc7a3ac0a2b20643507f9ed50f42939d6838db55de1736527a711e98038
Copying blob sha256:8bd2762ffdd9e59311bc1d8909932d3363ca4897858f7f71aa837969b22754d8
Copying blob sha256:dd4939a047617694ff7585d2d828e574bcdb1a0e870d41ba1abad6db61fca814
Copying blob sha256:2a5ee6fadd42bc8a2088ecb52dc294274388aaa285d21507e399dbebfdb54f49
Copying blob sha256:22ba0fb08ae2d48e74c162458e138662946b32e12d711832122e465210ecbee8
Copying blob sha256:4d37a6bba88ff56fdbfcacd9ed2e4c2030b712adb162e0efa69b82ca7220a069
Copying config sha256:b4fa2f095f0016c5c1f85b1bcc1762622a0227d9894d77b4c3f49129f81786f3
Writing manifest to image destination
2025/02/07 20:45:06  info unpack layer: sha256:aece8493d3972efa43bfd4ee3cdba659c0f787f8f59c82fb3e48c87cbb22a12e
2025/02/07 20:45:07  info unpack layer: sha256:dd4939a047617694ff7585d2d828e574bcdb1a0e870d41ba1abad6db61fca814
2025/02/07 20:45:08  info unpack layer: sha256:b0d7cc89b769c1d6a46d85393516b303afeeee8d8bcbcdadb9cc9a452728cf27
2025/02/07 20:45:09  info unpack layer: sha256:1532d9024b9c102cb1b19cfd585e8735a1efc882bfa9243f6662b47e033c0c2c
2025/02/07 20:45:09  info unpack layer: sha256:04fc8a31fa53f7fd9ba45a2d109618449fd5f9d9b3f12d1cf961f4c0a0a34500
2025/02/07 20:45:09  info unpack layer: sha256:a14a8a8a6ebc3813d37a448205bf2c059e7b0dde5dda741babfffc327f32638c
2025/02/07 20:45:28  info unpack layer: sha256:7d61afc7a3ac0a2b20643507f9ed50f42939d6838db55de1736527a711e98038
2025/02/07 20:45:28  info unpack layer: sha256:8bd2762ffdd9e59311bc1d8909932d3363ca4897858f7f71aa837969b22754d8
2025/02/07 20:45:28  info unpack layer: sha256:2a5ee6fadd42bc8a2088ecb52dc294274388aaa285d21507e399dbebfdb54f49
2025/02/07 20:45:29  info unpack layer: sha256:22ba0fb08ae2d48e74c162458e138662946b32e12d711832122e465210ecbee8
2025/02/07 20:46:04  info unpack layer: sha256:4d37a6bba88ff56fdbfcacd9ed2e4c2030b712adb162e0efa69b82ca7220a069
INFO:    Running post scriptlet
+ USERNAME=tritonuser
+ useradd -m -s /bin/bash tritonuser
+ chown -R tritonuser:tritonuser /home/tritonuser
+ apt-get update
Get:1 https://developer.download.nvidia.com/compute/cuda/repos/ubuntu2204/x86_64  InRelease [1581 B]
Get:2 http://security.ubuntu.com/ubuntu jammy-security InRelease [129 kB]
Get:3 http://archive.ubuntu.com/ubuntu jammy InRelease [270 kB]
Get:4 https://developer.download.nvidia.com/compute/cuda/repos/ubuntu2204/x86_64  Packages [1309 kB]
Get:5 http://security.ubuntu.com/ubuntu jammy-security/multiverse amd64 Packages [45.2 kB]
Get:6 http://security.ubuntu.com/ubuntu jammy-security/universe amd64 Packages [1230 kB]
Get:7 http://security.ubuntu.com/ubuntu jammy-security/main amd64 Packages [2606 kB]
Get:8 http://security.ubuntu.com/ubuntu jammy-security/restricted amd64 Packages [3606 kB]
Get:9 http://archive.ubuntu.com/ubuntu jammy-updates InRelease [128 kB]
Get:10 http://archive.ubuntu.com/ubuntu jammy-backports InRelease [127 kB]
Get:11 http://archive.ubuntu.com/ubuntu jammy/universe amd64 Packages [17.5 MB]
Get:12 http://archive.ubuntu.com/ubuntu jammy/restricted amd64 Packages [164 kB]
Get:13 http://archive.ubuntu.com/ubuntu jammy/multiverse amd64 Packages [266 kB]
Get:14 http://archive.ubuntu.com/ubuntu jammy/main amd64 Packages [1792 kB]
Get:15 http://archive.ubuntu.com/ubuntu jammy-updates/universe amd64 Packages [1523 kB]
Get:16 http://archive.ubuntu.com/ubuntu jammy-updates/main amd64 Packages [2907 kB]
Get:17 http://archive.ubuntu.com/ubuntu jammy-updates/restricted amd64 Packages [3742 kB]
Get:18 http://archive.ubuntu.com/ubuntu jammy-updates/multiverse amd64 Packages [53.3 kB]
Get:19 http://archive.ubuntu.com/ubuntu jammy-backports/universe amd64 Packages [35.2 kB]
Get:20 http://archive.ubuntu.com/ubuntu jammy-backports/main amd64 Packages [81.4 kB]
Fetched 37.5 MB in 3s (14.7 MB/s)
Reading package lists...
+ apt-get install -y python3 python3-pip python3-venv python3-dev build-essential cmake ninja-build llvm-dev clang libclang-dev git wget curl
Reading package lists...
Building dependency tree...
Reading state information...
build-essential is already the newest version (12.9ubuntu3).
build-essential set to manually installed.
The following additional packages will be installed:
  binfmt-support clang-14 cmake-data dh-elpa-helper emacsen-common git-man
  icu-devtools javascript-common less lib32gcc-s1 lib32stdc++6 libarchive13
  libbrotli1 libbsd0 libc-dev-bin libc6 libc6-dev libc6-i386 libcbor0.8
  libclang-14-dev libclang-common-14-dev libclang-cpp14 libclang1-14
  libcurl3-gnutls libcurl4 libedit2 liberror-perl libexpat1 libexpat1-dev
  libffi-dev libfido2-1 libgc1 libicu-dev libicu70 libjs-jquery
  libjs-sphinxdoc libjs-underscore libjsoncpp25 libllvm14 libmd0 libmpdec3
  libncurses-dev libnghttp2-14 libobjc-11-dev libobjc4 libpfm4 libpipeline1
  libpsl5 libpython3-dev libpython3-stdlib libpython3.10 libpython3.10-dev
  libpython3.10-minimal libpython3.10-stdlib librhash0 librtmp1 libssh-4
  libtinfo-dev libuv1 libx11-6 libx11-data libxau6 libxcb1 libxdmcp6 libxext6
  libxml2 libxml2-dev libxmuu1 libyaml-0-2 libz3-4 libz3-dev llvm llvm-14
  llvm-14-dev llvm-14-linker-tools llvm-14-runtime llvm-14-tools llvm-runtime
  media-types openssh-client publicsuffix python3-distutils python3-lib2to3
  python3-minimal python3-pip-whl python3-pkg-resources python3-pygments
  python3-setuptools python3-setuptools-whl python3-wheel python3-yaml
  python3.10 python3.10-dev python3.10-minimal python3.10-venv xauth
  zlib1g-dev
Suggested packages:
  clang-14-doc cmake-doc cmake-format gettext-base git-daemon-run
  | git-daemon-sysvinit git-doc git-email git-gui gitk gitweb git-cvs
  git-mediawiki git-svn apache2 | lighttpd | httpd lrzip glibc-doc locales
  manpages-dev icu-doc ncurses-doc pkg-config llvm-14-doc keychain libpam-ssh
  monkeysphere ssh-askpass python3-doc python3-tk python-pygments-doc
  ttf-bitstream-vera python-setuptools-doc python3.10-doc
Recommended packages:
  manpages manpages-dev libc-devtools libnss-nis libnss-nisplus
The following NEW packages will be installed:
  binfmt-support clang clang-14 cmake cmake-data curl dh-elpa-helper
  emacsen-common git git-man icu-devtools javascript-common less lib32gcc-s1
  lib32stdc++6 libarchive13 libbrotli1 libbsd0 libc6-i386 libcbor0.8
  libclang-14-dev libclang-common-14-dev libclang-cpp14 libclang-dev
  libclang1-14 libcurl3-gnutls libcurl4 libedit2 liberror-perl libexpat1
  libexpat1-dev libffi-dev libfido2-1 libgc1 libicu-dev libicu70 libjs-jquery
  libjs-sphinxdoc libjs-underscore libjsoncpp25 libllvm14 libmd0 libmpdec3
  libncurses-dev libnghttp2-14 libobjc-11-dev libobjc4 libpfm4 libpipeline1
  libpsl5 libpython3-dev libpython3-stdlib libpython3.10 libpython3.10-dev
  libpython3.10-minimal libpython3.10-stdlib librhash0 librtmp1 libssh-4
  libtinfo-dev libuv1 libx11-6 libx11-data libxau6 libxcb1 libxdmcp6 libxext6
  libxml2 libxml2-dev libxmuu1 libyaml-0-2 libz3-4 libz3-dev llvm llvm-14
  llvm-14-dev llvm-14-linker-tools llvm-14-runtime llvm-14-tools llvm-dev
  llvm-runtime media-types ninja-build openssh-client publicsuffix python3
  python3-dev python3-distutils python3-lib2to3 python3-minimal python3-pip
  python3-pip-whl python3-pkg-resources python3-pygments python3-setuptools
  python3-setuptools-whl python3-venv python3-wheel python3-yaml python3.10
  python3.10-dev python3.10-minimal python3.10-venv wget xauth zlib1g-dev
The following packages will be upgraded:
  libc-dev-bin libc6 libc6-dev
3 upgraded, 106 newly installed, 0 to remove and 59 not upgraded.
Need to get 202 MB of archives.
After this operation, 1121 MB of additional disk space will be used.
Get:1 http://archive.ubuntu.com/ubuntu jammy-updates/main amd64 libc6-dev amd64 2.35-0ubuntu3.9 [2100 kB]
Get:2 http://archive.ubuntu.com/ubuntu jammy-updates/main amd64 libc-dev-bin amd64 2.35-0ubuntu3.9 [20.3 kB]
Get:3 http://archive.ubuntu.com/ubuntu jammy-updates/main amd64 libc6 amd64 2.35-0ubuntu3.9 [3235 kB]
Get:4 http://archive.ubuntu.com/ubuntu jammy-updates/main amd64 libpython3.10-minimal amd64 3.10.12-1~22.04.8 [815 kB]
Get:5 http://archive.ubuntu.com/ubuntu jammy-updates/main amd64 libexpat1 amd64 2.4.7-1ubuntu0.5 [91.5 kB]
Get:6 http://archive.ubuntu.com/ubuntu jammy-updates/main amd64 python3.10-minimal amd64 3.10.12-1~22.04.8 [2268 kB]
Get:7 http://archive.ubuntu.com/ubuntu jammy-updates/main amd64 python3-minimal amd64 3.10.6-1~22.04.1 [24.3 kB]
Get:8 http://archive.ubuntu.com/ubuntu jammy/main amd64 media-types all 7.0.0 [25.5 kB]
Get:9 http://archive.ubuntu.com/ubuntu jammy/main amd64 libmpdec3 amd64 2.5.1-2build2 [86.8 kB]
Get:10 http://archive.ubuntu.com/ubuntu jammy-updates/main amd64 libpython3.10-stdlib amd64 3.10.12-1~22.04.8 [1850 kB]
Get:11 http://archive.ubuntu.com/ubuntu jammy-updates/main amd64 python3.10 amd64 3.10.12-1~22.04.8 [508 kB]
Get:12 http://archive.ubuntu.com/ubuntu jammy-updates/main amd64 libpython3-stdlib amd64 3.10.6-1~22.04.1 [6812 B]
Get:13 http://archive.ubuntu.com/ubuntu jammy-updates/main amd64 python3 amd64 3.10.6-1~22.04.1 [22.8 kB]
Get:14 http://archive.ubuntu.com/ubuntu jammy-updates/main amd64 less amd64 590-1ubuntu0.22.04.3 [142 kB]
Get:15 http://archive.ubuntu.com/ubuntu jammy/main amd64 libmd0 amd64 1.0.4-1build1 [23.0 kB]
Get:16 http://archive.ubuntu.com/ubuntu jammy/main amd64 libbsd0 amd64 0.11.5-1 [44.8 kB]
Get:17 http://archive.ubuntu.com/ubuntu jammy/main amd64 libicu70 amd64 70.1-2 [10.6 MB]
Get:18 http://archive.ubuntu.com/ubuntu jammy-updates/main amd64 libxml2 amd64 2.9.13+dfsg-1ubuntu0.5 [763 kB]
Get:19 http://archive.ubuntu.com/ubuntu jammy/main amd64 libyaml-0-2 amd64 0.2.2-1build2 [51.6 kB]
Get:20 http://archive.ubuntu.com/ubuntu jammy-updates/main amd64 python3-pkg-resources all 59.6.0-1.2ubuntu0.22.04.2 [133 kB]
Get:21 http://archive.ubuntu.com/ubuntu jammy/main amd64 python3-yaml amd64 5.4.1-1ubuntu1 [129 kB]
Get:22 http://archive.ubuntu.com/ubuntu jammy/main amd64 libcbor0.8 amd64 0.8.0-2ubuntu1 [24.6 kB]
Get:23 http://archive.ubuntu.com/ubuntu jammy/main amd64 libedit2 amd64 3.1-20210910-1build1 [96.8 kB]
Get:24 http://archive.ubuntu.com/ubuntu jammy/main amd64 libfido2-1 amd64 1.10.0-1 [82.8 kB]
Get:25 http://archive.ubuntu.com/ubuntu jammy-updates/main amd64 libnghttp2-14 amd64 1.43.0-1ubuntu0.2 [76.9 kB]
Get:26 http://archive.ubuntu.com/ubuntu jammy/main amd64 libpipeline1 amd64 1.5.5-1 [23.5 kB]
Get:27 http://archive.ubuntu.com/ubuntu jammy/main amd64 libpsl5 amd64 0.21.0-1.2build2 [58.4 kB]
Get:28 http://archive.ubuntu.com/ubuntu jammy-updates/main amd64 libuv1 amd64 1.43.0-1ubuntu0.1 [92.7 kB]
Get:29 http://archive.ubuntu.com/ubuntu jammy/main amd64 libxau6 amd64 1:1.0.9-1build5 [7634 B]
Get:30 http://archive.ubuntu.com/ubuntu jammy/main amd64 libxdmcp6 amd64 1:1.1.3-0ubuntu5 [10.9 kB]
Get:31 http://archive.ubuntu.com/ubuntu jammy/main amd64 libxcb1 amd64 1.14-3ubuntu3 [49.0 kB]
Get:32 http://archive.ubuntu.com/ubuntu jammy-updates/main amd64 libx11-data all 2:1.7.5-1ubuntu0.3 [120 kB]
Get:33 http://archive.ubuntu.com/ubuntu jammy-updates/main amd64 libx11-6 amd64 2:1.7.5-1ubuntu0.3 [667 kB]
Get:34 http://archive.ubuntu.com/ubuntu jammy/main amd64 libxext6 amd64 2:1.3.4-1build1 [31.8 kB]
Get:35 http://archive.ubuntu.com/ubuntu jammy/main amd64 libxmuu1 amd64 2:1.1.3-3 [10.2 kB]
Get:36 http://archive.ubuntu.com/ubuntu jammy-updates/main amd64 openssh-client amd64 1:8.9p1-3ubuntu0.10 [906 kB]
Get:37 http://archive.ubuntu.com/ubuntu jammy/main amd64 publicsuffix all 20211207.1025-1 [129 kB]
Get:38 http://archive.ubuntu.com/ubuntu jammy-updates/main amd64 wget amd64 1.21.2-2ubuntu1.1 [339 kB]
Get:39 http://archive.ubuntu.com/ubuntu jammy/main amd64 xauth amd64 1:1.1-1build2 [27.5 kB]
Get:40 http://archive.ubuntu.com/ubuntu jammy/main amd64 binfmt-support amd64 2.2.1-2 [55.8 kB]
Get:41 http://archive.ubuntu.com/ubuntu jammy-updates/main amd64 libllvm14 amd64 1:14.0.0-1ubuntu1.1 [24.0 MB]
Get:42 http://archive.ubuntu.com/ubuntu jammy-updates/universe amd64 libclang-cpp14 amd64 1:14.0.0-1ubuntu1.1 [12.1 MB]
Get:43 http://archive.ubuntu.com/ubuntu jammy/main amd64 libgc1 amd64 1:8.0.6-1.1build1 [96.8 kB]
Get:44 http://archive.ubuntu.com/ubuntu jammy-updates/universe amd64 libobjc4 amd64 12.3.0-1ubuntu1~22.04 [48.6 kB]
Get:45 http://archive.ubuntu.com/ubuntu jammy-updates/universe amd64 libobjc-11-dev amd64 11.4.0-1ubuntu1~22.04 [196 kB]
Get:46 http://archive.ubuntu.com/ubuntu jammy-updates/main amd64 libc6-i386 amd64 2.35-0ubuntu3.9 [2838 kB]
Get:47 http://archive.ubuntu.com/ubuntu jammy-updates/main amd64 lib32gcc-s1 amd64 12.3.0-1ubuntu1~22.04 [63.9 kB]
Get:48 http://archive.ubuntu.com/ubuntu jammy-updates/main amd64 lib32stdc++6 amd64 12.3.0-1ubuntu1~22.04 [740 kB]
Get:49 http://archive.ubuntu.com/ubuntu jammy-updates/universe amd64 libclang-common-14-dev amd64 1:14.0.0-1ubuntu1.1 [5975 kB]
Get:50 http://archive.ubuntu.com/ubuntu jammy-updates/universe amd64 llvm-14-linker-tools amd64 1:14.0.0-1ubuntu1.1 [1355 kB]
Get:51 http://archive.ubuntu.com/ubuntu jammy-updates/universe amd64 libclang1-14 amd64 1:14.0.0-1ubuntu1.1 [6792 kB]
Get:52 http://archive.ubuntu.com/ubuntu jammy-updates/universe amd64 clang-14 amd64 1:14.0.0-1ubuntu1.1 [81.2 kB]
Get:53 http://archive.ubuntu.com/ubuntu jammy/universe amd64 clang amd64 1:14.0-55~exp2 [3558 B]
Get:54 http://archive.ubuntu.com/ubuntu jammy-updates/main amd64 libarchive13 amd64 3.6.0-1ubuntu1.3 [369 kB]
Get:55 http://archive.ubuntu.com/ubuntu jammy/main amd64 libbrotli1 amd64 1.0.9-2build6 [315 kB]
Get:56 http://archive.ubuntu.com/ubuntu jammy/main amd64 librtmp1 amd64 2.4+20151223.gitfa8646d.1-2build4 [58.2 kB]
Get:57 http://archive.ubuntu.com/ubuntu jammy-updates/main amd64 libssh-4 amd64 0.9.6-2ubuntu0.22.04.3 [186 kB]
Get:58 http://archive.ubuntu.com/ubuntu jammy-updates/main amd64 libcurl4 amd64 7.81.0-1ubuntu1.20 [289 kB]
Get:59 http://archive.ubuntu.com/ubuntu jammy/main amd64 libjsoncpp25 amd64 1.9.5-3 [80.0 kB]
Get:60 http://archive.ubuntu.com/ubuntu jammy/main amd64 librhash0 amd64 1.4.2-1ubuntu1 [125 kB]
Get:61 http://archive.ubuntu.com/ubuntu jammy/main amd64 dh-elpa-helper all 2.0.9ubuntu1 [7610 B]
Get:62 http://archive.ubuntu.com/ubuntu jammy/main amd64 emacsen-common all 3.0.4 [14.9 kB]
Get:63 http://archive.ubuntu.com/ubuntu jammy-updates/main amd64 cmake-data all 3.22.1-1ubuntu1.22.04.2 [1913 kB]
Get:64 http://archive.ubuntu.com/ubuntu jammy-updates/main amd64 cmake amd64 3.22.1-1ubuntu1.22.04.2 [5010 kB]
Get:65 http://archive.ubuntu.com/ubuntu jammy-updates/main amd64 curl amd64 7.81.0-1ubuntu1.20 [194 kB]
Get:66 http://archive.ubuntu.com/ubuntu jammy-updates/main amd64 libcurl3-gnutls amd64 7.81.0-1ubuntu1.20 [284 kB]
Get:67 http://archive.ubuntu.com/ubuntu jammy/main amd64 liberror-perl all 0.17029-1 [26.5 kB]
Get:68 http://archive.ubuntu.com/ubuntu jammy-updates/main amd64 git-man all 1:2.34.1-1ubuntu1.12 [955 kB]
Get:69 http://archive.ubuntu.com/ubuntu jammy-updates/main amd64 git amd64 1:2.34.1-1ubuntu1.12 [3165 kB]
Get:70 http://archive.ubuntu.com/ubuntu jammy/main amd64 icu-devtools amd64 70.1-2 [197 kB]
Get:71 http://archive.ubuntu.com/ubuntu jammy/main amd64 javascript-common all 11+nmu1 [5936 B]
Get:72 http://archive.ubuntu.com/ubuntu jammy-updates/universe amd64 libclang-14-dev amd64 1:14.0.0-1ubuntu1.1 [25.2 MB]
Get:73 http://archive.ubuntu.com/ubuntu jammy/universe amd64 libclang-dev amd64 1:14.0-55~exp2 [3138 B]
Get:74 http://archive.ubuntu.com/ubuntu jammy-updates/main amd64 libexpat1-dev amd64 2.4.7-1ubuntu0.5 [147 kB]
Get:75 http://archive.ubuntu.com/ubuntu jammy/main amd64 libicu-dev amd64 70.1-2 [11.6 MB]
Get:76 http://archive.ubuntu.com/ubuntu jammy/main amd64 libjs-jquery all 3.6.0+dfsg+~3.5.13-1 [321 kB]
Get:77 http://archive.ubuntu.com/ubuntu jammy/main amd64 libjs-underscore all 1.13.2~dfsg-2 [118 kB]
Get:78 http://archive.ubuntu.com/ubuntu jammy/main amd64 libjs-sphinxdoc all 4.3.2-1 [139 kB]
Get:79 http://archive.ubuntu.com/ubuntu jammy-updates/main amd64 libncurses-dev amd64 6.3-2ubuntu0.1 [381 kB]
Get:80 http://archive.ubuntu.com/ubuntu jammy-updates/main amd64 libpython3.10 amd64 3.10.12-1~22.04.8 [1949 kB]
Get:81 http://archive.ubuntu.com/ubuntu jammy-updates/main amd64 zlib1g-dev amd64 1:1.2.11.dfsg-2ubuntu9.2 [164 kB]
Get:82 http://archive.ubuntu.com/ubuntu jammy-updates/main amd64 libpython3.10-dev amd64 3.10.12-1~22.04.8 [4762 kB]
Get:83 http://archive.ubuntu.com/ubuntu jammy-updates/main amd64 libpython3-dev amd64 3.10.6-1~22.04.1 [7064 B]
Get:84 http://archive.ubuntu.com/ubuntu jammy-updates/main amd64 libtinfo-dev amd64 6.3-2ubuntu0.1 [780 B]
Get:85 http://archive.ubuntu.com/ubuntu jammy-updates/main amd64 libxml2-dev amd64 2.9.13+dfsg-1ubuntu0.5 [804 kB]
Get:86 http://archive.ubuntu.com/ubuntu jammy-updates/universe amd64 llvm-14-runtime amd64 1:14.0.0-1ubuntu1.1 [484 kB]
Get:87 http://archive.ubuntu.com/ubuntu jammy/universe amd64 llvm-runtime amd64 1:14.0-55~exp2 [3204 B]
Get:88 http://archive.ubuntu.com/ubuntu jammy-updates/main amd64 libpfm4 amd64 4.11.1+git32-gd0b85fb-1ubuntu0.1 [345 kB]
Get:89 http://archive.ubuntu.com/ubuntu jammy-updates/universe amd64 llvm-14 amd64 1:14.0.0-1ubuntu1.1 [12.7 MB]
Get:90 http://archive.ubuntu.com/ubuntu jammy/universe amd64 llvm amd64 1:14.0-55~exp2 [3758 B]
Get:91 http://archive.ubuntu.com/ubuntu jammy/main amd64 libffi-dev amd64 3.4.2-4 [63.7 kB]
Get:92 http://archive.ubuntu.com/ubuntu jammy-updates/main amd64 python3-pygments all 2.11.2+dfsg-2ubuntu0.1 [750 kB]
Get:93 http://archive.ubuntu.com/ubuntu jammy-updates/universe amd64 llvm-14-tools amd64 1:14.0.0-1ubuntu1.1 [404 kB]
Get:94 http://archive.ubuntu.com/ubuntu jammy/universe amd64 libz3-4 amd64 4.8.12-1 [5766 kB]
Get:95 http://archive.ubuntu.com/ubuntu jammy/universe amd64 libz3-dev amd64 4.8.12-1 [72.2 kB]
Get:96 http://archive.ubuntu.com/ubuntu jammy-updates/universe amd64 llvm-14-dev amd64 1:14.0.0-1ubuntu1.1 [37.8 MB]
Get:97 http://archive.ubuntu.com/ubuntu jammy/universe amd64 llvm-dev amd64 1:14.0-55~exp2 [1656 B]
Get:98 http://archive.ubuntu.com/ubuntu jammy/universe amd64 ninja-build amd64 1.10.1-1 [111 kB]
Get:99 http://archive.ubuntu.com/ubuntu jammy-updates/main amd64 python3.10-dev amd64 3.10.12-1~22.04.8 [508 kB]
Get:100 http://archive.ubuntu.com/ubuntu jammy-updates/main amd64 python3-lib2to3 all 3.10.8-1~22.04 [77.6 kB]
Get:101 http://archive.ubuntu.com/ubuntu jammy-updates/main amd64 python3-distutils all 3.10.8-1~22.04 [139 kB]
Get:102 http://archive.ubuntu.com/ubuntu jammy-updates/main amd64 python3-dev amd64 3.10.6-1~22.04.1 [26.0 kB]
Get:103 http://archive.ubuntu.com/ubuntu jammy-updates/main amd64 python3-setuptools all 59.6.0-1.2ubuntu0.22.04.2 [340 kB]
Get:104 http://archive.ubuntu.com/ubuntu jammy-updates/universe amd64 python3-wheel all 0.37.1-2ubuntu0.22.04.1 [32.0 kB]
Get:105 http://archive.ubuntu.com/ubuntu jammy-updates/universe amd64 python3-pip all 22.0.2+dfsg-1ubuntu0.5 [1306 kB]
Get:106 http://archive.ubuntu.com/ubuntu jammy-updates/universe amd64 python3-pip-whl all 22.0.2+dfsg-1ubuntu0.5 [1680 kB]
Get:107 http://archive.ubuntu.com/ubuntu jammy-updates/universe amd64 python3-setuptools-whl all 59.6.0-1.2ubuntu0.22.04.2 [788 kB]
Get:108 http://archive.ubuntu.com/ubuntu jammy-updates/universe amd64 python3.10-venv amd64 3.10.12-1~22.04.8 [5722 B]
Get:109 http://archive.ubuntu.com/ubuntu jammy-updates/universe amd64 python3-venv amd64 3.10.6-1~22.04.1 [1042 B]
debconf: delaying package configuration, since apt-utils is not installed
Fetched 202 MB in 4s (52.6 MB/s)
(Reading database ... (Reading database ... 5%(Reading database ... 10%(Reading database ... 15%(Reading database ... 20%(Reading database ... 25%(Reading database ... 30%(Reading database ... 35%(Reading database ... 40%(Reading database ... 45%(Reading database ... 50%(Reading database ... 55%(Reading database ... 60%(Reading database ... 65%(Reading database ... 70%(Reading database ... 75%(Reading database ... 80%(Reading database ... 85%(Reading database ... 90%(Reading database ... 95%(Reading database ... 100%(Reading database ... 14284 files and directories currently installed.)
Preparing to unpack .../libc6-dev_2.35-0ubuntu3.9_amd64.deb ...
Unpacking libc6-dev:amd64 (2.35-0ubuntu3.9) over (2.35-0ubuntu3.4) ...
Preparing to unpack .../libc-dev-bin_2.35-0ubuntu3.9_amd64.deb ...
Unpacking libc-dev-bin (2.35-0ubuntu3.9) over (2.35-0ubuntu3.4) ...
Preparing to unpack .../libc6_2.35-0ubuntu3.9_amd64.deb ...
debconf: unable to initialize frontend: Dialog
debconf: (No usable dialog-like program is installed, so the dialog based frontend cannot be used. at /usr/share/perl5/Debconf/FrontEnd/Dialog.pm line 78.)
debconf: falling back to frontend: Readline
Unpacking libc6:amd64 (2.35-0ubuntu3.9) over (2.35-0ubuntu3.4) ...
Setting up libc6:amd64 (2.35-0ubuntu3.9) ...
debconf: unable to initialize frontend: Dialog
debconf: (No usable dialog-like program is installed, so the dialog based frontend cannot be used. at /usr/share/perl5/Debconf/FrontEnd/Dialog.pm line 78.)
debconf: falling back to frontend: Readline
Selecting previously unselected package libpython3.10-minimal:amd64.
(Reading database ... (Reading database ... 5%(Reading database ... 10%(Reading database ... 15%(Reading database ... 20%(Reading database ... 25%(Reading database ... 30%(Reading database ... 35%(Reading database ... 40%(Reading database ... 45%(Reading database ... 50%(Reading database ... 55%(Reading database ... 60%(Reading database ... 65%(Reading database ... 70%(Reading database ... 75%(Reading database ... 80%(Reading database ... 85%(Reading database ... 90%(Reading database ... 95%(Reading database ... 100%(Reading database ... 14284 files and directories currently installed.)
Preparing to unpack .../libpython3.10-minimal_3.10.12-1~22.04.8_amd64.deb ...
Unpacking libpython3.10-minimal:amd64 (3.10.12-1~22.04.8) ...
Selecting previously unselected package libexpat1:amd64.
Preparing to unpack .../libexpat1_2.4.7-1ubuntu0.5_amd64.deb ...
Unpacking libexpat1:amd64 (2.4.7-1ubuntu0.5) ...
Selecting previously unselected package python3.10-minimal.
Preparing to unpack .../python3.10-minimal_3.10.12-1~22.04.8_amd64.deb ...
Unpacking python3.10-minimal (3.10.12-1~22.04.8) ...
Setting up libpython3.10-minimal:amd64 (3.10.12-1~22.04.8) ...
Setting up libexpat1:amd64 (2.4.7-1ubuntu0.5) ...
Setting up python3.10-minimal (3.10.12-1~22.04.8) ...
Selecting previously unselected package python3-minimal.
(Reading database ... (Reading database ... 5%(Reading database ... 10%(Reading database ... 15%(Reading database ... 20%(Reading database ... 25%(Reading database ... 30%(Reading database ... 35%(Reading database ... 40%(Reading database ... 45%(Reading database ... 50%(Reading database ... 55%(Reading database ... 60%(Reading database ... 65%(Reading database ... 70%(Reading database ... 75%(Reading database ... 80%(Reading database ... 85%(Reading database ... 90%(Reading database ... 95%(Reading database ... 100%(Reading database ... 14588 files and directories currently installed.)
Preparing to unpack .../0-python3-minimal_3.10.6-1~22.04.1_amd64.deb ...
Unpacking python3-minimal (3.10.6-1~22.04.1) ...
Selecting previously unselected package media-types.
Preparing to unpack .../1-media-types_7.0.0_all.deb ...
Unpacking media-types (7.0.0) ...
Selecting previously unselected package libmpdec3:amd64.
Preparing to unpack .../2-libmpdec3_2.5.1-2build2_amd64.deb ...
Unpacking libmpdec3:amd64 (2.5.1-2build2) ...
Selecting previously unselected package libpython3.10-stdlib:amd64.
Preparing to unpack .../3-libpython3.10-stdlib_3.10.12-1~22.04.8_amd64.deb ...
Unpacking libpython3.10-stdlib:amd64 (3.10.12-1~22.04.8) ...
Selecting previously unselected package python3.10.
Preparing to unpack .../4-python3.10_3.10.12-1~22.04.8_amd64.deb ...
Unpacking python3.10 (3.10.12-1~22.04.8) ...
Selecting previously unselected package libpython3-stdlib:amd64.
Preparing to unpack .../5-libpython3-stdlib_3.10.6-1~22.04.1_amd64.deb ...
Unpacking libpython3-stdlib:amd64 (3.10.6-1~22.04.1) ...
Setting up python3-minimal (3.10.6-1~22.04.1) ...
Selecting previously unselected package python3.
(Reading database ... (Reading database ... 5%(Reading database ... 10%(Reading database ... 15%(Reading database ... 20%(Reading database ... 25%(Reading database ... 30%(Reading database ... 35%(Reading database ... 40%(Reading database ... 45%(Reading database ... 50%(Reading database ... 55%(Reading database ... 60%(Reading database ... 65%(Reading database ... 70%(Reading database ... 75%(Reading database ... 80%(Reading database ... 85%(Reading database ... 90%(Reading database ... 95%(Reading database ... 100%(Reading database ... 14989 files and directories currently installed.)
Preparing to unpack .../00-python3_3.10.6-1~22.04.1_amd64.deb ...
Unpacking python3 (3.10.6-1~22.04.1) ...
Selecting previously unselected package less.
Preparing to unpack .../01-less_590-1ubuntu0.22.04.3_amd64.deb ...
Unpacking less (590-1ubuntu0.22.04.3) ...
Selecting previously unselected package libmd0:amd64.
Preparing to unpack .../02-libmd0_1.0.4-1build1_amd64.deb ...
Unpacking libmd0:amd64 (1.0.4-1build1) ...
Selecting previously unselected package libbsd0:amd64.
Preparing to unpack .../03-libbsd0_0.11.5-1_amd64.deb ...
Unpacking libbsd0:amd64 (0.11.5-1) ...
Selecting previously unselected package libicu70:amd64.
Preparing to unpack .../04-libicu70_70.1-2_amd64.deb ...
Unpacking libicu70:amd64 (70.1-2) ...
Selecting previously unselected package libxml2:amd64.
Preparing to unpack .../05-libxml2_2.9.13+dfsg-1ubuntu0.5_amd64.deb ...
Unpacking libxml2:amd64 (2.9.13+dfsg-1ubuntu0.5) ...
Selecting previously unselected package libyaml-0-2:amd64.
Preparing to unpack .../06-libyaml-0-2_0.2.2-1build2_amd64.deb ...
Unpacking libyaml-0-2:amd64 (0.2.2-1build2) ...
Selecting previously unselected package python3-pkg-resources.
Preparing to unpack .../07-python3-pkg-resources_59.6.0-1.2ubuntu0.22.04.2_all.deb ...
Unpacking python3-pkg-resources (59.6.0-1.2ubuntu0.22.04.2) ...
Selecting previously unselected package python3-yaml.
Preparing to unpack .../08-python3-yaml_5.4.1-1ubuntu1_amd64.deb ...
Unpacking python3-yaml (5.4.1-1ubuntu1) ...
Selecting previously unselected package libcbor0.8:amd64.
Preparing to unpack .../09-libcbor0.8_0.8.0-2ubuntu1_amd64.deb ...
Unpacking libcbor0.8:amd64 (0.8.0-2ubuntu1) ...
Selecting previously unselected package libedit2:amd64.
Preparing to unpack .../10-libedit2_3.1-20210910-1build1_amd64.deb ...
Unpacking libedit2:amd64 (3.1-20210910-1build1) ...
Selecting previously unselected package libfido2-1:amd64.
Preparing to unpack .../11-libfido2-1_1.10.0-1_amd64.deb ...
Unpacking libfido2-1:amd64 (1.10.0-1) ...
Selecting previously unselected package libnghttp2-14:amd64.
Preparing to unpack .../12-libnghttp2-14_1.43.0-1ubuntu0.2_amd64.deb ...
Unpacking libnghttp2-14:amd64 (1.43.0-1ubuntu0.2) ...
Selecting previously unselected package libpipeline1:amd64.
Preparing to unpack .../13-libpipeline1_1.5.5-1_amd64.deb ...
Unpacking libpipeline1:amd64 (1.5.5-1) ...
Selecting previously unselected package libpsl5:amd64.
Preparing to unpack .../14-libpsl5_0.21.0-1.2build2_amd64.deb ...
Unpacking libpsl5:amd64 (0.21.0-1.2build2) ...
Selecting previously unselected package libuv1:amd64.
Preparing to unpack .../15-libuv1_1.43.0-1ubuntu0.1_amd64.deb ...
Unpacking libuv1:amd64 (1.43.0-1ubuntu0.1) ...
Selecting previously unselected package libxau6:amd64.
Preparing to unpack .../16-libxau6_1%3a1.0.9-1build5_amd64.deb ...
Unpacking libxau6:amd64 (1:1.0.9-1build5) ...
Selecting previously unselected package libxdmcp6:amd64.
Preparing to unpack .../17-libxdmcp6_1%3a1.1.3-0ubuntu5_amd64.deb ...
Unpacking libxdmcp6:amd64 (1:1.1.3-0ubuntu5) ...
Selecting previously unselected package libxcb1:amd64.
Preparing to unpack .../18-libxcb1_1.14-3ubuntu3_amd64.deb ...
Unpacking libxcb1:amd64 (1.14-3ubuntu3) ...
Selecting previously unselected package libx11-data.
Preparing to unpack .../19-libx11-data_2%3a1.7.5-1ubuntu0.3_all.deb ...
Unpacking libx11-data (2:1.7.5-1ubuntu0.3) ...
Selecting previously unselected package libx11-6:amd64.
Preparing to unpack .../20-libx11-6_2%3a1.7.5-1ubuntu0.3_amd64.deb ...
Unpacking libx11-6:amd64 (2:1.7.5-1ubuntu0.3) ...
Selecting previously unselected package libxext6:amd64.
Preparing to unpack .../21-libxext6_2%3a1.3.4-1build1_amd64.deb ...
Unpacking libxext6:amd64 (2:1.3.4-1build1) ...
Selecting previously unselected package libxmuu1:amd64.
Preparing to unpack .../22-libxmuu1_2%3a1.1.3-3_amd64.deb ...
Unpacking libxmuu1:amd64 (2:1.1.3-3) ...
Selecting previously unselected package openssh-client.
Preparing to unpack .../23-openssh-client_1%3a8.9p1-3ubuntu0.10_amd64.deb ...
Unpacking openssh-client (1:8.9p1-3ubuntu0.10) ...
Selecting previously unselected package publicsuffix.
Preparing to unpack .../24-publicsuffix_20211207.1025-1_all.deb ...
Unpacking publicsuffix (20211207.1025-1) ...
Selecting previously unselected package wget.
Preparing to unpack .../25-wget_1.21.2-2ubuntu1.1_amd64.deb ...
Unpacking wget (1.21.2-2ubuntu1.1) ...
Selecting previously unselected package xauth.
Preparing to unpack .../26-xauth_1%3a1.1-1build2_amd64.deb ...
Unpacking xauth (1:1.1-1build2) ...
Selecting previously unselected package binfmt-support.
Preparing to unpack .../27-binfmt-support_2.2.1-2_amd64.deb ...
Unpacking binfmt-support (2.2.1-2) ...
Selecting previously unselected package libllvm14:amd64.
Preparing to unpack .../28-libllvm14_1%3a14.0.0-1ubuntu1.1_amd64.deb ...
Unpacking libllvm14:amd64 (1:14.0.0-1ubuntu1.1) ...
Selecting previously unselected package libclang-cpp14.
Preparing to unpack .../29-libclang-cpp14_1%3a14.0.0-1ubuntu1.1_amd64.deb ...
Unpacking libclang-cpp14 (1:14.0.0-1ubuntu1.1) ...
Selecting previously unselected package libgc1:amd64.
Preparing to unpack .../30-libgc1_1%3a8.0.6-1.1build1_amd64.deb ...
Unpacking libgc1:amd64 (1:8.0.6-1.1build1) ...
Selecting previously unselected package libobjc4:amd64.
Preparing to unpack .../31-libobjc4_12.3.0-1ubuntu1~22.04_amd64.deb ...
Unpacking libobjc4:amd64 (12.3.0-1ubuntu1~22.04) ...
Selecting previously unselected package libobjc-11-dev:amd64.
Preparing to unpack .../32-libobjc-11-dev_11.4.0-1ubuntu1~22.04_amd64.deb ...
Unpacking libobjc-11-dev:amd64 (11.4.0-1ubuntu1~22.04) ...
Selecting previously unselected package libc6-i386.
Preparing to unpack .../33-libc6-i386_2.35-0ubuntu3.9_amd64.deb ...
Unpacking libc6-i386 (2.35-0ubuntu3.9) ...
Selecting previously unselected package lib32gcc-s1.
Preparing to unpack .../34-lib32gcc-s1_12.3.0-1ubuntu1~22.04_amd64.deb ...
Unpacking lib32gcc-s1 (12.3.0-1ubuntu1~22.04) ...
Selecting previously unselected package lib32stdc++6.
Preparing to unpack .../35-lib32stdc++6_12.3.0-1ubuntu1~22.04_amd64.deb ...
Unpacking lib32stdc++6 (12.3.0-1ubuntu1~22.04) ...
Selecting previously unselected package libclang-common-14-dev.
Preparing to unpack .../36-libclang-common-14-dev_1%3a14.0.0-1ubuntu1.1_amd64.deb ...
Unpacking libclang-common-14-dev (1:14.0.0-1ubuntu1.1) ...
Selecting previously unselected package llvm-14-linker-tools.
Preparing to unpack .../37-llvm-14-linker-tools_1%3a14.0.0-1ubuntu1.1_amd64.deb ...
Unpacking llvm-14-linker-tools (1:14.0.0-1ubuntu1.1) ...
Selecting previously unselected package libclang1-14.
Preparing to unpack .../38-libclang1-14_1%3a14.0.0-1ubuntu1.1_amd64.deb ...
Unpacking libclang1-14 (1:14.0.0-1ubuntu1.1) ...
Selecting previously unselected package clang-14.
Preparing to unpack .../39-clang-14_1%3a14.0.0-1ubuntu1.1_amd64.deb ...
Unpacking clang-14 (1:14.0.0-1ubuntu1.1) ...
Selecting previously unselected package clang.
Preparing to unpack .../40-clang_1%3a14.0-55~exp2_amd64.deb ...
Unpacking clang (1:14.0-55~exp2) ...
Selecting previously unselected package libarchive13:amd64.
Preparing to unpack .../41-libarchive13_3.6.0-1ubuntu1.3_amd64.deb ...
Unpacking libarchive13:amd64 (3.6.0-1ubuntu1.3) ...
Selecting previously unselected package libbrotli1:amd64.
Preparing to unpack .../42-libbrotli1_1.0.9-2build6_amd64.deb ...
Unpacking libbrotli1:amd64 (1.0.9-2build6) ...
Selecting previously unselected package librtmp1:amd64.
Preparing to unpack .../43-librtmp1_2.4+20151223.gitfa8646d.1-2build4_amd64.deb ...
Unpacking librtmp1:amd64 (2.4+20151223.gitfa8646d.1-2build4) ...
Selecting previously unselected package libssh-4:amd64.
Preparing to unpack .../44-libssh-4_0.9.6-2ubuntu0.22.04.3_amd64.deb ...
Unpacking libssh-4:amd64 (0.9.6-2ubuntu0.22.04.3) ...
Selecting previously unselected package libcurl4:amd64.
Preparing to unpack .../45-libcurl4_7.81.0-1ubuntu1.20_amd64.deb ...
Unpacking libcurl4:amd64 (7.81.0-1ubuntu1.20) ...
Selecting previously unselected package libjsoncpp25:amd64.
Preparing to unpack .../46-libjsoncpp25_1.9.5-3_amd64.deb ...
Unpacking libjsoncpp25:amd64 (1.9.5-3) ...
Selecting previously unselected package librhash0:amd64.
Preparing to unpack .../47-librhash0_1.4.2-1ubuntu1_amd64.deb ...
Unpacking librhash0:amd64 (1.4.2-1ubuntu1) ...
Selecting previously unselected package dh-elpa-helper.
Preparing to unpack .../48-dh-elpa-helper_2.0.9ubuntu1_all.deb ...
Unpacking dh-elpa-helper (2.0.9ubuntu1) ...
Selecting previously unselected package emacsen-common.
Preparing to unpack .../49-emacsen-common_3.0.4_all.deb ...
Unpacking emacsen-common (3.0.4) ...
Selecting previously unselected package cmake-data.
Preparing to unpack .../50-cmake-data_3.22.1-1ubuntu1.22.04.2_all.deb ...
Unpacking cmake-data (3.22.1-1ubuntu1.22.04.2) ...
Selecting previously unselected package cmake.
Preparing to unpack .../51-cmake_3.22.1-1ubuntu1.22.04.2_amd64.deb ...
Unpacking cmake (3.22.1-1ubuntu1.22.04.2) ...
Selecting previously unselected package curl.
Preparing to unpack .../52-curl_7.81.0-1ubuntu1.20_amd64.deb ...
Unpacking curl (7.81.0-1ubuntu1.20) ...
Selecting previously unselected package libcurl3-gnutls:amd64.
Preparing to unpack .../53-libcurl3-gnutls_7.81.0-1ubuntu1.20_amd64.deb ...
Unpacking libcurl3-gnutls:amd64 (7.81.0-1ubuntu1.20) ...
Selecting previously unselected package liberror-perl.
Preparing to unpack .../54-liberror-perl_0.17029-1_all.deb ...
Unpacking liberror-perl (0.17029-1) ...
Selecting previously unselected package git-man.
Preparing to unpack .../55-git-man_1%3a2.34.1-1ubuntu1.12_all.deb ...
Unpacking git-man (1:2.34.1-1ubuntu1.12) ...
Selecting previously unselected package git.
Preparing to unpack .../56-git_1%3a2.34.1-1ubuntu1.12_amd64.deb ...
Unpacking git (1:2.34.1-1ubuntu1.12) ...
Selecting previously unselected package icu-devtools.
Preparing to unpack .../57-icu-devtools_70.1-2_amd64.deb ...
Unpacking icu-devtools (70.1-2) ...
Selecting previously unselected package javascript-common.
Preparing to unpack .../58-javascript-common_11+nmu1_all.deb ...
Unpacking javascript-common (11+nmu1) ...
Selecting previously unselected package libclang-14-dev.
Preparing to unpack .../59-libclang-14-dev_1%3a14.0.0-1ubuntu1.1_amd64.deb ...
Unpacking libclang-14-dev (1:14.0.0-1ubuntu1.1) ...
Selecting previously unselected package libclang-dev.
Preparing to unpack .../60-libclang-dev_1%3a14.0-55~exp2_amd64.deb ...
Unpacking libclang-dev (1:14.0-55~exp2) ...
Selecting previously unselected package libexpat1-dev:amd64.
Preparing to unpack .../61-libexpat1-dev_2.4.7-1ubuntu0.5_amd64.deb ...
Unpacking libexpat1-dev:amd64 (2.4.7-1ubuntu0.5) ...
Selecting previously unselected package libicu-dev:amd64.
Preparing to unpack .../62-libicu-dev_70.1-2_amd64.deb ...
Unpacking libicu-dev:amd64 (70.1-2) ...
Selecting previously unselected package libjs-jquery.
Preparing to unpack .../63-libjs-jquery_3.6.0+dfsg+~3.5.13-1_all.deb ...
Unpacking libjs-jquery (3.6.0+dfsg+~3.5.13-1) ...
Selecting previously unselected package libjs-underscore.
Preparing to unpack .../64-libjs-underscore_1.13.2~dfsg-2_all.deb ...
Unpacking libjs-underscore (1.13.2~dfsg-2) ...
Selecting previously unselected package libjs-sphinxdoc.
Preparing to unpack .../65-libjs-sphinxdoc_4.3.2-1_all.deb ...
Unpacking libjs-sphinxdoc (4.3.2-1) ...
Selecting previously unselected package libncurses-dev:amd64.
Preparing to unpack .../66-libncurses-dev_6.3-2ubuntu0.1_amd64.deb ...
Unpacking libncurses-dev:amd64 (6.3-2ubuntu0.1) ...
Selecting previously unselected package libpython3.10:amd64.
Preparing to unpack .../67-libpython3.10_3.10.12-1~22.04.8_amd64.deb ...
Unpacking libpython3.10:amd64 (3.10.12-1~22.04.8) ...
Selecting previously unselected package zlib1g-dev:amd64.
Preparing to unpack .../68-zlib1g-dev_1%3a1.2.11.dfsg-2ubuntu9.2_amd64.deb ...
Unpacking zlib1g-dev:amd64 (1:1.2.11.dfsg-2ubuntu9.2) ...
Selecting previously unselected package libpython3.10-dev:amd64.
Preparing to unpack .../69-libpython3.10-dev_3.10.12-1~22.04.8_amd64.deb ...
Unpacking libpython3.10-dev:amd64 (3.10.12-1~22.04.8) ...
Selecting previously unselected package libpython3-dev:amd64.
Preparing to unpack .../70-libpython3-dev_3.10.6-1~22.04.1_amd64.deb ...
Unpacking libpython3-dev:amd64 (3.10.6-1~22.04.1) ...
Selecting previously unselected package libtinfo-dev:amd64.
Preparing to unpack .../71-libtinfo-dev_6.3-2ubuntu0.1_amd64.deb ...
Unpacking libtinfo-dev:amd64 (6.3-2ubuntu0.1) ...
Selecting previously unselected package libxml2-dev:amd64.
Preparing to unpack .../72-libxml2-dev_2.9.13+dfsg-1ubuntu0.5_amd64.deb ...
Unpacking libxml2-dev:amd64 (2.9.13+dfsg-1ubuntu0.5) ...
Selecting previously unselected package llvm-14-runtime.
Preparing to unpack .../73-llvm-14-runtime_1%3a14.0.0-1ubuntu1.1_amd64.deb ...
Unpacking llvm-14-runtime (1:14.0.0-1ubuntu1.1) ...
Selecting previously unselected package llvm-runtime:amd64.
Preparing to unpack .../74-llvm-runtime_1%3a14.0-55~exp2_amd64.deb ...
Unpacking llvm-runtime:amd64 (1:14.0-55~exp2) ...
Selecting previously unselected package libpfm4:amd64.
Preparing to unpack .../75-libpfm4_4.11.1+git32-gd0b85fb-1ubuntu0.1_amd64.deb ...
Unpacking libpfm4:amd64 (4.11.1+git32-gd0b85fb-1ubuntu0.1) ...
Selecting previously unselected package llvm-14.
Preparing to unpack .../76-llvm-14_1%3a14.0.0-1ubuntu1.1_amd64.deb ...
Unpacking llvm-14 (1:14.0.0-1ubuntu1.1) ...
Selecting previously unselected package llvm.
Preparing to unpack .../77-llvm_1%3a14.0-55~exp2_amd64.deb ...
Unpacking llvm (1:14.0-55~exp2) ...
Selecting previously unselected package libffi-dev:amd64.
Preparing to unpack .../78-libffi-dev_3.4.2-4_amd64.deb ...
Unpacking libffi-dev:amd64 (3.4.2-4) ...
Selecting previously unselected package python3-pygments.
Preparing to unpack .../79-python3-pygments_2.11.2+dfsg-2ubuntu0.1_all.deb ...
Unpacking python3-pygments (2.11.2+dfsg-2ubuntu0.1) ...
Selecting previously unselected package llvm-14-tools.
Preparing to unpack .../80-llvm-14-tools_1%3a14.0.0-1ubuntu1.1_amd64.deb ...
Unpacking llvm-14-tools (1:14.0.0-1ubuntu1.1) ...
Selecting previously unselected package libz3-4:amd64.
Preparing to unpack .../81-libz3-4_4.8.12-1_amd64.deb ...
Unpacking libz3-4:amd64 (4.8.12-1) ...
Selecting previously unselected package libz3-dev:amd64.
Preparing to unpack .../82-libz3-dev_4.8.12-1_amd64.deb ...
Unpacking libz3-dev:amd64 (4.8.12-1) ...
Selecting previously unselected package llvm-14-dev.
Preparing to unpack .../83-llvm-14-dev_1%3a14.0.0-1ubuntu1.1_amd64.deb ...
Unpacking llvm-14-dev (1:14.0.0-1ubuntu1.1) ...
Selecting previously unselected package llvm-dev.
Preparing to unpack .../84-llvm-dev_1%3a14.0-55~exp2_amd64.deb ...
Unpacking llvm-dev (1:14.0-55~exp2) ...
Selecting previously unselected package ninja-build.
Preparing to unpack .../85-ninja-build_1.10.1-1_amd64.deb ...
Unpacking ninja-build (1.10.1-1) ...
Selecting previously unselected package python3.10-dev.
Preparing to unpack .../86-python3.10-dev_3.10.12-1~22.04.8_amd64.deb ...
Unpacking python3.10-dev (3.10.12-1~22.04.8) ...
Selecting previously unselected package python3-lib2to3.
Preparing to unpack .../87-python3-lib2to3_3.10.8-1~22.04_all.deb ...
Unpacking python3-lib2to3 (3.10.8-1~22.04) ...
Selecting previously unselected package python3-distutils.
Preparing to unpack .../88-python3-distutils_3.10.8-1~22.04_all.deb ...
Unpacking python3-distutils (3.10.8-1~22.04) ...
Selecting previously unselected package python3-dev.
Preparing to unpack .../89-python3-dev_3.10.6-1~22.04.1_amd64.deb ...
Unpacking python3-dev (3.10.6-1~22.04.1) ...
Selecting previously unselected package python3-setuptools.
Preparing to unpack .../90-python3-setuptools_59.6.0-1.2ubuntu0.22.04.2_all.deb ...
Unpacking python3-setuptools (59.6.0-1.2ubuntu0.22.04.2) ...
Selecting previously unselected package python3-wheel.
Preparing to unpack .../91-python3-wheel_0.37.1-2ubuntu0.22.04.1_all.deb ...
Unpacking python3-wheel (0.37.1-2ubuntu0.22.04.1) ...
Selecting previously unselected package python3-pip.
Preparing to unpack .../92-python3-pip_22.0.2+dfsg-1ubuntu0.5_all.deb ...
Unpacking python3-pip (22.0.2+dfsg-1ubuntu0.5) ...
Selecting previously unselected package python3-pip-whl.
Preparing to unpack .../93-python3-pip-whl_22.0.2+dfsg-1ubuntu0.5_all.deb ...
Unpacking python3-pip-whl (22.0.2+dfsg-1ubuntu0.5) ...
Selecting previously unselected package python3-setuptools-whl.
Preparing to unpack .../94-python3-setuptools-whl_59.6.0-1.2ubuntu0.22.04.2_all.deb ...
Unpacking python3-setuptools-whl (59.6.0-1.2ubuntu0.22.04.2) ...
Selecting previously unselected package python3.10-venv.
Preparing to unpack .../95-python3.10-venv_3.10.12-1~22.04.8_amd64.deb ...
Unpacking python3.10-venv (3.10.12-1~22.04.8) ...
Selecting previously unselected package python3-venv.
Preparing to unpack .../96-python3-venv_3.10.6-1~22.04.1_amd64.deb ...
Unpacking python3-venv (3.10.6-1~22.04.1) ...
Setting up media-types (7.0.0) ...
Setting up libpipeline1:amd64 (1.5.5-1) ...
Setting up javascript-common (11+nmu1) ...
Setting up libxau6:amd64 (1:1.0.9-1build5) ...
Setting up python3-setuptools-whl (59.6.0-1.2ubuntu0.22.04.2) ...
Setting up libpsl5:amd64 (0.21.0-1.2build2) ...
Setting up wget (1.21.2-2ubuntu1.1) ...
Setting up python3-pip-whl (22.0.2+dfsg-1ubuntu0.5) ...
Setting up libyaml-0-2:amd64 (0.2.2-1build2) ...
Setting up libcbor0.8:amd64 (0.8.0-2ubuntu1) ...
Setting up libbrotli1:amd64 (1.0.9-2build6) ...
Setting up libnghttp2-14:amd64 (1.43.0-1ubuntu0.2) ...
Setting up less (590-1ubuntu0.22.04.3) ...
Setting up libffi-dev:amd64 (3.4.2-4) ...
Setting up ninja-build (1.10.1-1) ...
Setting up liberror-perl (0.17029-1) ...
Setting up libz3-4:amd64 (4.8.12-1) ...
Setting up libuv1:amd64 (1.43.0-1ubuntu0.1) ...
Setting up libpfm4:amd64 (4.11.1+git32-gd0b85fb-1ubuntu0.1) ...
Setting up emacsen-common (3.0.4) ...
Setting up libx11-data (2:1.7.5-1ubuntu0.3) ...
Setting up librtmp1:amd64 (2.4+20151223.gitfa8646d.1-2build4) ...
Setting up dh-elpa-helper (2.0.9ubuntu1) ...
Setting up binfmt-support (2.2.1-2) ...
update-binfmts: warning: unable to open /proc/sys/fs/binfmt_misc/status for writing: Permission denied
update-binfmts: warning: unable to open /proc/sys/fs/binfmt_misc/register for writing: Permission denied
update-binfmts: warning: unable to enable binary format llvm-14-runtime.binfmt
update-binfmts: warning: unable to open /proc/sys/fs/binfmt_misc/status for writing: Permission denied
update-binfmts: warning: unable to open /proc/sys/fs/binfmt_misc/register for writing: Permission denied
update-binfmts: warning: unable to enable binary format python3.10
invoke-rc.d: could not determine current runlevel
invoke-rc.d: policy-rc.d denied execution of restart.
Setting up libjsoncpp25:amd64 (1.9.5-3) ...
Setting up libgc1:amd64 (1:8.0.6-1.1build1) ...
Setting up libssh-4:amd64 (0.9.6-2ubuntu0.22.04.3) ...
Setting up libmd0:amd64 (1.0.4-1build1) ...
Setting up librhash0:amd64 (1.4.2-1ubuntu1) ...
Setting up libmpdec3:amd64 (2.5.1-2build2) ...
Setting up libc6-i386 (2.35-0ubuntu3.9) ...
Setting up libcurl4:amd64 (7.81.0-1ubuntu1.20) ...
Setting up git-man (1:2.34.1-1ubuntu1.12) ...
Setting up cmake-data (3.22.1-1ubuntu1.22.04.2) ...
Setting up curl (7.81.0-1ubuntu1.20) ...
Setting up libjs-jquery (3.6.0+dfsg+~3.5.13-1) ...
Setting up libfido2-1:amd64 (1.10.0-1) ...
Setting up libc-dev-bin (2.35-0ubuntu3.9) ...
Setting up libbsd0:amd64 (0.11.5-1) ...
Setting up publicsuffix (20211207.1025-1) ...
Setting up libjs-underscore (1.13.2~dfsg-2) ...
Setting up libicu70:amd64 (70.1-2) ...
Setting up libz3-dev:amd64 (4.8.12-1) ...
Setting up libxdmcp6:amd64 (1:1.1.3-0ubuntu5) ...
Setting up libxcb1:amd64 (1.14-3ubuntu3) ...
Setting up libedit2:amd64 (3.1-20210910-1build1) ...
Setting up libobjc4:amd64 (12.3.0-1ubuntu1~22.04) ...
Setting up libcurl3-gnutls:amd64 (7.81.0-1ubuntu1.20) ...
Setting up libpython3.10-stdlib:amd64 (3.10.12-1~22.04.8) ...
Setting up lib32gcc-s1 (12.3.0-1ubuntu1~22.04) ...
Setting up lib32stdc++6 (12.3.0-1ubuntu1~22.04) ...
Setting up icu-devtools (70.1-2) ...
Setting up git (1:2.34.1-1ubuntu1.12) ...
Setting up libjs-sphinxdoc (4.3.2-1) ...
Setting up libc6-dev:amd64 (2.35-0ubuntu3.9) ...
Setting up libx11-6:amd64 (2:1.7.5-1ubuntu0.3) ...
Setting up libicu-dev:amd64 (70.1-2) ...
Setting up libxml2:amd64 (2.9.13+dfsg-1ubuntu0.5) ...
Setting up libxmuu1:amd64 (2:1.1.3-3) ...
Setting up libpython3-stdlib:amd64 (3.10.6-1~22.04.1) ...
Setting up libpython3.10:amd64 (3.10.12-1~22.04.8) ...
Setting up libncurses-dev:amd64 (6.3-2ubuntu0.1) ...
Setting up python3.10 (3.10.12-1~22.04.8) ...
Setting up libarchive13:amd64 (3.6.0-1ubuntu1.3) ...
Setting up openssh-client (1:8.9p1-3ubuntu0.10) ...
update-alternatives: using /usr/bin/ssh to provide /usr/bin/rsh (rsh) in auto mode
update-alternatives: warning: skip creation of /usr/share/man/man1/rsh.1.gz because associated file /usr/share/man/man1/ssh.1.gz (of link group rsh) doesn't exist
update-alternatives: using /usr/bin/slogin to provide /usr/bin/rlogin (rlogin) in auto mode
update-alternatives: warning: skip creation of /usr/share/man/man1/rlogin.1.gz because associated file /usr/share/man/man1/slogin.1.gz (of link group rlogin) doesn't exist
update-alternatives: using /usr/bin/scp to provide /usr/bin/rcp (rcp) in auto mode
update-alternatives: warning: skip creation of /usr/share/man/man1/rcp.1.gz because associated file /usr/share/man/man1/scp.1.gz (of link group rcp) doesn't exist
Setting up libxext6:amd64 (2:1.3.4-1build1) ...
Setting up libobjc-11-dev:amd64 (11.4.0-1ubuntu1~22.04) ...
Setting up python3 (3.10.6-1~22.04.1) ...
running python rtupdate hooks for python3.10...
running python post-rtupdate hooks for python3.10...
Setting up libxml2-dev:amd64 (2.9.13+dfsg-1ubuntu0.5) ...
Setting up libexpat1-dev:amd64 (2.4.7-1ubuntu0.5) ...
Setting up zlib1g-dev:amd64 (1:1.2.11.dfsg-2ubuntu9.2) ...
Setting up libllvm14:amd64 (1:14.0.0-1ubuntu1.1) ...
Setting up xauth (1:1.1-1build2) ...
Setting up cmake (3.22.1-1ubuntu1.22.04.2) ...
Setting up llvm-14-linker-tools (1:14.0.0-1ubuntu1.1) ...
Setting up python3-lib2to3 (3.10.8-1~22.04) ...
Setting up python3-pkg-resources (59.6.0-1.2ubuntu0.22.04.2) ...
Setting up python3-distutils (3.10.8-1~22.04) ...
Setting up libtinfo-dev:amd64 (6.3-2ubuntu0.1) ...
Setting up python3.10-venv (3.10.12-1~22.04.8) ...
Setting up python3-setuptools (59.6.0-1.2ubuntu0.22.04.2) ...
Setting up libclang1-14 (1:14.0.0-1ubuntu1.1) ...
Setting up python3-yaml (5.4.1-1ubuntu1) ...
Setting up python3-wheel (0.37.1-2ubuntu0.22.04.1) ...
Setting up python3-pygments (2.11.2+dfsg-2ubuntu0.1) ...
Setting up python3-venv (3.10.6-1~22.04.1) ...
Setting up llvm-14-runtime (1:14.0.0-1ubuntu1.1) ...
update-binfmts: warning: unable to open /proc/sys/fs/binfmt_misc/status for writing: Permission denied
update-binfmts: warning: unable to open /proc/sys/fs/binfmt_misc/register for writing: Permission denied
update-binfmts: warning: unable to enable binary format llvm-14-runtime.binfmt
Setting up llvm-runtime:amd64 (1:14.0-55~exp2) ...
Setting up libclang-common-14-dev (1:14.0.0-1ubuntu1.1) ...
Setting up libpython3.10-dev:amd64 (3.10.12-1~22.04.8) ...
Setting up libclang-cpp14 (1:14.0.0-1ubuntu1.1) ...
Setting up python3-pip (22.0.2+dfsg-1ubuntu0.5) ...
Setting up python3.10-dev (3.10.12-1~22.04.8) ...
Setting up libclang-14-dev (1:14.0.0-1ubuntu1.1) ...
Setting up llvm-14 (1:14.0.0-1ubuntu1.1) ...
Setting up llvm-14-tools (1:14.0.0-1ubuntu1.1) ...
Setting up clang-14 (1:14.0.0-1ubuntu1.1) ...
Setting up libpython3-dev:amd64 (3.10.6-1~22.04.1) ...
Setting up libclang-dev (1:14.0-55~exp2) ...
Setting up clang (1:14.0-55~exp2) ...
Setting up python3-dev (3.10.6-1~22.04.1) ...
Setting up llvm (1:14.0-55~exp2) ...
Setting up llvm-14-dev (1:14.0.0-1ubuntu1.1) ...
Setting up llvm-dev (1:14.0-55~exp2) ...
Processing triggers for libc-bin (2.35-0ubuntu3.4) ...
+ rm -rf /var/lib/apt/lists/archive.ubuntu.com_ubuntu_dists_jammy-backports_InRelease /var/lib/apt/lists/archive.ubuntu.com_ubuntu_dists_jammy-backports_main_binary-amd64_Packages.lz4 /var/lib/apt/lists/archive.ubuntu.com_ubuntu_dists_jammy-backports_universe_binary-amd64_Packages.lz4 /var/lib/apt/lists/archive.ubuntu.com_ubuntu_dists_jammy-updates_InRelease /var/lib/apt/lists/archive.ubuntu.com_ubuntu_dists_jammy-updates_main_binary-amd64_Packages.lz4 /var/lib/apt/lists/archive.ubuntu.com_ubuntu_dists_jammy-updates_multiverse_binary-amd64_Packages.lz4 /var/lib/apt/lists/archive.ubuntu.com_ubuntu_dists_jammy-updates_restricted_binary-amd64_Packages.lz4 /var/lib/apt/lists/archive.ubuntu.com_ubuntu_dists_jammy-updates_universe_binary-amd64_Packages.lz4 /var/lib/apt/lists/archive.ubuntu.com_ubuntu_dists_jammy_InRelease /var/lib/apt/lists/archive.ubuntu.com_ubuntu_dists_jammy_main_binary-amd64_Packages.lz4 /var/lib/apt/lists/archive.ubuntu.com_ubuntu_dists_jammy_multiverse_binary-amd64_Packages.lz4 /var/lib/apt/lists/archive.ubuntu.com_ubuntu_dists_jammy_restricted_binary-amd64_Packages.lz4 /var/lib/apt/lists/archive.ubuntu.com_ubuntu_dists_jammy_universe_binary-amd64_Packages.lz4 /var/lib/apt/lists/auxfiles /var/lib/apt/lists/developer.download.nvidia.com_compute_cuda_repos_ubuntu2204_x86%5f64_InRelease /var/lib/apt/lists/developer.download.nvidia.com_compute_cuda_repos_ubuntu2204_x86%5f64_Packages.lz4 /var/lib/apt/lists/lock /var/lib/apt/lists/partial /var/lib/apt/lists/security.ubuntu.com_ubuntu_dists_jammy-security_InRelease /var/lib/apt/lists/security.ubuntu.com_ubuntu_dists_jammy-security_main_binary-amd64_Packages.lz4 /var/lib/apt/lists/security.ubuntu.com_ubuntu_dists_jammy-security_multiverse_binary-amd64_Packages.lz4 /var/lib/apt/lists/security.ubuntu.com_ubuntu_dists_jammy-security_restricted_binary-amd64_Packages.lz4 /var/lib/apt/lists/security.ubuntu.com_ubuntu_dists_jammy-security_universe_binary-amd64_Packages.lz4
+ su - tritonuser -c python3 -m pip install --upgrade pip setuptools wheel pybind11
Requirement already satisfied: pip in /usr/lib/python3/dist-packages (22.0.2)
Collecting pip
  Downloading pip-25.0-py3-none-any.whl (1.8 MB)
      1.8/1.8 MB 27.2 MB/s eta 0:00:00
Requirement already satisfied: setuptools in /usr/lib/python3/dist-packages (59.6.0)
Collecting setuptools
  Downloading setuptools-75.8.0-py3-none-any.whl (1.2 MB)
      1.2/1.2 MB 138.1 MB/s eta 0:00:00
Requirement already satisfied: wheel in /usr/lib/python3/dist-packages (0.37.1)
Collecting wheel
  Downloading wheel-0.45.1-py3-none-any.whl (72 kB)
      72.5/72.5 KB 32.1 MB/s eta 0:00:00
Collecting pybind11
  Downloading pybind11-2.13.6-py3-none-any.whl (243 kB)
      243.3/243.3 KB 77.0 MB/s eta 0:00:00
Installing collected packages: wheel, setuptools, pybind11, pip
  Attempting uninstall: wheel
    Found existing installation: wheel 0.37.1
    Not uninstalling wheel at /usr/lib/python3/dist-packages, outside environment /usr
    Can't uninstall 'wheel'. No files were found to uninstall.
  Attempting uninstall: setuptools
    Found existing installation: setuptools 59.6.0
    Not uninstalling setuptools at /usr/lib/python3/dist-packages, outside environment /usr
    Can't uninstall 'setuptools'. No files were found to uninstall.
  Attempting uninstall: pip
    Found existing installation: pip 22.0.2
    Not uninstalling pip at /usr/lib/python3/dist-packages, outside environment /usr
    Can't uninstall 'pip'. No files were found to uninstall.
Successfully installed pip-25.0 pybind11-2.13.6 setuptools-75.8.0 wheel-0.45.1
WARNING: Running pip as the 'root' user can result in broken permissions and conflicting behaviour with the system package manager. It is recommended to use a virtual environment instead: https://pip.pypa.io/warnings/venv
+ su - tritonuser -c mkdir -p /home/tritonuser/triton && cd /home/tritonuser/triton && git clone --recursive https://github.com/triton-lang/triton.git .
Cloning into '.'...
+ su - tritonuser -c cd /home/tritonuser/triton && CMAKE_GENERATOR=Ninja python3 -m pip install -e ./python --no-build-isolation --verbose
Using pip 25.0 from /usr/local/lib/python3.10/dist-packages/pip (python 3.10)
Obtaining file:///home/tritonuser/triton/python
  Checking if build backend supports build_editable: started
  Running command Checking if build backend supports build_editable
  Checking if build backend supports build_editable: finished with status 'done'
  Preparing editable metadata (pyproject.toml): started
  Running command Preparing editable metadata (pyproject.toml)
  /usr/local/lib/python3.10/dist-packages/setuptools/_distutils/dist.py:270: UserWarning: Unknown distribution option: 'test_suite'
    warnings.warn(msg)
  downloading and extracting https://developer.download.nvidia.com/compute/cuda/redist/cuda_nvcc/linux-x86_64/cuda_nvcc-linux-x86_64-12.4.99-archive.tar.xz ...
  copy /home/tritonuser/.triton/nvidia/nvcc/cuda_nvcc-linux-x86_64-12.4.99-archive/bin/ptxas to /home/tritonuser/triton/python/../third_party/nvidia/backend/bin/ptxas ...
  downloading and extracting https://developer.download.nvidia.com/compute/cuda/redist/cuda_nvcc/linux-x86_64/cuda_nvcc-linux-x86_64-12.8.61-archive.tar.xz ...
  copy /home/tritonuser/.triton/nvidia/nvcc/cuda_nvcc-linux-x86_64-12.8.61-archive/bin/ptxas to /home/tritonuser/triton/python/../third_party/nvidia/backend/bin/ptxas-blackwell ...
  downloading and extracting https://developer.download.nvidia.com/compute/cuda/redist/cuda_cuobjdump/linux-x86_64/cuda_cuobjdump-linux-x86_64-12.8.55-archive.tar.xz ...
  copy /home/tritonuser/.triton/nvidia/cuobjdump/cuda_cuobjdump-linux-x86_64-12.8.55-archive/bin/cuobjdump to /home/tritonuser/triton/python/../third_party/nvidia/backend/bin/cuobjdump ...
  downloading and extracting https://developer.download.nvidia.com/compute/cuda/redist/cuda_nvdisasm/linux-x86_64/cuda_nvdisasm-linux-x86_64-12.8.55-archive.tar.xz ...
  copy /home/tritonuser/.triton/nvidia/nvdisasm/cuda_nvdisasm-linux-x86_64-12.8.55-archive/bin/nvdisasm to /home/tritonuser/triton/python/../third_party/nvidia/backend/bin/nvdisasm ...
  copy /home/tritonuser/.triton/nvidia/nvcc/cuda_nvcc-linux-x86_64-12.8.61-archive/include to /home/tritonuser/triton/python/../third_party/nvidia/backend/include ...
  downloading and extracting https://developer.download.nvidia.com/compute/cuda/redist/cuda_cudart/linux-x86_64/cuda_cudart-linux-x86_64-12.8.57-archive.tar.xz ...
  copy /home/tritonuser/.triton/nvidia/cudart/cuda_cudart-linux-x86_64-12.8.57-archive/include to /home/tritonuser/triton/python/../third_party/nvidia/backend/include ...
  downloading and extracting https://developer.download.nvidia.com/compute/cuda/redist/cuda_cupti/linux-x86_64/cuda_cupti-linux-x86_64-12.8.57-archive.tar.xz ...
  copy /home/tritonuser/.triton/nvidia/cupti/cuda_cupti-linux-x86_64-12.8.57-archive/include to /home/tritonuser/triton/python/../third_party/nvidia/backend/include ...
  copy /home/tritonuser/.triton/nvidia/cupti/cuda_cupti-linux-x86_64-12.8.57-archive/lib to /home/tritonuser/triton/python/../third_party/nvidia/backend/lib/cupti ...
  running dist_info
  creating symlink: /home/tritonuser/triton/python/triton/backends/nvidia -> /home/tritonuser/triton/third_party/nvidia/backend
  creating symlink: /home/tritonuser/triton/python/triton/language/extra/cuda -> /home/tritonuser/triton/third_party/nvidia/language/cuda
  creating symlink: /home/tritonuser/triton/python/triton/tools/extra/cuda -> /home/tritonuser/triton/third_party/nvidia/tools/cuda
  creating symlink: /home/tritonuser/triton/python/triton/backends/amd -> /home/tritonuser/triton/third_party/amd/backend
  creating symlink: /home/tritonuser/triton/python/triton/language/extra/hip -> /home/tritonuser/triton/third_party/amd/language/hip
  creating symlink: /home/tritonuser/triton/python/triton/profiler -> /home/tritonuser/triton/third_party/proton/proton
  creating /tmp/pip-modern-metadata-usflyfnk/triton.egg-info
  writing /tmp/pip-modern-metadata-usflyfnk/triton.egg-info/PKG-INFO
  writing dependency_links to /tmp/pip-modern-metadata-usflyfnk/triton.egg-info/dependency_links.txt
  writing entry points to /tmp/pip-modern-metadata-usflyfnk/triton.egg-info/entry_points.txt
  writing requirements to /tmp/pip-modern-metadata-usflyfnk/triton.egg-info/requires.txt
  writing top-level names to /tmp/pip-modern-metadata-usflyfnk/triton.egg-info/top_level.txt
  writing manifest file '/tmp/pip-modern-metadata-usflyfnk/triton.egg-info/SOURCES.txt'
  reading manifest file '/tmp/pip-modern-metadata-usflyfnk/triton.egg-info/SOURCES.txt'
  reading manifest template 'MANIFEST.in'
  writing manifest file '/tmp/pip-modern-metadata-usflyfnk/triton.egg-info/SOURCES.txt'
  creating '/tmp/pip-modern-metadata-usflyfnk/triton-3.2.0+gitd8278513.dist-info'
  Preparing editable metadata (pyproject.toml): finished with status 'done'
Requirement already satisfied: setuptools>=40.8.0 in /usr/local/lib/python3.10/dist-packages (from triton==3.2.0+gitd8278513) (75.8.0)
Building wheels for collected packages: triton
  Building editable for triton (pyproject.toml): started
  Running command Building editable for triton (pyproject.toml)
  /usr/local/lib/python3.10/dist-packages/setuptools/_distutils/dist.py:270: UserWarning: Unknown distribution option: 'test_suite'
    warnings.warn(msg)
  copy /home/tritonuser/.triton/nvidia/nvcc/cuda_nvcc-linux-x86_64-12.4.99-archive/bin/ptxas to /home/tritonuser/triton/python/../third_party/nvidia/backend/bin/ptxas ...
  copy /home/tritonuser/.triton/nvidia/nvcc/cuda_nvcc-linux-x86_64-12.8.61-archive/bin/ptxas to /home/tritonuser/triton/python/../third_party/nvidia/backend/bin/ptxas-blackwell ...
  copy /home/tritonuser/.triton/nvidia/cuobjdump/cuda_cuobjdump-linux-x86_64-12.8.55-archive/bin/cuobjdump to /home/tritonuser/triton/python/../third_party/nvidia/backend/bin/cuobjdump ...
  copy /home/tritonuser/.triton/nvidia/nvdisasm/cuda_nvdisasm-linux-x86_64-12.8.55-archive/bin/nvdisasm to /home/tritonuser/triton/python/../third_party/nvidia/backend/bin/nvdisasm ...
  copy /home/tritonuser/.triton/nvidia/nvcc/cuda_nvcc-linux-x86_64-12.8.61-archive/include to /home/tritonuser/triton/python/../third_party/nvidia/backend/include ...
  copy /home/tritonuser/.triton/nvidia/cudart/cuda_cudart-linux-x86_64-12.8.57-archive/include to /home/tritonuser/triton/python/../third_party/nvidia/backend/include ...
  copy /home/tritonuser/.triton/nvidia/cupti/cuda_cupti-linux-x86_64-12.8.57-archive/include to /home/tritonuser/triton/python/../third_party/nvidia/backend/include ...
  copy /home/tritonuser/.triton/nvidia/cupti/cuda_cupti-linux-x86_64-12.8.57-archive/lib to /home/tritonuser/triton/python/../third_party/nvidia/backend/lib/cupti ...
  running editable_wheel
  creating symlink: /home/tritonuser/triton/python/triton/backends/nvidia -> /home/tritonuser/triton/third_party/nvidia/backend
  creating symlink: /home/tritonuser/triton/python/triton/language/extra/cuda -> /home/tritonuser/triton/third_party/nvidia/language/cuda
  creating symlink: /home/tritonuser/triton/python/triton/tools/extra/cuda -> /home/tritonuser/triton/third_party/nvidia/tools/cuda
  creating symlink: /home/tritonuser/triton/python/triton/backends/amd -> /home/tritonuser/triton/third_party/amd/backend
  creating symlink: /home/tritonuser/triton/python/triton/language/extra/hip -> /home/tritonuser/triton/third_party/amd/language/hip
  creating symlink: /home/tritonuser/triton/python/triton/profiler -> /home/tritonuser/triton/third_party/proton/proton
  creating /tmp/pip-wheel-_juot0p1/.tmp-x5wfhke2/triton.egg-info
  writing /tmp/pip-wheel-_juot0p1/.tmp-x5wfhke2/triton.egg-info/PKG-INFO
  writing dependency_links to /tmp/pip-wheel-_juot0p1/.tmp-x5wfhke2/triton.egg-info/dependency_links.txt
  writing entry points to /tmp/pip-wheel-_juot0p1/.tmp-x5wfhke2/triton.egg-info/entry_points.txt
  writing requirements to /tmp/pip-wheel-_juot0p1/.tmp-x5wfhke2/triton.egg-info/requires.txt
  writing top-level names to /tmp/pip-wheel-_juot0p1/.tmp-x5wfhke2/triton.egg-info/top_level.txt
  writing manifest file '/tmp/pip-wheel-_juot0p1/.tmp-x5wfhke2/triton.egg-info/SOURCES.txt'
  reading manifest file '/tmp/pip-wheel-_juot0p1/.tmp-x5wfhke2/triton.egg-info/SOURCES.txt'
  reading manifest template 'MANIFEST.in'
  writing manifest file '/tmp/pip-wheel-_juot0p1/.tmp-x5wfhke2/triton.egg-info/SOURCES.txt'
  creating '/tmp/pip-wheel-_juot0p1/.tmp-x5wfhke2/triton-3.2.0+gitd8278513.dist-info'
  creating /tmp/pip-wheel-_juot0p1/.tmp-x5wfhke2/triton-3.2.0+gitd8278513.dist-info/WHEEL
  running build_py
  running build_ext
  creating symlink: /home/tritonuser/.triton/llvm/llvm-ubuntu-x64 -> /home/tritonuser/.triton/llvm/llvm-ffe3129e-ubuntu-x64
  -- The CXX compiler identification is GNU 11.4.0
  -- The C compiler identification is GNU 11.4.0
  -- Detecting CXX compiler ABI info
  -- Detecting CXX compiler ABI info - done
  -- Check for working CXX compiler: /usr/bin/c++ - skipped
  -- Detecting CXX compile features
  -- Detecting CXX compile features - done
  -- Detecting C compiler ABI info
  -- Detecting C compiler ABI info - done
  -- Check for working C compiler: /usr/bin/cc - skipped
  -- Detecting C compile features
  -- Detecting C compile features - done
  -- Could not find ccache. Consider installing ccache to speed up compilation.
  -- Found Python: /usr/bin/python3.10 (found version "3.10.12") found components: Interpreter
  -- Looking for pthread.h
  -- Looking for pthread.h - found
  -- Performing Test CMAKE_HAVE_LIBC_PTHREAD
  -- Performing Test CMAKE_HAVE_LIBC_PTHREAD - Success
  -- Found Threads: TRUE
  -- Found ZLIB: /usr/lib/x86_64-linux-gnu/libz.so (found version "1.2.11")
  -- Found LibXml2: /usr/lib/x86_64-linux-gnu/libxml2.so (found version "2.9.13")
  -- Linker detection: GNU ld
  -- Adding Python module
  -- Found Python3: /usr/bin/python3 (found version "3.10.12") found components: Development.Module Interpreter
  -- Performing Test HAS_FLTO
  -- Performing Test HAS_FLTO - Success
  -- Found pybind11: /usr/local/lib/python3.10/dist-packages/pybind11/include (found version "2.13.6")
  -- Found Python3: /usr/bin/python3 (found version "3.10.12") found components: Interpreter Development.Module
  -- Collecting object files from Proton
  -- Collecting object files from ProtonContext
  -- Collecting object files from ProtonData
  -- Collecting object files from ProtonDriver
  -- Collecting object files from ProtonProfiler
  -- Collecting object files from ProtonSession
  -- Triton backends tuple: nvidia,amd,proton
  CMake Warning at /home/tritonuser/.triton/llvm/llvm-ffe3129e-ubuntu-x64/lib/cmake/llvm/AddLLVM.cmake:2032 (message):
    LLVM_EXTERNAL_LIT set to
    /home/tritonuser/.triton/llvm/llvm-ffe3129e-ubuntu-x64/bin/llvm-lit, but
    the path does not exist.
  Call Stack (most recent call first):
    /home/tritonuser/.triton/llvm/llvm-ffe3129e-ubuntu-x64/lib/cmake/llvm/AddLLVM.cmake:2077 (get_llvm_lit_path)
    /home/tritonuser/.triton/llvm/llvm-ffe3129e-ubuntu-x64/lib/cmake/llvm/AddLLVM.cmake:2170 (add_lit_target)
    test/CMakeLists.txt:23 (add_lit_testsuite)


  -- Configuring done
  -- Generating done
  CMake Warning:
    Manually-specified variables were not used by the project:

      LLVM_ENABLE_WERROR


  -- Build files have been written to: /home/tritonuser/triton/python/build/cmake.linux-x86_64-cpython-3.10
  [1/288] Building Passes.h.inc...
  FAILED: include/triton/Conversion/TritonGPUToLLVM/Passes.h.inc /home/tritonuser/triton/python/build/cmake.linux-x86_64-cpython-3.10/include/triton/Conversion/TritonGPUToLLVM/Passes.h.inc
  cd /home/tritonuser/triton/python/build/cmake.linux-x86_64-cpython-3.10 && /home/tritonuser/.triton/llvm/llvm-ffe3129e-ubuntu-x64/bin/mlir-tblgen -gen-pass-decls --name TritonGPUToLLVM -I /home/tritonuser/triton/include/triton/Conversion/TritonGPUToLLVM -I/home/tritonuser/triton/include -I/home/tritonuser/triton/. -I/home/tritonuser/.triton/llvm/llvm-ffe3129e-ubuntu-x64/include -I/home/tritonuser/.triton/llvm/llvm-ffe3129e-ubuntu-x64/include -I/home/tritonuser/triton/include -I/home/tritonuser/triton/python/build/cmake.linux-x86_64-cpython-3.10/include -I/home/tritonuser/triton/third_party -I/home/tritonuser/triton/python/build/cmake.linux-x86_64-cpython-3.10/third_party /home/tritonuser/triton/include/triton/Conversion/TritonGPUToLLVM/Passes.td --write-if-changed -o include/triton/Conversion/TritonGPUToLLVM/Passes.h.inc -d include/triton/Conversion/TritonGPUToLLVM/Passes.h.inc.d
  /bin/sh: 1: /home/tritonuser/.triton/llvm/llvm-ffe3129e-ubuntu-x64/bin/mlir-tblgen: Permission denied
  [2/288] Building Passes.h.inc...
  FAILED: include/triton/Conversion/TritonToTritonGPU/Passes.h.inc /home/tritonuser/triton/python/build/cmake.linux-x86_64-cpython-3.10/include/triton/Conversion/TritonToTritonGPU/Passes.h.inc
  cd /home/tritonuser/triton/python/build/cmake.linux-x86_64-cpython-3.10 && /home/tritonuser/.triton/llvm/llvm-ffe3129e-ubuntu-x64/bin/mlir-tblgen -gen-pass-decls --name TritonToTritonGPU -I /home/tritonuser/triton/include/triton/Conversion/TritonToTritonGPU -I/home/tritonuser/triton/include -I/home/tritonuser/triton/. -I/home/tritonuser/.triton/llvm/llvm-ffe3129e-ubuntu-x64/include -I/home/tritonuser/.triton/llvm/llvm-ffe3129e-ubuntu-x64/include -I/home/tritonuser/triton/include -I/home/tritonuser/triton/python/build/cmake.linux-x86_64-cpython-3.10/include -I/home/tritonuser/triton/third_party -I/home/tritonuser/triton/python/build/cmake.linux-x86_64-cpython-3.10/third_party /home/tritonuser/triton/include/triton/Conversion/TritonToTritonGPU/Passes.td --write-if-changed -o include/triton/Conversion/TritonToTritonGPU/Passes.h.inc -d include/triton/Conversion/TritonToTritonGPU/Passes.h.inc.d
  /bin/sh: 1: /home/tritonuser/.triton/llvm/llvm-ffe3129e-ubuntu-x64/bin/mlir-tblgen: Permission denied
  [3/288] Building AttrInterfaces.cpp.inc...
  FAILED: include/triton/Dialect/Triton/IR/AttrInterfaces.cpp.inc /home/tritonuser/triton/python/build/cmake.linux-x86_64-cpython-3.10/include/triton/Dialect/Triton/IR/AttrInterfaces.cpp.inc
  cd /home/tritonuser/triton/python/build/cmake.linux-x86_64-cpython-3.10 && /home/tritonuser/.triton/llvm/llvm-ffe3129e-ubuntu-x64/bin/mlir-tblgen -gen-attr-interface-defs -I /home/tritonuser/triton/include/triton/Dialect/Triton/IR -I/home/tritonuser/triton/include -I/home/tritonuser/triton/. -I/home/tritonuser/.triton/llvm/llvm-ffe3129e-ubuntu-x64/include -I/home/tritonuser/.triton/llvm/llvm-ffe3129e-ubuntu-x64/include -I/home/tritonuser/triton/include -I/home/tritonuser/triton/python/build/cmake.linux-x86_64-cpython-3.10/include -I/home/tritonuser/triton/third_party -I/home/tritonuser/triton/python/build/cmake.linux-x86_64-cpython-3.10/third_party /home/tritonuser/triton/include/triton/Dialect/Triton/IR/TritonInterfaces.td --write-if-changed -o include/triton/Dialect/Triton/IR/AttrInterfaces.cpp.inc -d include/triton/Dialect/Triton/IR/AttrInterfaces.cpp.inc.d
  /bin/sh: 1: /home/tritonuser/.triton/llvm/llvm-ffe3129e-ubuntu-x64/bin/mlir-tblgen: Permission denied
  [4/288] Building AttrInterfaces.h.inc...
  FAILED: include/triton/Dialect/Triton/IR/AttrInterfaces.h.inc /home/tritonuser/triton/python/build/cmake.linux-x86_64-cpython-3.10/include/triton/Dialect/Triton/IR/AttrInterfaces.h.inc
  cd /home/tritonuser/triton/python/build/cmake.linux-x86_64-cpython-3.10 && /home/tritonuser/.triton/llvm/llvm-ffe3129e-ubuntu-x64/bin/mlir-tblgen -gen-attr-interface-decls -I /home/tritonuser/triton/include/triton/Dialect/Triton/IR -I/home/tritonuser/triton/include -I/home/tritonuser/triton/. -I/home/tritonuser/.triton/llvm/llvm-ffe3129e-ubuntu-x64/include -I/home/tritonuser/.triton/llvm/llvm-ffe3129e-ubuntu-x64/include -I/home/tritonuser/triton/include -I/home/tritonuser/triton/python/build/cmake.linux-x86_64-cpython-3.10/include -I/home/tritonuser/triton/third_party -I/home/tritonuser/triton/python/build/cmake.linux-x86_64-cpython-3.10/third_party /home/tritonuser/triton/include/triton/Dialect/Triton/IR/TritonInterfaces.td --write-if-changed -o include/triton/Dialect/Triton/IR/AttrInterfaces.h.inc -d include/triton/Dialect/Triton/IR/AttrInterfaces.h.inc.d
  /bin/sh: 1: /home/tritonuser/.triton/llvm/llvm-ffe3129e-ubuntu-x64/bin/mlir-tblgen: Permission denied
  [5/288] Building Dialect.cpp.inc...
  FAILED: include/triton/Dialect/Triton/IR/Dialect.cpp.inc /home/tritonuser/triton/python/build/cmake.linux-x86_64-cpython-3.10/include/triton/Dialect/Triton/IR/Dialect.cpp.inc
  cd /home/tritonuser/triton/python/build/cmake.linux-x86_64-cpython-3.10 && /home/tritonuser/.triton/llvm/llvm-ffe3129e-ubuntu-x64/bin/mlir-tblgen -gen-dialect-defs -I /home/tritonuser/triton/include/triton/Dialect/Triton/IR -I/home/tritonuser/triton/include -I/home/tritonuser/triton/. -I/home/tritonuser/.triton/llvm/llvm-ffe3129e-ubuntu-x64/include -I/home/tritonuser/.triton/llvm/llvm-ffe3129e-ubuntu-x64/include -I/home/tritonuser/triton/include -I/home/tritonuser/triton/python/build/cmake.linux-x86_64-cpython-3.10/include -I/home/tritonuser/triton/third_party -I/home/tritonuser/triton/python/build/cmake.linux-x86_64-cpython-3.10/third_party /home/tritonuser/triton/include/triton/Dialect/Triton/IR/TritonDialect.td --write-if-changed -o include/triton/Dialect/Triton/IR/Dialect.cpp.inc -d include/triton/Dialect/Triton/IR/Dialect.cpp.inc.d
  /bin/sh: 1: /home/tritonuser/.triton/llvm/llvm-ffe3129e-ubuntu-x64/bin/mlir-tblgen: Permission denied
  [6/288] Building Dialect.h.inc...
  FAILED: include/triton/Dialect/Triton/IR/Dialect.h.inc /home/tritonuser/triton/python/build/cmake.linux-x86_64-cpython-3.10/include/triton/Dialect/Triton/IR/Dialect.h.inc
  cd /home/tritonuser/triton/python/build/cmake.linux-x86_64-cpython-3.10 && /home/tritonuser/.triton/llvm/llvm-ffe3129e-ubuntu-x64/bin/mlir-tblgen -gen-dialect-decls -I /home/tritonuser/triton/include/triton/Dialect/Triton/IR -I/home/tritonuser/triton/include -I/home/tritonuser/triton/. -I/home/tritonuser/.triton/llvm/llvm-ffe3129e-ubuntu-x64/include -I/home/tritonuser/.triton/llvm/llvm-ffe3129e-ubuntu-x64/include -I/home/tritonuser/triton/include -I/home/tritonuser/triton/python/build/cmake.linux-x86_64-cpython-3.10/include -I/home/tritonuser/triton/third_party -I/home/tritonuser/triton/python/build/cmake.linux-x86_64-cpython-3.10/third_party /home/tritonuser/triton/include/triton/Dialect/Triton/IR/TritonDialect.td --write-if-changed -o include/triton/Dialect/Triton/IR/Dialect.h.inc -d include/triton/Dialect/Triton/IR/Dialect.h.inc.d
  /bin/sh: 1: /home/tritonuser/.triton/llvm/llvm-ffe3129e-ubuntu-x64/bin/mlir-tblgen: Permission denied
  [7/288] Building OpInterfaces.cpp.inc...
  FAILED: include/triton/Dialect/Triton/IR/OpInterfaces.cpp.inc /home/tritonuser/triton/python/build/cmake.linux-x86_64-cpython-3.10/include/triton/Dialect/Triton/IR/OpInterfaces.cpp.inc
  cd /home/tritonuser/triton/python/build/cmake.linux-x86_64-cpython-3.10 && /home/tritonuser/.triton/llvm/llvm-ffe3129e-ubuntu-x64/bin/mlir-tblgen -gen-op-interface-defs -I /home/tritonuser/triton/include/triton/Dialect/Triton/IR -I/home/tritonuser/triton/include -I/home/tritonuser/triton/. -I/home/tritonuser/.triton/llvm/llvm-ffe3129e-ubuntu-x64/include -I/home/tritonuser/.triton/llvm/llvm-ffe3129e-ubuntu-x64/include -I/home/tritonuser/triton/include -I/home/tritonuser/triton/python/build/cmake.linux-x86_64-cpython-3.10/include -I/home/tritonuser/triton/third_party -I/home/tritonuser/triton/python/build/cmake.linux-x86_64-cpython-3.10/third_party /home/tritonuser/triton/include/triton/Dialect/Triton/IR/TritonOpInterfaces.td --write-if-changed -o include/triton/Dialect/Triton/IR/OpInterfaces.cpp.inc -d include/triton/Dialect/Triton/IR/OpInterfaces.cpp.inc.d
  /bin/sh: 1: /home/tritonuser/.triton/llvm/llvm-ffe3129e-ubuntu-x64/bin/mlir-tblgen: Permission denied
  [8/288] Building OpInterfaces.h.inc...
  FAILED: include/triton/Dialect/Triton/IR/OpInterfaces.h.inc /home/tritonuser/triton/python/build/cmake.linux-x86_64-cpython-3.10/include/triton/Dialect/Triton/IR/OpInterfaces.h.inc
  cd /home/tritonuser/triton/python/build/cmake.linux-x86_64-cpython-3.10 && /home/tritonuser/.triton/llvm/llvm-ffe3129e-ubuntu-x64/bin/mlir-tblgen -gen-op-interface-decls -I /home/tritonuser/triton/include/triton/Dialect/Triton/IR -I/home/tritonuser/triton/include -I/home/tritonuser/triton/. -I/home/tritonuser/.triton/llvm/llvm-ffe3129e-ubuntu-x64/include -I/home/tritonuser/.triton/llvm/llvm-ffe3129e-ubuntu-x64/include -I/home/tritonuser/triton/include -I/home/tritonuser/triton/python/build/cmake.linux-x86_64-cpython-3.10/include -I/home/tritonuser/triton/third_party -I/home/tritonuser/triton/python/build/cmake.linux-x86_64-cpython-3.10/third_party /home/tritonuser/triton/include/triton/Dialect/Triton/IR/TritonOpInterfaces.td --write-if-changed -o include/triton/Dialect/Triton/IR/OpInterfaces.h.inc -d include/triton/Dialect/Triton/IR/OpInterfaces.h.inc.d
  /bin/sh: 1: /home/tritonuser/.triton/llvm/llvm-ffe3129e-ubuntu-x64/bin/mlir-tblgen: Permission denied
  [9/288] Building Ops.cpp.inc...
  FAILED: include/triton/Dialect/Triton/IR/Ops.cpp.inc /home/tritonuser/triton/python/build/cmake.linux-x86_64-cpython-3.10/include/triton/Dialect/Triton/IR/Ops.cpp.inc
  cd /home/tritonuser/triton/python/build/cmake.linux-x86_64-cpython-3.10 && /home/tritonuser/.triton/llvm/llvm-ffe3129e-ubuntu-x64/bin/mlir-tblgen -gen-op-defs -I /home/tritonuser/triton/include/triton/Dialect/Triton/IR -I/home/tritonuser/triton/include -I/home/tritonuser/triton/. -I/home/tritonuser/.triton/llvm/llvm-ffe3129e-ubuntu-x64/include -I/home/tritonuser/.triton/llvm/llvm-ffe3129e-ubuntu-x64/include -I/home/tritonuser/triton/include -I/home/tritonuser/triton/python/build/cmake.linux-x86_64-cpython-3.10/include -I/home/tritonuser/triton/third_party -I/home/tritonuser/triton/python/build/cmake.linux-x86_64-cpython-3.10/third_party /home/tritonuser/triton/include/triton/Dialect/Triton/IR/TritonOps.td --write-if-changed -o include/triton/Dialect/Triton/IR/Ops.cpp.inc -d include/triton/Dialect/Triton/IR/Ops.cpp.inc.d
  /bin/sh: 1: /home/tritonuser/.triton/llvm/llvm-ffe3129e-ubuntu-x64/bin/mlir-tblgen: Permission denied
  [10/288] Building Ops.h.inc...
  FAILED: include/triton/Dialect/Triton/IR/Ops.h.inc /home/tritonuser/triton/python/build/cmake.linux-x86_64-cpython-3.10/include/triton/Dialect/Triton/IR/Ops.h.inc
  cd /home/tritonuser/triton/python/build/cmake.linux-x86_64-cpython-3.10 && /home/tritonuser/.triton/llvm/llvm-ffe3129e-ubuntu-x64/bin/mlir-tblgen -gen-op-decls -I /home/tritonuser/triton/include/triton/Dialect/Triton/IR -I/home/tritonuser/triton/include -I/home/tritonuser/triton/. -I/home/tritonuser/.triton/llvm/llvm-ffe3129e-ubuntu-x64/include -I/home/tritonuser/.triton/llvm/llvm-ffe3129e-ubuntu-x64/include -I/home/tritonuser/triton/include -I/home/tritonuser/triton/python/build/cmake.linux-x86_64-cpython-3.10/include -I/home/tritonuser/triton/third_party -I/home/tritonuser/triton/python/build/cmake.linux-x86_64-cpython-3.10/third_party /home/tritonuser/triton/include/triton/Dialect/Triton/IR/TritonOps.td --write-if-changed -o include/triton/Dialect/Triton/IR/Ops.h.inc -d include/triton/Dialect/Triton/IR/Ops.h.inc.d
  /bin/sh: 1: /home/tritonuser/.triton/llvm/llvm-ffe3129e-ubuntu-x64/bin/mlir-tblgen: Permission denied
  [11/288] Building OpsEnums.cpp.inc...
  FAILED: include/triton/Dialect/Triton/IR/OpsEnums.cpp.inc /home/tritonuser/triton/python/build/cmake.linux-x86_64-cpython-3.10/include/triton/Dialect/Triton/IR/OpsEnums.cpp.inc
  cd /home/tritonuser/triton/python/build/cmake.linux-x86_64-cpython-3.10 && /home/tritonuser/.triton/llvm/llvm-ffe3129e-ubuntu-x64/bin/mlir-tblgen -gen-enum-defs -I /home/tritonuser/triton/include/triton/Dialect/Triton/IR -I/home/tritonuser/triton/include -I/home/tritonuser/triton/. -I/home/tritonuser/.triton/llvm/llvm-ffe3129e-ubuntu-x64/include -I/home/tritonuser/.triton/llvm/llvm-ffe3129e-ubuntu-x64/include -I/home/tritonuser/triton/include -I/home/tritonuser/triton/python/build/cmake.linux-x86_64-cpython-3.10/include -I/home/tritonuser/triton/third_party -I/home/tritonuser/triton/python/build/cmake.linux-x86_64-cpython-3.10/third_party /home/tritonuser/triton/include/triton/Dialect/Triton/IR/TritonOps.td --write-if-changed -o include/triton/Dialect/Triton/IR/OpsEnums.cpp.inc -d include/triton/Dialect/Triton/IR/OpsEnums.cpp.inc.d
  /bin/sh: 1: /home/tritonuser/.triton/llvm/llvm-ffe3129e-ubuntu-x64/bin/mlir-tblgen: Permission denied
  [12/288] Building OpsEnums.h.inc...
  FAILED: include/triton/Dialect/Triton/IR/OpsEnums.h.inc /home/tritonuser/triton/python/build/cmake.linux-x86_64-cpython-3.10/include/triton/Dialect/Triton/IR/OpsEnums.h.inc
  cd /home/tritonuser/triton/python/build/cmake.linux-x86_64-cpython-3.10 && /home/tritonuser/.triton/llvm/llvm-ffe3129e-ubuntu-x64/bin/mlir-tblgen -gen-enum-decls -I /home/tritonuser/triton/include/triton/Dialect/Triton/IR -I/home/tritonuser/triton/include -I/home/tritonuser/triton/. -I/home/tritonuser/.triton/llvm/llvm-ffe3129e-ubuntu-x64/include -I/home/tritonuser/.triton/llvm/llvm-ffe3129e-ubuntu-x64/include -I/home/tritonuser/triton/include -I/home/tritonuser/triton/python/build/cmake.linux-x86_64-cpython-3.10/include -I/home/tritonuser/triton/third_party -I/home/tritonuser/triton/python/build/cmake.linux-x86_64-cpython-3.10/third_party /home/tritonuser/triton/include/triton/Dialect/Triton/IR/TritonOps.td --write-if-changed -o include/triton/Dialect/Triton/IR/OpsEnums.h.inc -d include/triton/Dialect/Triton/IR/OpsEnums.h.inc.d
  /bin/sh: 1: /home/tritonuser/.triton/llvm/llvm-ffe3129e-ubuntu-x64/bin/mlir-tblgen: Permission denied
  [13/288] Building Types.cpp.inc...
  FAILED: include/triton/Dialect/Triton/IR/Types.cpp.inc /home/tritonuser/triton/python/build/cmake.linux-x86_64-cpython-3.10/include/triton/Dialect/Triton/IR/Types.cpp.inc
  cd /home/tritonuser/triton/python/build/cmake.linux-x86_64-cpython-3.10 && /home/tritonuser/.triton/llvm/llvm-ffe3129e-ubuntu-x64/bin/mlir-tblgen -gen-typedef-defs -I /home/tritonuser/triton/include/triton/Dialect/Triton/IR -I/home/tritonuser/triton/include -I/home/tritonuser/triton/. -I/home/tritonuser/.triton/llvm/llvm-ffe3129e-ubuntu-x64/include -I/home/tritonuser/.triton/llvm/llvm-ffe3129e-ubuntu-x64/include -I/home/tritonuser/triton/include -I/home/tritonuser/triton/python/build/cmake.linux-x86_64-cpython-3.10/include -I/home/tritonuser/triton/third_party -I/home/tritonuser/triton/python/build/cmake.linux-x86_64-cpython-3.10/third_party /home/tritonuser/triton/include/triton/Dialect/Triton/IR/TritonTypes.td --write-if-changed -o include/triton/Dialect/Triton/IR/Types.cpp.inc -d include/triton/Dialect/Triton/IR/Types.cpp.inc.d
  /bin/sh: 1: /home/tritonuser/.triton/llvm/llvm-ffe3129e-ubuntu-x64/bin/mlir-tblgen: Permission denied
  [14/288] Building Types.h.inc...
  FAILED: include/triton/Dialect/Triton/IR/Types.h.inc /home/tritonuser/triton/python/build/cmake.linux-x86_64-cpython-3.10/include/triton/Dialect/Triton/IR/Types.h.inc
  cd /home/tritonuser/triton/python/build/cmake.linux-x86_64-cpython-3.10 && /home/tritonuser/.triton/llvm/llvm-ffe3129e-ubuntu-x64/bin/mlir-tblgen -gen-typedef-decls -I /home/tritonuser/triton/include/triton/Dialect/Triton/IR -I/home/tritonuser/triton/include -I/home/tritonuser/triton/. -I/home/tritonuser/.triton/llvm/llvm-ffe3129e-ubuntu-x64/include -I/home/tritonuser/.triton/llvm/llvm-ffe3129e-ubuntu-x64/include -I/home/tritonuser/triton/include -I/home/tritonuser/triton/python/build/cmake.linux-x86_64-cpython-3.10/include -I/home/tritonuser/triton/third_party -I/home/tritonuser/triton/python/build/cmake.linux-x86_64-cpython-3.10/third_party /home/tritonuser/triton/include/triton/Dialect/Triton/IR/TritonTypes.td --write-if-changed -o include/triton/Dialect/Triton/IR/Types.h.inc -d include/triton/Dialect/Triton/IR/Types.h.inc.d
  /bin/sh: 1: /home/tritonuser/.triton/llvm/llvm-ffe3129e-ubuntu-x64/bin/mlir-tblgen: Permission denied
  [15/288] Building Passes.h.inc...
  FAILED: include/triton/Dialect/Triton/Transforms/Passes.h.inc /home/tritonuser/triton/python/build/cmake.linux-x86_64-cpython-3.10/include/triton/Dialect/Triton/Transforms/Passes.h.inc
  cd /home/tritonuser/triton/python/build/cmake.linux-x86_64-cpython-3.10 && /home/tritonuser/.triton/llvm/llvm-ffe3129e-ubuntu-x64/bin/mlir-tblgen -gen-pass-decls -name Triton -I /home/tritonuser/triton/include/triton/Dialect/Triton/Transforms -I/home/tritonuser/triton/include -I/home/tritonuser/triton/. -I/home/tritonuser/.triton/llvm/llvm-ffe3129e-ubuntu-x64/include -I/home/tritonuser/.triton/llvm/llvm-ffe3129e-ubuntu-x64/include -I/home/tritonuser/triton/include -I/home/tritonuser/triton/python/build/cmake.linux-x86_64-cpython-3.10/include -I/home/tritonuser/triton/third_party -I/home/tritonuser/triton/python/build/cmake.linux-x86_64-cpython-3.10/third_party /home/tritonuser/triton/include/triton/Dialect/Triton/Transforms/Passes.td --write-if-changed -o include/triton/Dialect/Triton/Transforms/Passes.h.inc -d include/triton/Dialect/Triton/Transforms/Passes.h.inc.d
  /bin/sh: 1: /home/tritonuser/.triton/llvm/llvm-ffe3129e-ubuntu-x64/bin/mlir-tblgen: Permission denied
  [16/288] Building Dialect.cpp.inc...
  FAILED: include/triton/Dialect/TritonGPU/IR/Dialect.cpp.inc /home/tritonuser/triton/python/build/cmake.linux-x86_64-cpython-3.10/include/triton/Dialect/TritonGPU/IR/Dialect.cpp.inc
  cd /home/tritonuser/triton/python/build/cmake.linux-x86_64-cpython-3.10 && /home/tritonuser/.triton/llvm/llvm-ffe3129e-ubuntu-x64/bin/mlir-tblgen -gen-dialect-defs -dialect=ttg -I /home/tritonuser/triton/include/triton/Dialect/TritonGPU/IR -I/home/tritonuser/triton/include -I/home/tritonuser/triton/. -I/home/tritonuser/.triton/llvm/llvm-ffe3129e-ubuntu-x64/include -I/home/tritonuser/.triton/llvm/llvm-ffe3129e-ubuntu-x64/include -I/home/tritonuser/triton/include -I/home/tritonuser/triton/python/build/cmake.linux-x86_64-cpython-3.10/include -I/home/tritonuser/triton/third_party -I/home/tritonuser/triton/python/build/cmake.linux-x86_64-cpython-3.10/third_party /home/tritonuser/triton/include/triton/Dialect/TritonGPU/IR/TritonGPUOps.td --write-if-changed -o include/triton/Dialect/TritonGPU/IR/Dialect.cpp.inc -d include/triton/Dialect/TritonGPU/IR/Dialect.cpp.inc.d
  /bin/sh: 1: /home/tritonuser/.triton/llvm/llvm-ffe3129e-ubuntu-x64/bin/mlir-tblgen: Permission denied
  [17/288] Building Dialect.h.inc...
  FAILED: include/triton/Dialect/TritonGPU/IR/Dialect.h.inc /home/tritonuser/triton/python/build/cmake.linux-x86_64-cpython-3.10/include/triton/Dialect/TritonGPU/IR/Dialect.h.inc
  cd /home/tritonuser/triton/python/build/cmake.linux-x86_64-cpython-3.10 && /home/tritonuser/.triton/llvm/llvm-ffe3129e-ubuntu-x64/bin/mlir-tblgen -gen-dialect-decls -dialect=ttg -I /home/tritonuser/triton/include/triton/Dialect/TritonGPU/IR -I/home/tritonuser/triton/include -I/home/tritonuser/triton/. -I/home/tritonuser/.triton/llvm/llvm-ffe3129e-ubuntu-x64/include -I/home/tritonuser/.triton/llvm/llvm-ffe3129e-ubuntu-x64/include -I/home/tritonuser/triton/include -I/home/tritonuser/triton/python/build/cmake.linux-x86_64-cpython-3.10/include -I/home/tritonuser/triton/third_party -I/home/tritonuser/triton/python/build/cmake.linux-x86_64-cpython-3.10/third_party /home/tritonuser/triton/include/triton/Dialect/TritonGPU/IR/TritonGPUOps.td --write-if-changed -o include/triton/Dialect/TritonGPU/IR/Dialect.h.inc -d include/triton/Dialect/TritonGPU/IR/Dialect.h.inc.d
  /bin/sh: 1: /home/tritonuser/.triton/llvm/llvm-ffe3129e-ubuntu-x64/bin/mlir-tblgen: Permission denied
  [18/288] Building Ops.cpp.inc...
  FAILED: include/triton/Dialect/TritonGPU/IR/Ops.cpp.inc /home/tritonuser/triton/python/build/cmake.linux-x86_64-cpython-3.10/include/triton/Dialect/TritonGPU/IR/Ops.cpp.inc
  cd /home/tritonuser/triton/python/build/cmake.linux-x86_64-cpython-3.10 && /home/tritonuser/.triton/llvm/llvm-ffe3129e-ubuntu-x64/bin/mlir-tblgen -gen-op-defs -I /home/tritonuser/triton/include/triton/Dialect/TritonGPU/IR -I/home/tritonuser/triton/include -I/home/tritonuser/triton/. -I/home/tritonuser/.triton/llvm/llvm-ffe3129e-ubuntu-x64/include -I/home/tritonuser/.triton/llvm/llvm-ffe3129e-ubuntu-x64/include -I/home/tritonuser/triton/include -I/home/tritonuser/triton/python/build/cmake.linux-x86_64-cpython-3.10/include -I/home/tritonuser/triton/third_party -I/home/tritonuser/triton/python/build/cmake.linux-x86_64-cpython-3.10/third_party /home/tritonuser/triton/include/triton/Dialect/TritonGPU/IR/TritonGPUOps.td --write-if-changed -o include/triton/Dialect/TritonGPU/IR/Ops.cpp.inc -d include/triton/Dialect/TritonGPU/IR/Ops.cpp.inc.d
  /bin/sh: 1: /home/tritonuser/.triton/llvm/llvm-ffe3129e-ubuntu-x64/bin/mlir-tblgen: Permission denied
  [19/288] Building Ops.h.inc...
  FAILED: include/triton/Dialect/TritonGPU/IR/Ops.h.inc /home/tritonuser/triton/python/build/cmake.linux-x86_64-cpython-3.10/include/triton/Dialect/TritonGPU/IR/Ops.h.inc
  cd /home/tritonuser/triton/python/build/cmake.linux-x86_64-cpython-3.10 && /home/tritonuser/.triton/llvm/llvm-ffe3129e-ubuntu-x64/bin/mlir-tblgen -gen-op-decls -I /home/tritonuser/triton/include/triton/Dialect/TritonGPU/IR -I/home/tritonuser/triton/include -I/home/tritonuser/triton/. -I/home/tritonuser/.triton/llvm/llvm-ffe3129e-ubuntu-x64/include -I/home/tritonuser/.triton/llvm/llvm-ffe3129e-ubuntu-x64/include -I/home/tritonuser/triton/include -I/home/tritonuser/triton/python/build/cmake.linux-x86_64-cpython-3.10/include -I/home/tritonuser/triton/third_party -I/home/tritonuser/triton/python/build/cmake.linux-x86_64-cpython-3.10/third_party /home/tritonuser/triton/include/triton/Dialect/TritonGPU/IR/TritonGPUOps.td --write-if-changed -o include/triton/Dialect/TritonGPU/IR/Ops.h.inc -d include/triton/Dialect/TritonGPU/IR/Ops.h.inc.d
  /bin/sh: 1: /home/tritonuser/.triton/llvm/llvm-ffe3129e-ubuntu-x64/bin/mlir-tblgen: Permission denied
  [20/288] Building Types.cpp.inc...
  FAILED: include/triton/Dialect/TritonGPU/IR/Types.cpp.inc /home/tritonuser/triton/python/build/cmake.linux-x86_64-cpython-3.10/include/triton/Dialect/TritonGPU/IR/Types.cpp.inc
  cd /home/tritonuser/triton/python/build/cmake.linux-x86_64-cpython-3.10 && /home/tritonuser/.triton/llvm/llvm-ffe3129e-ubuntu-x64/bin/mlir-tblgen -gen-typedef-defs -typedefs-dialect=ttg -I /home/tritonuser/triton/include/triton/Dialect/TritonGPU/IR -I/home/tritonuser/triton/include -I/home/tritonuser/triton/. -I/home/tritonuser/.triton/llvm/llvm-ffe3129e-ubuntu-x64/include -I/home/tritonuser/.triton/llvm/llvm-ffe3129e-ubuntu-x64/include -I/home/tritonuser/triton/include -I/home/tritonuser/triton/python/build/cmake.linux-x86_64-cpython-3.10/include -I/home/tritonuser/triton/third_party -I/home/tritonuser/triton/python/build/cmake.linux-x86_64-cpython-3.10/third_party /home/tritonuser/triton/include/triton/Dialect/TritonGPU/IR/TritonGPUOps.td --write-if-changed -o include/triton/Dialect/TritonGPU/IR/Types.cpp.inc -d include/triton/Dialect/TritonGPU/IR/Types.cpp.inc.d
  /bin/sh: 1: /home/tritonuser/.triton/llvm/llvm-ffe3129e-ubuntu-x64/bin/mlir-tblgen: Permission denied
  [21/288] Building Types.h.inc...
  FAILED: include/triton/Dialect/TritonGPU/IR/Types.h.inc /home/tritonuser/triton/python/build/cmake.linux-x86_64-cpython-3.10/include/triton/Dialect/TritonGPU/IR/Types.h.inc
  cd /home/tritonuser/triton/python/build/cmake.linux-x86_64-cpython-3.10 && /home/tritonuser/.triton/llvm/llvm-ffe3129e-ubuntu-x64/bin/mlir-tblgen -gen-typedef-decls -typedefs-dialect=ttg -I /home/tritonuser/triton/include/triton/Dialect/TritonGPU/IR -I/home/tritonuser/triton/include -I/home/tritonuser/triton/. -I/home/tritonuser/.triton/llvm/llvm-ffe3129e-ubuntu-x64/include -I/home/tritonuser/.triton/llvm/llvm-ffe3129e-ubuntu-x64/include -I/home/tritonuser/triton/include -I/home/tritonuser/triton/python/build/cmake.linux-x86_64-cpython-3.10/include -I/home/tritonuser/triton/third_party -I/home/tritonuser/triton/python/build/cmake.linux-x86_64-cpython-3.10/third_party /home/tritonuser/triton/include/triton/Dialect/TritonGPU/IR/TritonGPUOps.td --write-if-changed -o include/triton/Dialect/TritonGPU/IR/Types.h.inc -d include/triton/Dialect/TritonGPU/IR/Types.h.inc.d
  /bin/sh: 1: /home/tritonuser/.triton/llvm/llvm-ffe3129e-ubuntu-x64/bin/mlir-tblgen: Permission denied
  [22/288] Building Passes.h.inc...
  FAILED: include/triton/Dialect/TritonGPU/Transforms/Passes.h.inc /home/tritonuser/triton/python/build/cmake.linux-x86_64-cpython-3.10/include/triton/Dialect/TritonGPU/Transforms/Passes.h.inc
  cd /home/tritonuser/triton/python/build/cmake.linux-x86_64-cpython-3.10 && /home/tritonuser/.triton/llvm/llvm-ffe3129e-ubuntu-x64/bin/mlir-tblgen -gen-pass-decls -name TritonGPU -I /home/tritonuser/triton/include/triton/Dialect/TritonGPU/Transforms -I/home/tritonuser/triton/include -I/home/tritonuser/triton/. -I/home/tritonuser/.triton/llvm/llvm-ffe3129e-ubuntu-x64/include -I/home/tritonuser/.triton/llvm/llvm-ffe3129e-ubuntu-x64/include -I/home/tritonuser/triton/include -I/home/tritonuser/triton/python/build/cmake.linux-x86_64-cpython-3.10/include -I/home/tritonuser/triton/third_party -I/home/tritonuser/triton/python/build/cmake.linux-x86_64-cpython-3.10/third_party /home/tritonuser/triton/include/triton/Dialect/TritonGPU/Transforms/Passes.td --write-if-changed -o include/triton/Dialect/TritonGPU/Transforms/Passes.h.inc -d include/triton/Dialect/TritonGPU/Transforms/Passes.h.inc.d
  /bin/sh: 1: /home/tritonuser/.triton/llvm/llvm-ffe3129e-ubuntu-x64/bin/mlir-tblgen: Permission denied
  [23/288] Building Dialect.cpp.inc...
  FAILED: include/triton/Dialect/TritonNvidiaGPU/IR/Dialect.cpp.inc /home/tritonuser/triton/python/build/cmake.linux-x86_64-cpython-3.10/include/triton/Dialect/TritonNvidiaGPU/IR/Dialect.cpp.inc
  cd /home/tritonuser/triton/python/build/cmake.linux-x86_64-cpython-3.10 && /home/tritonuser/.triton/llvm/llvm-ffe3129e-ubuntu-x64/bin/mlir-tblgen -gen-dialect-defs -dialect=ttng -I /home/tritonuser/triton/include/triton/Dialect/TritonNvidiaGPU/IR -I/home/tritonuser/triton/include -I/home/tritonuser/triton/. -I/home/tritonuser/.triton/llvm/llvm-ffe3129e-ubuntu-x64/include -I/home/tritonuser/.triton/llvm/llvm-ffe3129e-ubuntu-x64/include -I/home/tritonuser/triton/include -I/home/tritonuser/triton/python/build/cmake.linux-x86_64-cpython-3.10/include -I/home/tritonuser/triton/third_party -I/home/tritonuser/triton/python/build/cmake.linux-x86_64-cpython-3.10/third_party /home/tritonuser/triton/include/triton/Dialect/TritonNvidiaGPU/IR/TritonNvidiaGPUOps.td --write-if-changed -o include/triton/Dialect/TritonNvidiaGPU/IR/Dialect.cpp.inc -d include/triton/Dialect/TritonNvidiaGPU/IR/Dialect.cpp.inc.d
  /bin/sh: 1: /home/tritonuser/.triton/llvm/llvm-ffe3129e-ubuntu-x64/bin/mlir-tblgen: Permission denied
  [24/288] Building Dialect.h.inc...
  FAILED: include/triton/Dialect/TritonNvidiaGPU/IR/Dialect.h.inc /home/tritonuser/triton/python/build/cmake.linux-x86_64-cpython-3.10/include/triton/Dialect/TritonNvidiaGPU/IR/Dialect.h.inc
  cd /home/tritonuser/triton/python/build/cmake.linux-x86_64-cpython-3.10 && /home/tritonuser/.triton/llvm/llvm-ffe3129e-ubuntu-x64/bin/mlir-tblgen -gen-dialect-decls -dialect=ttng -I /home/tritonuser/triton/include/triton/Dialect/TritonNvidiaGPU/IR -I/home/tritonuser/triton/include -I/home/tritonuser/triton/. -I/home/tritonuser/.triton/llvm/llvm-ffe3129e-ubuntu-x64/include -I/home/tritonuser/.triton/llvm/llvm-ffe3129e-ubuntu-x64/include -I/home/tritonuser/triton/include -I/home/tritonuser/triton/python/build/cmake.linux-x86_64-cpython-3.10/include -I/home/tritonuser/triton/third_party -I/home/tritonuser/triton/python/build/cmake.linux-x86_64-cpython-3.10/third_party /home/tritonuser/triton/include/triton/Dialect/TritonNvidiaGPU/IR/TritonNvidiaGPUOps.td --write-if-changed -o include/triton/Dialect/TritonNvidiaGPU/IR/Dialect.h.inc -d include/triton/Dialect/TritonNvidiaGPU/IR/Dialect.h.inc.d
  /bin/sh: 1: /home/tritonuser/.triton/llvm/llvm-ffe3129e-ubuntu-x64/bin/mlir-tblgen: Permission denied
  [25/288] Building Ops.cpp.inc...
  FAILED: include/triton/Dialect/TritonNvidiaGPU/IR/Ops.cpp.inc /home/tritonuser/triton/python/build/cmake.linux-x86_64-cpython-3.10/include/triton/Dialect/TritonNvidiaGPU/IR/Ops.cpp.inc
  cd /home/tritonuser/triton/python/build/cmake.linux-x86_64-cpython-3.10 && /home/tritonuser/.triton/llvm/llvm-ffe3129e-ubuntu-x64/bin/mlir-tblgen -gen-op-defs -I /home/tritonuser/triton/include/triton/Dialect/TritonNvidiaGPU/IR -I/home/tritonuser/triton/include -I/home/tritonuser/triton/. -I/home/tritonuser/.triton/llvm/llvm-ffe3129e-ubuntu-x64/include -I/home/tritonuser/.triton/llvm/llvm-ffe3129e-ubuntu-x64/include -I/home/tritonuser/triton/include -I/home/tritonuser/triton/python/build/cmake.linux-x86_64-cpython-3.10/include -I/home/tritonuser/triton/third_party -I/home/tritonuser/triton/python/build/cmake.linux-x86_64-cpython-3.10/third_party /home/tritonuser/triton/include/triton/Dialect/TritonNvidiaGPU/IR/TritonNvidiaGPUOps.td --write-if-changed -o include/triton/Dialect/TritonNvidiaGPU/IR/Ops.cpp.inc -d include/triton/Dialect/TritonNvidiaGPU/IR/Ops.cpp.inc.d
  /bin/sh: 1: /home/tritonuser/.triton/llvm/llvm-ffe3129e-ubuntu-x64/bin/mlir-tblgen: Permission denied
  [26/288] Building Ops.h.inc...
  FAILED: include/triton/Dialect/TritonNvidiaGPU/IR/Ops.h.inc /home/tritonuser/triton/python/build/cmake.linux-x86_64-cpython-3.10/include/triton/Dialect/TritonNvidiaGPU/IR/Ops.h.inc
  cd /home/tritonuser/triton/python/build/cmake.linux-x86_64-cpython-3.10 && /home/tritonuser/.triton/llvm/llvm-ffe3129e-ubuntu-x64/bin/mlir-tblgen -gen-op-decls -I /home/tritonuser/triton/include/triton/Dialect/TritonNvidiaGPU/IR -I/home/tritonuser/triton/include -I/home/tritonuser/triton/. -I/home/tritonuser/.triton/llvm/llvm-ffe3129e-ubuntu-x64/include -I/home/tritonuser/.triton/llvm/llvm-ffe3129e-ubuntu-x64/include -I/home/tritonuser/triton/include -I/home/tritonuser/triton/python/build/cmake.linux-x86_64-cpython-3.10/include -I/home/tritonuser/triton/third_party -I/home/tritonuser/triton/python/build/cmake.linux-x86_64-cpython-3.10/third_party /home/tritonuser/triton/include/triton/Dialect/TritonNvidiaGPU/IR/TritonNvidiaGPUOps.td --write-if-changed -o include/triton/Dialect/TritonNvidiaGPU/IR/Ops.h.inc -d include/triton/Dialect/TritonNvidiaGPU/IR/Ops.h.inc.d
  /bin/sh: 1: /home/tritonuser/.triton/llvm/llvm-ffe3129e-ubuntu-x64/bin/mlir-tblgen: Permission denied
  [27/288] Building Passes.h.inc...
  FAILED: include/triton/Dialect/TritonNvidiaGPU/Transforms/Passes.h.inc /home/tritonuser/triton/python/build/cmake.linux-x86_64-cpython-3.10/include/triton/Dialect/TritonNvidiaGPU/Transforms/Passes.h.inc
  cd /home/tritonuser/triton/python/build/cmake.linux-x86_64-cpython-3.10 && /home/tritonuser/.triton/llvm/llvm-ffe3129e-ubuntu-x64/bin/mlir-tblgen -gen-pass-decls -name TritonNvidiaGPU -I /home/tritonuser/triton/include/triton/Dialect/TritonNvidiaGPU/Transforms -I/home/tritonuser/triton/include -I/home/tritonuser/triton/. -I/home/tritonuser/.triton/llvm/llvm-ffe3129e-ubuntu-x64/include -I/home/tritonuser/.triton/llvm/llvm-ffe3129e-ubuntu-x64/include -I/home/tritonuser/triton/include -I/home/tritonuser/triton/python/build/cmake.linux-x86_64-cpython-3.10/include -I/home/tritonuser/triton/third_party -I/home/tritonuser/triton/python/build/cmake.linux-x86_64-cpython-3.10/third_party /home/tritonuser/triton/include/triton/Dialect/TritonNvidiaGPU/Transforms/Passes.td --write-if-changed -o include/triton/Dialect/TritonNvidiaGPU/Transforms/Passes.h.inc -d include/triton/Dialect/TritonNvidiaGPU/Transforms/Passes.h.inc.d
  /bin/sh: 1: /home/tritonuser/.triton/llvm/llvm-ffe3129e-ubuntu-x64/bin/mlir-tblgen: Permission denied
  [28/288] Building Passes.h.inc...
  FAILED: include/triton/Target/LLVMIR/Passes.h.inc /home/tritonuser/triton/python/build/cmake.linux-x86_64-cpython-3.10/include/triton/Target/LLVMIR/Passes.h.inc
  cd /home/tritonuser/triton/python/build/cmake.linux-x86_64-cpython-3.10 && /home/tritonuser/.triton/llvm/llvm-ffe3129e-ubuntu-x64/bin/mlir-tblgen -gen-pass-decls -name LLVMIR -I /home/tritonuser/triton/include/triton/Target/LLVMIR -I/home/tritonuser/triton/include -I/home/tritonuser/triton/. -I/home/tritonuser/.triton/llvm/llvm-ffe3129e-ubuntu-x64/include -I/home/tritonuser/.triton/llvm/llvm-ffe3129e-ubuntu-x64/include -I/home/tritonuser/triton/include -I/home/tritonuser/triton/python/build/cmake.linux-x86_64-cpython-3.10/include -I/home/tritonuser/triton/third_party -I/home/tritonuser/triton/python/build/cmake.linux-x86_64-cpython-3.10/third_party /home/tritonuser/triton/include/triton/Target/LLVMIR/Passes.td --write-if-changed -o include/triton/Target/LLVMIR/Passes.h.inc -d include/triton/Target/LLVMIR/Passes.h.inc.d
  /bin/sh: 1: /home/tritonuser/.triton/llvm/llvm-ffe3129e-ubuntu-x64/bin/mlir-tblgen: Permission denied
  [29/288] Building Dialect.cpp.inc...
  FAILED: third_party/proton/dialect/include/Dialect/Proton/IR/Dialect.cpp.inc /home/tritonuser/triton/python/build/cmake.linux-x86_64-cpython-3.10/third_party/proton/dialect/include/Dialect/Proton/IR/Dialect.cpp.inc
  cd /home/tritonuser/triton/python/build/cmake.linux-x86_64-cpython-3.10 && /home/tritonuser/.triton/llvm/llvm-ffe3129e-ubuntu-x64/bin/mlir-tblgen -gen-dialect-defs -dialect=proton -I /home/tritonuser/triton/third_party/proton/dialect/include/Dialect/Proton/IR -I/home/tritonuser/triton/include -I/home/tritonuser/triton/. -I/home/tritonuser/.triton/llvm/llvm-ffe3129e-ubuntu-x64/include -I/home/tritonuser/.triton/llvm/llvm-ffe3129e-ubuntu-x64/include -I/home/tritonuser/triton/include -I/home/tritonuser/triton/python/build/cmake.linux-x86_64-cpython-3.10/include -I/home/tritonuser/triton/third_party -I/home/tritonuser/triton/python/build/cmake.linux-x86_64-cpython-3.10/third_party -I/home/tritonuser/triton/python/src -I/home/tritonuser/triton/third_party/proton/dialect/include -I/home/tritonuser/triton/python/build/cmake.linux-x86_64-cpython-3.10/third_party/proton/dialect/include /home/tritonuser/triton/third_party/proton/dialect/include/Dialect/Proton/IR/ProtonOps.td --write-if-changed -o third_party/proton/dialect/include/Dialect/Proton/IR/Dialect.cpp.inc -d third_party/proton/dialect/include/Dialect/Proton/IR/Dialect.cpp.inc.d
  /bin/sh: 1: /home/tritonuser/.triton/llvm/llvm-ffe3129e-ubuntu-x64/bin/mlir-tblgen: Permission denied
  [30/288] Building Dialect.h.inc...
  FAILED: third_party/proton/dialect/include/Dialect/Proton/IR/Dialect.h.inc /home/tritonuser/triton/python/build/cmake.linux-x86_64-cpython-3.10/third_party/proton/dialect/include/Dialect/Proton/IR/Dialect.h.inc
  cd /home/tritonuser/triton/python/build/cmake.linux-x86_64-cpython-3.10 && /home/tritonuser/.triton/llvm/llvm-ffe3129e-ubuntu-x64/bin/mlir-tblgen -gen-dialect-decls -dialect=proton -I /home/tritonuser/triton/third_party/proton/dialect/include/Dialect/Proton/IR -I/home/tritonuser/triton/include -I/home/tritonuser/triton/. -I/home/tritonuser/.triton/llvm/llvm-ffe3129e-ubuntu-x64/include -I/home/tritonuser/.triton/llvm/llvm-ffe3129e-ubuntu-x64/include -I/home/tritonuser/triton/include -I/home/tritonuser/triton/python/build/cmake.linux-x86_64-cpython-3.10/include -I/home/tritonuser/triton/third_party -I/home/tritonuser/triton/python/build/cmake.linux-x86_64-cpython-3.10/third_party -I/home/tritonuser/triton/python/src -I/home/tritonuser/triton/third_party/proton/dialect/include -I/home/tritonuser/triton/python/build/cmake.linux-x86_64-cpython-3.10/third_party/proton/dialect/include /home/tritonuser/triton/third_party/proton/dialect/include/Dialect/Proton/IR/ProtonOps.td --write-if-changed -o third_party/proton/dialect/include/Dialect/Proton/IR/Dialect.h.inc -d third_party/proton/dialect/include/Dialect/Proton/IR/Dialect.h.inc.d
  /bin/sh: 1: /home/tritonuser/.triton/llvm/llvm-ffe3129e-ubuntu-x64/bin/mlir-tblgen: Permission denied
  [31/288] Building Ops.cpp.inc...
  FAILED: third_party/proton/dialect/include/Dialect/Proton/IR/Ops.cpp.inc /home/tritonuser/triton/python/build/cmake.linux-x86_64-cpython-3.10/third_party/proton/dialect/include/Dialect/Proton/IR/Ops.cpp.inc
  cd /home/tritonuser/triton/python/build/cmake.linux-x86_64-cpython-3.10 && /home/tritonuser/.triton/llvm/llvm-ffe3129e-ubuntu-x64/bin/mlir-tblgen -gen-op-defs -I /home/tritonuser/triton/third_party/proton/dialect/include/Dialect/Proton/IR -I/home/tritonuser/triton/include -I/home/tritonuser/triton/. -I/home/tritonuser/.triton/llvm/llvm-ffe3129e-ubuntu-x64/include -I/home/tritonuser/.triton/llvm/llvm-ffe3129e-ubuntu-x64/include -I/home/tritonuser/triton/include -I/home/tritonuser/triton/python/build/cmake.linux-x86_64-cpython-3.10/include -I/home/tritonuser/triton/third_party -I/home/tritonuser/triton/python/build/cmake.linux-x86_64-cpython-3.10/third_party -I/home/tritonuser/triton/python/src -I/home/tritonuser/triton/third_party/proton/dialect/include -I/home/tritonuser/triton/python/build/cmake.linux-x86_64-cpython-3.10/third_party/proton/dialect/include /home/tritonuser/triton/third_party/proton/dialect/include/Dialect/Proton/IR/ProtonOps.td --write-if-changed -o third_party/proton/dialect/include/Dialect/Proton/IR/Ops.cpp.inc -d third_party/proton/dialect/include/Dialect/Proton/IR/Ops.cpp.inc.d
  /bin/sh: 1: /home/tritonuser/.triton/llvm/llvm-ffe3129e-ubuntu-x64/bin/mlir-tblgen: Permission denied
  [32/288] Building OpsConversions.inc...
  FAILED: third_party/proton/dialect/include/Dialect/Proton/IR/OpsConversions.inc /home/tritonuser/triton/python/build/cmake.linux-x86_64-cpython-3.10/third_party/proton/dialect/include/Dialect/Proton/IR/OpsConversions.inc
  cd /home/tritonuser/triton/python/build/cmake.linux-x86_64-cpython-3.10 && /home/tritonuser/.triton/llvm/llvm-ffe3129e-ubuntu-x64/bin/mlir-tblgen -gen-llvmir-conversions -I /home/tritonuser/triton/third_party/proton/dialect/include/Dialect/Proton/IR -I/home/tritonuser/triton/include -I/home/tritonuser/triton/. -I/home/tritonuser/.triton/llvm/llvm-ffe3129e-ubuntu-x64/include -I/home/tritonuser/.triton/llvm/llvm-ffe3129e-ubuntu-x64/include -I/home/tritonuser/triton/include -I/home/tritonuser/triton/python/build/cmake.linux-x86_64-cpython-3.10/include -I/home/tritonuser/triton/third_party -I/home/tritonuser/triton/python/build/cmake.linux-x86_64-cpython-3.10/third_party -I/home/tritonuser/triton/python/src -I/home/tritonuser/triton/third_party/proton/dialect/include -I/home/tritonuser/triton/python/build/cmake.linux-x86_64-cpython-3.10/third_party/proton/dialect/include /home/tritonuser/triton/third_party/proton/dialect/include/Dialect/Proton/IR/ProtonOps.td --write-if-changed -o third_party/proton/dialect/include/Dialect/Proton/IR/OpsConversions.inc -d third_party/proton/dialect/include/Dialect/Proton/IR/OpsConversions.inc.d
  /bin/sh: 1: /home/tritonuser/.triton/llvm/llvm-ffe3129e-ubuntu-x64/bin/mlir-tblgen: Permission denied
  [33/288] Building OpsEnums.cpp.inc...
  FAILED: third_party/proton/dialect/include/Dialect/Proton/IR/OpsEnums.cpp.inc /home/tritonuser/triton/python/build/cmake.linux-x86_64-cpython-3.10/third_party/proton/dialect/include/Dialect/Proton/IR/OpsEnums.cpp.inc
  cd /home/tritonuser/triton/python/build/cmake.linux-x86_64-cpython-3.10 && /home/tritonuser/.triton/llvm/llvm-ffe3129e-ubuntu-x64/bin/mlir-tblgen -gen-enum-defs -I /home/tritonuser/triton/third_party/proton/dialect/include/Dialect/Proton/IR -I/home/tritonuser/triton/include -I/home/tritonuser/triton/. -I/home/tritonuser/.triton/llvm/llvm-ffe3129e-ubuntu-x64/include -I/home/tritonuser/.triton/llvm/llvm-ffe3129e-ubuntu-x64/include -I/home/tritonuser/triton/include -I/home/tritonuser/triton/python/build/cmake.linux-x86_64-cpython-3.10/include -I/home/tritonuser/triton/third_party -I/home/tritonuser/triton/python/build/cmake.linux-x86_64-cpython-3.10/third_party -I/home/tritonuser/triton/python/src -I/home/tritonuser/triton/third_party/proton/dialect/include -I/home/tritonuser/triton/python/build/cmake.linux-x86_64-cpython-3.10/third_party/proton/dialect/include /home/tritonuser/triton/third_party/proton/dialect/include/Dialect/Proton/IR/ProtonOps.td --write-if-changed -o third_party/proton/dialect/include/Dialect/Proton/IR/OpsEnums.cpp.inc -d third_party/proton/dialect/include/Dialect/Proton/IR/OpsEnums.cpp.inc.d
  /bin/sh: 1: /home/tritonuser/.triton/llvm/llvm-ffe3129e-ubuntu-x64/bin/mlir-tblgen: Permission denied
  [34/288] Building TritonCanonicalize.inc...
  FAILED: lib/Dialect/Triton/IR/TritonCanonicalize.inc /home/tritonuser/triton/python/build/cmake.linux-x86_64-cpython-3.10/lib/Dialect/Triton/IR/TritonCanonicalize.inc
  cd /home/tritonuser/triton/python/build/cmake.linux-x86_64-cpython-3.10 && /home/tritonuser/.triton/llvm/llvm-ffe3129e-ubuntu-x64/bin/mlir-tblgen -gen-rewriters -I /home/tritonuser/triton/lib/Dialect/Triton/IR -I/home/tritonuser/triton/include -I/home/tritonuser/triton/. -I/home/tritonuser/.triton/llvm/llvm-ffe3129e-ubuntu-x64/include -I/home/tritonuser/.triton/llvm/llvm-ffe3129e-ubuntu-x64/include -I/home/tritonuser/triton/include -I/home/tritonuser/triton/python/build/cmake.linux-x86_64-cpython-3.10/include -I/home/tritonuser/triton/third_party -I/home/tritonuser/triton/python/build/cmake.linux-x86_64-cpython-3.10/third_party /home/tritonuser/triton/lib/Dialect/Triton/IR/Canonicalize.td --write-if-changed -o lib/Dialect/Triton/IR/TritonCanonicalize.inc -d lib/Dialect/Triton/IR/TritonCanonicalize.inc.d
  /bin/sh: 1: /home/tritonuser/.triton/llvm/llvm-ffe3129e-ubuntu-x64/bin/mlir-tblgen: Permission denied
  [35/288] Building TritonCombine.inc...
  FAILED: lib/Dialect/Triton/Transforms/TritonCombine.inc /home/tritonuser/triton/python/build/cmake.linux-x86_64-cpython-3.10/lib/Dialect/Triton/Transforms/TritonCombine.inc
  cd /home/tritonuser/triton/python/build/cmake.linux-x86_64-cpython-3.10 && /home/tritonuser/.triton/llvm/llvm-ffe3129e-ubuntu-x64/bin/mlir-tblgen -gen-rewriters -I /home/tritonuser/triton/lib/Dialect/Triton/Transforms -I/home/tritonuser/triton/include -I/home/tritonuser/triton/. -I/home/tritonuser/.triton/llvm/llvm-ffe3129e-ubuntu-x64/include -I/home/tritonuser/.triton/llvm/llvm-ffe3129e-ubuntu-x64/include -I/home/tritonuser/triton/include -I/home/tritonuser/triton/python/build/cmake.linux-x86_64-cpython-3.10/include -I/home/tritonuser/triton/third_party -I/home/tritonuser/triton/python/build/cmake.linux-x86_64-cpython-3.10/third_party /home/tritonuser/triton/lib/Dialect/Triton/Transforms/Combine.td --write-if-changed -o lib/Dialect/Triton/Transforms/TritonCombine.inc -d lib/Dialect/Triton/Transforms/TritonCombine.inc.d
  /bin/sh: 1: /home/tritonuser/.triton/llvm/llvm-ffe3129e-ubuntu-x64/bin/mlir-tblgen: Permission denied
  [36/288] Building Dialect.cpp.inc...
  FAILED: third_party/nvidia/include/Dialect/NVGPU/IR/Dialect.cpp.inc /home/tritonuser/triton/python/build/cmake.linux-x86_64-cpython-3.10/third_party/nvidia/include/Dialect/NVGPU/IR/Dialect.cpp.inc
  cd /home/tritonuser/triton/python/build/cmake.linux-x86_64-cpython-3.10 && /home/tritonuser/.triton/llvm/llvm-ffe3129e-ubuntu-x64/bin/mlir-tblgen -gen-dialect-defs -dialect=nvgpu -I /home/tritonuser/triton/third_party/nvidia/include/Dialect/NVGPU/IR -I/home/tritonuser/triton/include -I/home/tritonuser/triton/. -I/home/tritonuser/.triton/llvm/llvm-ffe3129e-ubuntu-x64/include -I/home/tritonuser/.triton/llvm/llvm-ffe3129e-ubuntu-x64/include -I/home/tritonuser/triton/include -I/home/tritonuser/triton/python/build/cmake.linux-x86_64-cpython-3.10/include -I/home/tritonuser/triton/third_party -I/home/tritonuser/triton/python/build/cmake.linux-x86_64-cpython-3.10/third_party -I/home/tritonuser/triton/python/src -I/home/tritonuser/triton/third_party/nvidia/include -I/home/tritonuser/triton/python/build/cmake.linux-x86_64-cpython-3.10/third_party/nvidia/include /home/tritonuser/triton/third_party/nvidia/include/Dialect/NVGPU/IR/NVGPUOps.td --write-if-changed -o third_party/nvidia/include/Dialect/NVGPU/IR/Dialect.cpp.inc -d third_party/nvidia/include/Dialect/NVGPU/IR/Dialect.cpp.inc.d
  /bin/sh: 1: /home/tritonuser/.triton/llvm/llvm-ffe3129e-ubuntu-x64/bin/mlir-tblgen: Permission denied
  [37/288] Building Dialect.h.inc...
  FAILED: third_party/nvidia/include/Dialect/NVGPU/IR/Dialect.h.inc /home/tritonuser/triton/python/build/cmake.linux-x86_64-cpython-3.10/third_party/nvidia/include/Dialect/NVGPU/IR/Dialect.h.inc
  cd /home/tritonuser/triton/python/build/cmake.linux-x86_64-cpython-3.10 && /home/tritonuser/.triton/llvm/llvm-ffe3129e-ubuntu-x64/bin/mlir-tblgen -gen-dialect-decls -dialect=nvgpu -I /home/tritonuser/triton/third_party/nvidia/include/Dialect/NVGPU/IR -I/home/tritonuser/triton/include -I/home/tritonuser/triton/. -I/home/tritonuser/.triton/llvm/llvm-ffe3129e-ubuntu-x64/include -I/home/tritonuser/.triton/llvm/llvm-ffe3129e-ubuntu-x64/include -I/home/tritonuser/triton/include -I/home/tritonuser/triton/python/build/cmake.linux-x86_64-cpython-3.10/include -I/home/tritonuser/triton/third_party -I/home/tritonuser/triton/python/build/cmake.linux-x86_64-cpython-3.10/third_party -I/home/tritonuser/triton/python/src -I/home/tritonuser/triton/third_party/nvidia/include -I/home/tritonuser/triton/python/build/cmake.linux-x86_64-cpython-3.10/third_party/nvidia/include /home/tritonuser/triton/third_party/nvidia/include/Dialect/NVGPU/IR/NVGPUOps.td --write-if-changed -o third_party/nvidia/include/Dialect/NVGPU/IR/Dialect.h.inc -d third_party/nvidia/include/Dialect/NVGPU/IR/Dialect.h.inc.d
  /bin/sh: 1: /home/tritonuser/.triton/llvm/llvm-ffe3129e-ubuntu-x64/bin/mlir-tblgen: Permission denied
  [38/288] Building Ops.cpp.inc...
  FAILED: third_party/nvidia/include/Dialect/NVGPU/IR/Ops.cpp.inc /home/tritonuser/triton/python/build/cmake.linux-x86_64-cpython-3.10/third_party/nvidia/include/Dialect/NVGPU/IR/Ops.cpp.inc
  cd /home/tritonuser/triton/python/build/cmake.linux-x86_64-cpython-3.10 && /home/tritonuser/.triton/llvm/llvm-ffe3129e-ubuntu-x64/bin/mlir-tblgen -gen-op-defs -I /home/tritonuser/triton/third_party/nvidia/include/Dialect/NVGPU/IR -I/home/tritonuser/triton/include -I/home/tritonuser/triton/. -I/home/tritonuser/.triton/llvm/llvm-ffe3129e-ubuntu-x64/include -I/home/tritonuser/.triton/llvm/llvm-ffe3129e-ubuntu-x64/include -I/home/tritonuser/triton/include -I/home/tritonuser/triton/python/build/cmake.linux-x86_64-cpython-3.10/include -I/home/tritonuser/triton/third_party -I/home/tritonuser/triton/python/build/cmake.linux-x86_64-cpython-3.10/third_party -I/home/tritonuser/triton/python/src -I/home/tritonuser/triton/third_party/nvidia/include -I/home/tritonuser/triton/python/build/cmake.linux-x86_64-cpython-3.10/third_party/nvidia/include /home/tritonuser/triton/third_party/nvidia/include/Dialect/NVGPU/IR/NVGPUOps.td --write-if-changed -o third_party/nvidia/include/Dialect/NVGPU/IR/Ops.cpp.inc -d third_party/nvidia/include/Dialect/NVGPU/IR/Ops.cpp.inc.d
  /bin/sh: 1: /home/tritonuser/.triton/llvm/llvm-ffe3129e-ubuntu-x64/bin/mlir-tblgen: Permission denied
  [39/288] Building Ops.h.inc...
  FAILED: third_party/nvidia/include/Dialect/NVGPU/IR/Ops.h.inc /home/tritonuser/triton/python/build/cmake.linux-x86_64-cpython-3.10/third_party/nvidia/include/Dialect/NVGPU/IR/Ops.h.inc
  cd /home/tritonuser/triton/python/build/cmake.linux-x86_64-cpython-3.10 && /home/tritonuser/.triton/llvm/llvm-ffe3129e-ubuntu-x64/bin/mlir-tblgen -gen-op-decls -I /home/tritonuser/triton/third_party/nvidia/include/Dialect/NVGPU/IR -I/home/tritonuser/triton/include -I/home/tritonuser/triton/. -I/home/tritonuser/.triton/llvm/llvm-ffe3129e-ubuntu-x64/include -I/home/tritonuser/.triton/llvm/llvm-ffe3129e-ubuntu-x64/include -I/home/tritonuser/triton/include -I/home/tritonuser/triton/python/build/cmake.linux-x86_64-cpython-3.10/include -I/home/tritonuser/triton/third_party -I/home/tritonuser/triton/python/build/cmake.linux-x86_64-cpython-3.10/third_party -I/home/tritonuser/triton/python/src -I/home/tritonuser/triton/third_party/nvidia/include -I/home/tritonuser/triton/python/build/cmake.linux-x86_64-cpython-3.10/third_party/nvidia/include /home/tritonuser/triton/third_party/nvidia/include/Dialect/NVGPU/IR/NVGPUOps.td --write-if-changed -o third_party/nvidia/include/Dialect/NVGPU/IR/Ops.h.inc -d third_party/nvidia/include/Dialect/NVGPU/IR/Ops.h.inc.d
  /bin/sh: 1: /home/tritonuser/.triton/llvm/llvm-ffe3129e-ubuntu-x64/bin/mlir-tblgen: Permission denied
  [40/288] Building OpsConversions.inc...
  FAILED: third_party/nvidia/include/Dialect/NVGPU/IR/OpsConversions.inc /home/tritonuser/triton/python/build/cmake.linux-x86_64-cpython-3.10/third_party/nvidia/include/Dialect/NVGPU/IR/OpsConversions.inc
  cd /home/tritonuser/triton/python/build/cmake.linux-x86_64-cpython-3.10 && /home/tritonuser/.triton/llvm/llvm-ffe3129e-ubuntu-x64/bin/mlir-tblgen -gen-llvmir-conversions -I /home/tritonuser/triton/third_party/nvidia/include/Dialect/NVGPU/IR -I/home/tritonuser/triton/include -I/home/tritonuser/triton/. -I/home/tritonuser/.triton/llvm/llvm-ffe3129e-ubuntu-x64/include -I/home/tritonuser/.triton/llvm/llvm-ffe3129e-ubuntu-x64/include -I/home/tritonuser/triton/include -I/home/tritonuser/triton/python/build/cmake.linux-x86_64-cpython-3.10/include -I/home/tritonuser/triton/third_party -I/home/tritonuser/triton/python/build/cmake.linux-x86_64-cpython-3.10/third_party -I/home/tritonuser/triton/python/src -I/home/tritonuser/triton/third_party/nvidia/include -I/home/tritonuser/triton/python/build/cmake.linux-x86_64-cpython-3.10/third_party/nvidia/include /home/tritonuser/triton/third_party/nvidia/include/Dialect/NVGPU/IR/NVGPUOps.td --write-if-changed -o third_party/nvidia/include/Dialect/NVGPU/IR/OpsConversions.inc -d third_party/nvidia/include/Dialect/NVGPU/IR/OpsConversions.inc.d
  /bin/sh: 1: /home/tritonuser/.triton/llvm/llvm-ffe3129e-ubuntu-x64/bin/mlir-tblgen: Permission denied
  [41/288] Building OpsEnums.cpp.inc...
  FAILED: third_party/nvidia/include/Dialect/NVGPU/IR/OpsEnums.cpp.inc /home/tritonuser/triton/python/build/cmake.linux-x86_64-cpython-3.10/third_party/nvidia/include/Dialect/NVGPU/IR/OpsEnums.cpp.inc
  cd /home/tritonuser/triton/python/build/cmake.linux-x86_64-cpython-3.10 && /home/tritonuser/.triton/llvm/llvm-ffe3129e-ubuntu-x64/bin/mlir-tblgen -gen-enum-defs -I /home/tritonuser/triton/third_party/nvidia/include/Dialect/NVGPU/IR -I/home/tritonuser/triton/include -I/home/tritonuser/triton/. -I/home/tritonuser/.triton/llvm/llvm-ffe3129e-ubuntu-x64/include -I/home/tritonuser/.triton/llvm/llvm-ffe3129e-ubuntu-x64/include -I/home/tritonuser/triton/include -I/home/tritonuser/triton/python/build/cmake.linux-x86_64-cpython-3.10/include -I/home/tritonuser/triton/third_party -I/home/tritonuser/triton/python/build/cmake.linux-x86_64-cpython-3.10/third_party -I/home/tritonuser/triton/python/src -I/home/tritonuser/triton/third_party/nvidia/include -I/home/tritonuser/triton/python/build/cmake.linux-x86_64-cpython-3.10/third_party/nvidia/include /home/tritonuser/triton/third_party/nvidia/include/Dialect/NVGPU/IR/NVGPUOps.td --write-if-changed -o third_party/nvidia/include/Dialect/NVGPU/IR/OpsEnums.cpp.inc -d third_party/nvidia/include/Dialect/NVGPU/IR/OpsEnums.cpp.inc.d
  /bin/sh: 1: /home/tritonuser/.triton/llvm/llvm-ffe3129e-ubuntu-x64/bin/mlir-tblgen: Permission denied
  [42/288] Building OpsEnums.h.inc...
  FAILED: third_party/nvidia/include/Dialect/NVGPU/IR/OpsEnums.h.inc /home/tritonuser/triton/python/build/cmake.linux-x86_64-cpython-3.10/third_party/nvidia/include/Dialect/NVGPU/IR/OpsEnums.h.inc
  cd /home/tritonuser/triton/python/build/cmake.linux-x86_64-cpython-3.10 && /home/tritonuser/.triton/llvm/llvm-ffe3129e-ubuntu-x64/bin/mlir-tblgen -gen-enum-decls -I /home/tritonuser/triton/third_party/nvidia/include/Dialect/NVGPU/IR -I/home/tritonuser/triton/include -I/home/tritonuser/triton/. -I/home/tritonuser/.triton/llvm/llvm-ffe3129e-ubuntu-x64/include -I/home/tritonuser/.triton/llvm/llvm-ffe3129e-ubuntu-x64/include -I/home/tritonuser/triton/include -I/home/tritonuser/triton/python/build/cmake.linux-x86_64-cpython-3.10/include -I/home/tritonuser/triton/third_party -I/home/tritonuser/triton/python/build/cmake.linux-x86_64-cpython-3.10/third_party -I/home/tritonuser/triton/python/src -I/home/tritonuser/triton/third_party/nvidia/include -I/home/tritonuser/triton/python/build/cmake.linux-x86_64-cpython-3.10/third_party/nvidia/include /home/tritonuser/triton/third_party/nvidia/include/Dialect/NVGPU/IR/NVGPUOps.td --write-if-changed -o third_party/nvidia/include/Dialect/NVGPU/IR/OpsEnums.h.inc -d third_party/nvidia/include/Dialect/NVGPU/IR/OpsEnums.h.inc.d
  /bin/sh: 1: /home/tritonuser/.triton/llvm/llvm-ffe3129e-ubuntu-x64/bin/mlir-tblgen: Permission denied
  [43/288] Building Passes.h.inc...
  FAILED: third_party/nvidia/include/TritonNVIDIAGPUToLLVM/Passes.h.inc /home/tritonuser/triton/python/build/cmake.linux-x86_64-cpython-3.10/third_party/nvidia/include/TritonNVIDIAGPUToLLVM/Passes.h.inc
  cd /home/tritonuser/triton/python/build/cmake.linux-x86_64-cpython-3.10 && /home/tritonuser/.triton/llvm/llvm-ffe3129e-ubuntu-x64/bin/mlir-tblgen -gen-pass-decls --name TritonNVIDIAGPUToLLVM -I /home/tritonuser/triton/third_party/nvidia/include/TritonNVIDIAGPUToLLVM -I/home/tritonuser/triton/include -I/home/tritonuser/triton/. -I/home/tritonuser/.triton/llvm/llvm-ffe3129e-ubuntu-x64/include -I/home/tritonuser/.triton/llvm/llvm-ffe3129e-ubuntu-x64/include -I/home/tritonuser/triton/include -I/home/tritonuser/triton/python/build/cmake.linux-x86_64-cpython-3.10/include -I/home/tritonuser/triton/third_party -I/home/tritonuser/triton/python/build/cmake.linux-x86_64-cpython-3.10/third_party -I/home/tritonuser/triton/python/src -I/home/tritonuser/triton/third_party/nvidia/include -I/home/tritonuser/triton/python/build/cmake.linux-x86_64-cpython-3.10/third_party/nvidia/include /home/tritonuser/triton/third_party/nvidia/include/TritonNVIDIAGPUToLLVM/Passes.td --write-if-changed -o third_party/nvidia/include/TritonNVIDIAGPUToLLVM/Passes.h.inc -d third_party/nvidia/include/TritonNVIDIAGPUToLLVM/Passes.h.inc.d
  /bin/sh: 1: /home/tritonuser/.triton/llvm/llvm-ffe3129e-ubuntu-x64/bin/mlir-tblgen: Permission denied
  [44/288] Building Passes.h.inc...
  FAILED: third_party/nvidia/include/NVGPUToLLVM/Passes.h.inc /home/tritonuser/triton/python/build/cmake.linux-x86_64-cpython-3.10/third_party/nvidia/include/NVGPUToLLVM/Passes.h.inc
  cd /home/tritonuser/triton/python/build/cmake.linux-x86_64-cpython-3.10 && /home/tritonuser/.triton/llvm/llvm-ffe3129e-ubuntu-x64/bin/mlir-tblgen -gen-pass-decls --name NVGPUToLLVM -I /home/tritonuser/triton/third_party/nvidia/include/NVGPUToLLVM -I/home/tritonuser/triton/include -I/home/tritonuser/triton/. -I/home/tritonuser/.triton/llvm/llvm-ffe3129e-ubuntu-x64/include -I/home/tritonuser/.triton/llvm/llvm-ffe3129e-ubuntu-x64/include -I/home/tritonuser/triton/include -I/home/tritonuser/triton/python/build/cmake.linux-x86_64-cpython-3.10/include -I/home/tritonuser/triton/third_party -I/home/tritonuser/triton/python/build/cmake.linux-x86_64-cpython-3.10/third_party -I/home/tritonuser/triton/python/src -I/home/tritonuser/triton/third_party/nvidia/include -I/home/tritonuser/triton/python/build/cmake.linux-x86_64-cpython-3.10/third_party/nvidia/include /home/tritonuser/triton/third_party/nvidia/include/NVGPUToLLVM/Passes.td --write-if-changed -o third_party/nvidia/include/NVGPUToLLVM/Passes.h.inc -d third_party/nvidia/include/NVGPUToLLVM/Passes.h.inc.d
  /bin/sh: 1: /home/tritonuser/.triton/llvm/llvm-ffe3129e-ubuntu-x64/bin/mlir-tblgen: Permission denied
  [45/288] Building Dialect.cpp.inc...
  FAILED: third_party/amd/include/Dialect/TritonAMDGPU/IR/Dialect.cpp.inc /home/tritonuser/triton/python/build/cmake.linux-x86_64-cpython-3.10/third_party/amd/include/Dialect/TritonAMDGPU/IR/Dialect.cpp.inc
  cd /home/tritonuser/triton/python/build/cmake.linux-x86_64-cpython-3.10 && /home/tritonuser/.triton/llvm/llvm-ffe3129e-ubuntu-x64/bin/mlir-tblgen -gen-dialect-defs -dialect=amdgpu -I /home/tritonuser/triton/third_party/amd/include/Dialect/TritonAMDGPU/IR -I/home/tritonuser/triton/include -I/home/tritonuser/triton/. -I/home/tritonuser/.triton/llvm/llvm-ffe3129e-ubuntu-x64/include -I/home/tritonuser/.triton/llvm/llvm-ffe3129e-ubuntu-x64/include -I/home/tritonuser/triton/include -I/home/tritonuser/triton/python/build/cmake.linux-x86_64-cpython-3.10/include -I/home/tritonuser/triton/third_party -I/home/tritonuser/triton/python/build/cmake.linux-x86_64-cpython-3.10/third_party -I/home/tritonuser/triton/python/src -I/home/tritonuser/triton/third_party/amd/include -I/home/tritonuser/triton/python/build/cmake.linux-x86_64-cpython-3.10/third_party/amd/include /home/tritonuser/triton/third_party/amd/include/Dialect/TritonAMDGPU/IR/TritonAMDGPUOps.td --write-if-changed -o third_party/amd/include/Dialect/TritonAMDGPU/IR/Dialect.cpp.inc -d third_party/amd/include/Dialect/TritonAMDGPU/IR/Dialect.cpp.inc.d
  /bin/sh: 1: /home/tritonuser/.triton/llvm/llvm-ffe3129e-ubuntu-x64/bin/mlir-tblgen: Permission denied
  [46/288] Building Dialect.h.inc...
  FAILED: third_party/amd/include/Dialect/TritonAMDGPU/IR/Dialect.h.inc /home/tritonuser/triton/python/build/cmake.linux-x86_64-cpython-3.10/third_party/amd/include/Dialect/TritonAMDGPU/IR/Dialect.h.inc
  cd /home/tritonuser/triton/python/build/cmake.linux-x86_64-cpython-3.10 && /home/tritonuser/.triton/llvm/llvm-ffe3129e-ubuntu-x64/bin/mlir-tblgen -gen-dialect-decls -dialect=amdgpu -I /home/tritonuser/triton/third_party/amd/include/Dialect/TritonAMDGPU/IR -I/home/tritonuser/triton/include -I/home/tritonuser/triton/. -I/home/tritonuser/.triton/llvm/llvm-ffe3129e-ubuntu-x64/include -I/home/tritonuser/.triton/llvm/llvm-ffe3129e-ubuntu-x64/include -I/home/tritonuser/triton/include -I/home/tritonuser/triton/python/build/cmake.linux-x86_64-cpython-3.10/include -I/home/tritonuser/triton/third_party -I/home/tritonuser/triton/python/build/cmake.linux-x86_64-cpython-3.10/third_party -I/home/tritonuser/triton/python/src -I/home/tritonuser/triton/third_party/amd/include -I/home/tritonuser/triton/python/build/cmake.linux-x86_64-cpython-3.10/third_party/amd/include /home/tritonuser/triton/third_party/amd/include/Dialect/TritonAMDGPU/IR/TritonAMDGPUOps.td --write-if-changed -o third_party/amd/include/Dialect/TritonAMDGPU/IR/Dialect.h.inc -d third_party/amd/include/Dialect/TritonAMDGPU/IR/Dialect.h.inc.d
  /bin/sh: 1: /home/tritonuser/.triton/llvm/llvm-ffe3129e-ubuntu-x64/bin/mlir-tblgen: Permission denied
  [47/288] Building Ops.cpp.inc...
  FAILED: third_party/amd/include/Dialect/TritonAMDGPU/IR/Ops.cpp.inc /home/tritonuser/triton/python/build/cmake.linux-x86_64-cpython-3.10/third_party/amd/include/Dialect/TritonAMDGPU/IR/Ops.cpp.inc
  cd /home/tritonuser/triton/python/build/cmake.linux-x86_64-cpython-3.10 && /home/tritonuser/.triton/llvm/llvm-ffe3129e-ubuntu-x64/bin/mlir-tblgen -gen-op-defs -I /home/tritonuser/triton/third_party/amd/include/Dialect/TritonAMDGPU/IR -I/home/tritonuser/triton/include -I/home/tritonuser/triton/. -I/home/tritonuser/.triton/llvm/llvm-ffe3129e-ubuntu-x64/include -I/home/tritonuser/.triton/llvm/llvm-ffe3129e-ubuntu-x64/include -I/home/tritonuser/triton/include -I/home/tritonuser/triton/python/build/cmake.linux-x86_64-cpython-3.10/include -I/home/tritonuser/triton/third_party -I/home/tritonuser/triton/python/build/cmake.linux-x86_64-cpython-3.10/third_party -I/home/tritonuser/triton/python/src -I/home/tritonuser/triton/third_party/amd/include -I/home/tritonuser/triton/python/build/cmake.linux-x86_64-cpython-3.10/third_party/amd/include /home/tritonuser/triton/third_party/amd/include/Dialect/TritonAMDGPU/IR/TritonAMDGPUOps.td --write-if-changed -o third_party/amd/include/Dialect/TritonAMDGPU/IR/Ops.cpp.inc -d third_party/amd/include/Dialect/TritonAMDGPU/IR/Ops.cpp.inc.d
  /bin/sh: 1: /home/tritonuser/.triton/llvm/llvm-ffe3129e-ubuntu-x64/bin/mlir-tblgen: Permission denied
  [48/288] Building Ops.h.inc...
  FAILED: third_party/amd/include/Dialect/TritonAMDGPU/IR/Ops.h.inc /home/tritonuser/triton/python/build/cmake.linux-x86_64-cpython-3.10/third_party/amd/include/Dialect/TritonAMDGPU/IR/Ops.h.inc
  cd /home/tritonuser/triton/python/build/cmake.linux-x86_64-cpython-3.10 && /home/tritonuser/.triton/llvm/llvm-ffe3129e-ubuntu-x64/bin/mlir-tblgen -gen-op-decls -I /home/tritonuser/triton/third_party/amd/include/Dialect/TritonAMDGPU/IR -I/home/tritonuser/triton/include -I/home/tritonuser/triton/. -I/home/tritonuser/.triton/llvm/llvm-ffe3129e-ubuntu-x64/include -I/home/tritonuser/.triton/llvm/llvm-ffe3129e-ubuntu-x64/include -I/home/tritonuser/triton/include -I/home/tritonuser/triton/python/build/cmake.linux-x86_64-cpython-3.10/include -I/home/tritonuser/triton/third_party -I/home/tritonuser/triton/python/build/cmake.linux-x86_64-cpython-3.10/third_party -I/home/tritonuser/triton/python/src -I/home/tritonuser/triton/third_party/amd/include -I/home/tritonuser/triton/python/build/cmake.linux-x86_64-cpython-3.10/third_party/amd/include /home/tritonuser/triton/third_party/amd/include/Dialect/TritonAMDGPU/IR/TritonAMDGPUOps.td --write-if-changed -o third_party/amd/include/Dialect/TritonAMDGPU/IR/Ops.h.inc -d third_party/amd/include/Dialect/TritonAMDGPU/IR/Ops.h.inc.d
  /bin/sh: 1: /home/tritonuser/.triton/llvm/llvm-ffe3129e-ubuntu-x64/bin/mlir-tblgen: Permission denied
  [49/288] Building OpsConversions.inc...
  FAILED: third_party/amd/include/Dialect/TritonAMDGPU/IR/OpsConversions.inc /home/tritonuser/triton/python/build/cmake.linux-x86_64-cpython-3.10/third_party/amd/include/Dialect/TritonAMDGPU/IR/OpsConversions.inc
  cd /home/tritonuser/triton/python/build/cmake.linux-x86_64-cpython-3.10 && /home/tritonuser/.triton/llvm/llvm-ffe3129e-ubuntu-x64/bin/mlir-tblgen -gen-llvmir-conversions -I /home/tritonuser/triton/third_party/amd/include/Dialect/TritonAMDGPU/IR -I/home/tritonuser/triton/include -I/home/tritonuser/triton/. -I/home/tritonuser/.triton/llvm/llvm-ffe3129e-ubuntu-x64/include -I/home/tritonuser/.triton/llvm/llvm-ffe3129e-ubuntu-x64/include -I/home/tritonuser/triton/include -I/home/tritonuser/triton/python/build/cmake.linux-x86_64-cpython-3.10/include -I/home/tritonuser/triton/third_party -I/home/tritonuser/triton/python/build/cmake.linux-x86_64-cpython-3.10/third_party -I/home/tritonuser/triton/python/src -I/home/tritonuser/triton/third_party/amd/include -I/home/tritonuser/triton/python/build/cmake.linux-x86_64-cpython-3.10/third_party/amd/include /home/tritonuser/triton/third_party/amd/include/Dialect/TritonAMDGPU/IR/TritonAMDGPUOps.td --write-if-changed -o third_party/amd/include/Dialect/TritonAMDGPU/IR/OpsConversions.inc -d third_party/amd/include/Dialect/TritonAMDGPU/IR/OpsConversions.inc.d
  /bin/sh: 1: /home/tritonuser/.triton/llvm/llvm-ffe3129e-ubuntu-x64/bin/mlir-tblgen: Permission denied
  [50/288] Building Passes.h.inc...
  FAILED: third_party/amd/include/TritonAMDGPUToLLVM/Passes.h.inc /home/tritonuser/triton/python/build/cmake.linux-x86_64-cpython-3.10/third_party/amd/include/TritonAMDGPUToLLVM/Passes.h.inc
  cd /home/tritonuser/triton/python/build/cmake.linux-x86_64-cpython-3.10 && /home/tritonuser/.triton/llvm/llvm-ffe3129e-ubuntu-x64/bin/mlir-tblgen -gen-pass-decls --name TritonAMDGPUToLLVM -I /home/tritonuser/triton/third_party/amd/include/TritonAMDGPUToLLVM -I/home/tritonuser/triton/include -I/home/tritonuser/triton/. -I/home/tritonuser/.triton/llvm/llvm-ffe3129e-ubuntu-x64/include -I/home/tritonuser/.triton/llvm/llvm-ffe3129e-ubuntu-x64/include -I/home/tritonuser/triton/include -I/home/tritonuser/triton/python/build/cmake.linux-x86_64-cpython-3.10/include -I/home/tritonuser/triton/third_party -I/home/tritonuser/triton/python/build/cmake.linux-x86_64-cpython-3.10/third_party -I/home/tritonuser/triton/python/src -I/home/tritonuser/triton/third_party/amd/include -I/home/tritonuser/triton/python/build/cmake.linux-x86_64-cpython-3.10/third_party/amd/include /home/tritonuser/triton/third_party/amd/include/TritonAMDGPUToLLVM/Passes.td --write-if-changed -o third_party/amd/include/TritonAMDGPUToLLVM/Passes.h.inc -d third_party/amd/include/TritonAMDGPUToLLVM/Passes.h.inc.d
  /bin/sh: 1: /home/tritonuser/.triton/llvm/llvm-ffe3129e-ubuntu-x64/bin/mlir-tblgen: Permission denied
  [51/288] Building Passes.h.inc...
  FAILED: third_party/amd/include/TritonAMDGPUTransforms/Passes.h.inc /home/tritonuser/triton/python/build/cmake.linux-x86_64-cpython-3.10/third_party/amd/include/TritonAMDGPUTransforms/Passes.h.inc
  cd /home/tritonuser/triton/python/build/cmake.linux-x86_64-cpython-3.10 && /home/tritonuser/.triton/llvm/llvm-ffe3129e-ubuntu-x64/bin/mlir-tblgen -gen-pass-decls -name TritonAMDGPU -I /home/tritonuser/triton/third_party/amd/include/TritonAMDGPUTransforms -I/home/tritonuser/triton/include -I/home/tritonuser/triton/. -I/home/tritonuser/.triton/llvm/llvm-ffe3129e-ubuntu-x64/include -I/home/tritonuser/.triton/llvm/llvm-ffe3129e-ubuntu-x64/include -I/home/tritonuser/triton/include -I/home/tritonuser/triton/python/build/cmake.linux-x86_64-cpython-3.10/include -I/home/tritonuser/triton/third_party -I/home/tritonuser/triton/python/build/cmake.linux-x86_64-cpython-3.10/third_party -I/home/tritonuser/triton/python/src -I/home/tritonuser/triton/third_party/amd/include -I/home/tritonuser/triton/python/build/cmake.linux-x86_64-cpython-3.10/third_party/amd/include /home/tritonuser/triton/third_party/amd/include/TritonAMDGPUTransforms/Passes.td --write-if-changed -o third_party/amd/include/TritonAMDGPUTransforms/Passes.h.inc -d third_party/amd/include/TritonAMDGPUTransforms/Passes.h.inc.d
  /bin/sh: 1: /home/tritonuser/.triton/llvm/llvm-ffe3129e-ubuntu-x64/bin/mlir-tblgen: Permission denied
  [52/288] Building Ops.h.inc...
  FAILED: third_party/proton/dialect/include/Dialect/Proton/IR/Ops.h.inc /home/tritonuser/triton/python/build/cmake.linux-x86_64-cpython-3.10/third_party/proton/dialect/include/Dialect/Proton/IR/Ops.h.inc
  cd /home/tritonuser/triton/python/build/cmake.linux-x86_64-cpython-3.10 && /home/tritonuser/.triton/llvm/llvm-ffe3129e-ubuntu-x64/bin/mlir-tblgen -gen-op-decls -I /home/tritonuser/triton/third_party/proton/dialect/include/Dialect/Proton/IR -I/home/tritonuser/triton/include -I/home/tritonuser/triton/. -I/home/tritonuser/.triton/llvm/llvm-ffe3129e-ubuntu-x64/include -I/home/tritonuser/.triton/llvm/llvm-ffe3129e-ubuntu-x64/include -I/home/tritonuser/triton/include -I/home/tritonuser/triton/python/build/cmake.linux-x86_64-cpython-3.10/include -I/home/tritonuser/triton/third_party -I/home/tritonuser/triton/python/build/cmake.linux-x86_64-cpython-3.10/third_party -I/home/tritonuser/triton/python/src -I/home/tritonuser/triton/third_party/proton/dialect/include -I/home/tritonuser/triton/python/build/cmake.linux-x86_64-cpython-3.10/third_party/proton/dialect/include /home/tritonuser/triton/third_party/proton/dialect/include/Dialect/Proton/IR/ProtonOps.td --write-if-changed -o third_party/proton/dialect/include/Dialect/Proton/IR/Ops.h.inc -d third_party/proton/dialect/include/Dialect/Proton/IR/Ops.h.inc.d
  /bin/sh: 1: /home/tritonuser/.triton/llvm/llvm-ffe3129e-ubuntu-x64/bin/mlir-tblgen: Permission denied
  [53/288] Building OpsEnums.h.inc...
  FAILED: third_party/proton/dialect/include/Dialect/Proton/IR/OpsEnums.h.inc /home/tritonuser/triton/python/build/cmake.linux-x86_64-cpython-3.10/third_party/proton/dialect/include/Dialect/Proton/IR/OpsEnums.h.inc
  cd /home/tritonuser/triton/python/build/cmake.linux-x86_64-cpython-3.10 && /home/tritonuser/.triton/llvm/llvm-ffe3129e-ubuntu-x64/bin/mlir-tblgen -gen-enum-decls -I /home/tritonuser/triton/third_party/proton/dialect/include/Dialect/Proton/IR -I/home/tritonuser/triton/include -I/home/tritonuser/triton/. -I/home/tritonuser/.triton/llvm/llvm-ffe3129e-ubuntu-x64/include -I/home/tritonuser/.triton/llvm/llvm-ffe3129e-ubuntu-x64/include -I/home/tritonuser/triton/include -I/home/tritonuser/triton/python/build/cmake.linux-x86_64-cpython-3.10/include -I/home/tritonuser/triton/third_party -I/home/tritonuser/triton/python/build/cmake.linux-x86_64-cpython-3.10/third_party -I/home/tritonuser/triton/python/src -I/home/tritonuser/triton/third_party/proton/dialect/include -I/home/tritonuser/triton/python/build/cmake.linux-x86_64-cpython-3.10/third_party/proton/dialect/include /home/tritonuser/triton/third_party/proton/dialect/include/Dialect/Proton/IR/ProtonOps.td --write-if-changed -o third_party/proton/dialect/include/Dialect/Proton/IR/OpsEnums.h.inc -d third_party/proton/dialect/include/Dialect/Proton/IR/OpsEnums.h.inc.d
  /bin/sh: 1: /home/tritonuser/.triton/llvm/llvm-ffe3129e-ubuntu-x64/bin/mlir-tblgen: Permission denied
  [54/288] Building CXX object third_party/proton/csrc/lib/Driver/CMakeFiles/ProtonDriver.dir/GPU/HsaApi.cpp.o
  [55/288] Building CXX object third_party/proton/csrc/lib/Driver/CMakeFiles/ProtonDriver.dir/Device.cpp.o
  [56/288] Building CXX object third_party/proton/csrc/lib/Driver/CMakeFiles/ProtonDriver.dir/GPU/CudaApi.cpp.o
  [57/288] Building CXX object third_party/proton/csrc/lib/Context/CMakeFiles/ProtonContext.dir/Context.cpp.o
  [58/288] Building CXX object third_party/proton/csrc/lib/Driver/CMakeFiles/ProtonDriver.dir/GPU/HipApi.cpp.o
  [59/288] Building CXX object third_party/proton/csrc/lib/Driver/CMakeFiles/ProtonDriver.dir/GPU/RoctracerApi.cpp.o
  [60/288] Building CXX object third_party/f2reduce/CMakeFiles/f2reduce.dir/f2reduce.cpp.o
  [61/288] Building CXX object third_party/proton/csrc/lib/Context/CMakeFiles/ProtonContext.dir/Shadow.cpp.o
  [62/288] Building CXX object third_party/proton/csrc/lib/Data/CMakeFiles/ProtonData.dir/TraceData.cpp.o
  [63/288] Building CXX object third_party/proton/csrc/lib/Driver/CMakeFiles/ProtonDriver.dir/GPU/CuptiApi.cpp.o
  [64/288] Building CXX object third_party/proton/csrc/lib/Data/CMakeFiles/ProtonData.dir/Data.cpp.o
  [65/288] Building CXX object _deps/googletest-build/googletest/CMakeFiles/gtest_main.dir/src/gtest_main.cc.o
  [66/288] Building CXX object third_party/proton/csrc/lib/Profiler/CMakeFiles/ProtonProfiler.dir/Cupti/CuptiPCSampling.cpp.o
  [67/288] Building CXX object third_party/proton/csrc/lib/Profiler/CMakeFiles/ProtonProfiler.dir/Cupti/CuptiProfiler.cpp.o
  [68/288] Building CXX object third_party/proton/csrc/lib/Session/CMakeFiles/ProtonSession.dir/Session.cpp.o
  [69/288] Building CXX object third_party/proton/csrc/lib/Profiler/CMakeFiles/ProtonProfiler.dir/RocTracer/RoctracerProfiler.cpp.o
  [70/288] Building CXX object lib/Tools/CMakeFiles/TritonTools.dir/LayoutUtils.cpp.o
  [71/288] Building CXX object _deps/googletest-build/googlemock/CMakeFiles/gmock.dir/src/gmock-all.cc.o
  [72/288] Building CXX object third_party/proton/csrc/lib/Context/CMakeFiles/ProtonContext.dir/Python.cpp.o
  [73/288] Building CXX object test/lib/Instrumentation/CMakeFiles/GPUInstrumentationTestLib.dir/GPUHello.cpp.o
  [74/288] Building CXX object lib/Tools/CMakeFiles/TritonTools.dir/LinearLayout.cpp.o
  [75/288] Building CXX object third_party/proton/csrc/lib/Data/CMakeFiles/ProtonData.dir/TreeData.cpp.o
  [76/288] Building CXX object lib/Instrumentation/CMakeFiles/PrintLoadStoreMemSpaces.dir/PrintLoadStoreMemSpaces.cpp.o
  [77/288] Building CXX object third_party/proton/csrc/CMakeFiles/Proton.dir/Proton.cpp.o
  [78/288] Building CXX object _deps/googletest-build/googletest/CMakeFiles/gtest.dir/src/gtest-all.cc.o
  ninja: build stopped: subcommand failed.
  /usr/local/lib/python3.10/dist-packages/setuptools/command/editable_wheel.py:288: SetuptoolsDeprecationWarning: Customization incompatible with editable install
  !!

          ********************************************************************************
                          Traceback (most recent call last):
            File "/usr/local/lib/python3.10/dist-packages/setuptools/command/editable_wheel.py", line 294, in _safely_run
              return self.run_command(cmd_name)
            File "/usr/local/lib/python3.10/dist-packages/setuptools/_distutils/cmd.py", line 339, in run_command
              self.distribution.run_command(command)
            File "/usr/local/lib/python3.10/dist-packages/setuptools/dist.py", line 999, in run_command
              super().run_command(command)
            File "/usr/local/lib/python3.10/dist-packages/setuptools/_distutils/dist.py", line 1002, in run_command
              cmd_obj.run()
            File "<string>", line 357, in run
            File "/usr/local/lib/python3.10/dist-packages/setuptools/_distutils/cmd.py", line 339, in run_command
              self.distribution.run_command(command)
            File "/usr/local/lib/python3.10/dist-packages/setuptools/dist.py", line 999, in run_command
              super().run_command(command)
            File "/usr/local/lib/python3.10/dist-packages/setuptools/_distutils/dist.py", line 1002, in run_command
              cmd_obj.run()
            File "<string>", line 394, in run
            File "<string>", line 502, in build_extension
            File "/usr/lib/python3.10/subprocess.py", line 369, in check_call
              raise CalledProcessError(retcode, cmd)
          subprocess.CalledProcessError: Command '['cmake', '--build', '.', '--config', 'TritonRelBuildWithAsserts', '-j128']' returned non-zero exit status 1.


                          If you are seeing this warning it is very likely that a setuptools
                          plugin or customization overrides the `build_py` command, without
                          taking into consideration how editable installs run build steps
                          starting from setuptools v64.0.0.

                          Plugin authors and developers relying on custom build steps are
                          encouraged to update their `build_py` implementation considering the
                          information about editable installs in
                          https://setuptools.pypa.io/en/latest/userguide/extension.html.

                          For the time being `setuptools` will silence this error and ignore
                          the faulty command, but this behaviour will change in future versions.

          ********************************************************************************

  !!
    self._safely_run(name)
  downloading and extracting https://oaitriton.blob.core.windows.net/public/llvm-builds/llvm-ffe3129e-ubuntu-x64.tar.gz ...
  downloading and extracting https://github.com/nlohmann/json/releases/download/v3.11.3/include.zip ...
  running build_ext
  creating symlink: /home/tritonuser/.triton/llvm/llvm-ubuntu-x64 -> /home/tritonuser/.triton/llvm/llvm-ffe3129e-ubuntu-x64
  -- Could not find ccache. Consider installing ccache to speed up compilation.
  -- Adding Python module
  -- Found Python3: /usr/bin/python3 (found version "3.10.12") found components: Development.Module Interpreter
  -- Found pybind11: /usr/local/lib/python3.10/dist-packages/pybind11/include (found version "2.13.6")
  -- Found Python3: /usr/bin/python3 (found version "3.10.12") found components: Interpreter Development.Module
  -- Collecting object files from Proton
  -- Collecting object files from ProtonContext
  -- Collecting object files from ProtonData
  -- Collecting object files from ProtonDriver
  -- Collecting object files from ProtonProfiler
  -- Collecting object files from ProtonSession
  -- Triton backends tuple: nvidia,amd,proton
  -- Configuring done
  -- Generating done
  -- Build files have been written to: /home/tritonuser/triton/python/build/cmake.linux-x86_64-cpython-3.10
  [1/263] Building Passes.h.inc...
  FAILED: include/triton/Conversion/TritonGPUToLLVM/Passes.h.inc /home/tritonuser/triton/python/build/cmake.linux-x86_64-cpython-3.10/include/triton/Conversion/TritonGPUToLLVM/Passes.h.inc
  cd /home/tritonuser/triton/python/build/cmake.linux-x86_64-cpython-3.10 && /home/tritonuser/.triton/llvm/llvm-ffe3129e-ubuntu-x64/bin/mlir-tblgen -gen-pass-decls --name TritonGPUToLLVM -I /home/tritonuser/triton/include/triton/Conversion/TritonGPUToLLVM -I/home/tritonuser/triton/include -I/home/tritonuser/triton/. -I/home/tritonuser/.triton/llvm/llvm-ffe3129e-ubuntu-x64/include -I/home/tritonuser/.triton/llvm/llvm-ffe3129e-ubuntu-x64/include -I/home/tritonuser/triton/include -I/home/tritonuser/triton/python/build/cmake.linux-x86_64-cpython-3.10/include -I/home/tritonuser/triton/third_party -I/home/tritonuser/triton/python/build/cmake.linux-x86_64-cpython-3.10/third_party /home/tritonuser/triton/include/triton/Conversion/TritonGPUToLLVM/Passes.td --write-if-changed -o include/triton/Conversion/TritonGPUToLLVM/Passes.h.inc -d include/triton/Conversion/TritonGPUToLLVM/Passes.h.inc.d
  /bin/sh: 1: /home/tritonuser/.triton/llvm/llvm-ffe3129e-ubuntu-x64/bin/mlir-tblgen: Permission denied
  [2/263] Building Passes.h.inc...
  FAILED: include/triton/Conversion/TritonToTritonGPU/Passes.h.inc /home/tritonuser/triton/python/build/cmake.linux-x86_64-cpython-3.10/include/triton/Conversion/TritonToTritonGPU/Passes.h.inc
  cd /home/tritonuser/triton/python/build/cmake.linux-x86_64-cpython-3.10 && /home/tritonuser/.triton/llvm/llvm-ffe3129e-ubuntu-x64/bin/mlir-tblgen -gen-pass-decls --name TritonToTritonGPU -I /home/tritonuser/triton/include/triton/Conversion/TritonToTritonGPU -I/home/tritonuser/triton/include -I/home/tritonuser/triton/. -I/home/tritonuser/.triton/llvm/llvm-ffe3129e-ubuntu-x64/include -I/home/tritonuser/.triton/llvm/llvm-ffe3129e-ubuntu-x64/include -I/home/tritonuser/triton/include -I/home/tritonuser/triton/python/build/cmake.linux-x86_64-cpython-3.10/include -I/home/tritonuser/triton/third_party -I/home/tritonuser/triton/python/build/cmake.linux-x86_64-cpython-3.10/third_party /home/tritonuser/triton/include/triton/Conversion/TritonToTritonGPU/Passes.td --write-if-changed -o include/triton/Conversion/TritonToTritonGPU/Passes.h.inc -d include/triton/Conversion/TritonToTritonGPU/Passes.h.inc.d
  /bin/sh: 1: /home/tritonuser/.triton/llvm/llvm-ffe3129e-ubuntu-x64/bin/mlir-tblgen: Permission denied
  [3/263] Building AttrInterfaces.cpp.inc...
  FAILED: include/triton/Dialect/Triton/IR/AttrInterfaces.cpp.inc /home/tritonuser/triton/python/build/cmake.linux-x86_64-cpython-3.10/include/triton/Dialect/Triton/IR/AttrInterfaces.cpp.inc
  cd /home/tritonuser/triton/python/build/cmake.linux-x86_64-cpython-3.10 && /home/tritonuser/.triton/llvm/llvm-ffe3129e-ubuntu-x64/bin/mlir-tblgen -gen-attr-interface-defs -I /home/tritonuser/triton/include/triton/Dialect/Triton/IR -I/home/tritonuser/triton/include -I/home/tritonuser/triton/. -I/home/tritonuser/.triton/llvm/llvm-ffe3129e-ubuntu-x64/include -I/home/tritonuser/.triton/llvm/llvm-ffe3129e-ubuntu-x64/include -I/home/tritonuser/triton/include -I/home/tritonuser/triton/python/build/cmake.linux-x86_64-cpython-3.10/include -I/home/tritonuser/triton/third_party -I/home/tritonuser/triton/python/build/cmake.linux-x86_64-cpython-3.10/third_party /home/tritonuser/triton/include/triton/Dialect/Triton/IR/TritonInterfaces.td --write-if-changed -o include/triton/Dialect/Triton/IR/AttrInterfaces.cpp.inc -d include/triton/Dialect/Triton/IR/AttrInterfaces.cpp.inc.d
  /bin/sh: 1: /home/tritonuser/.triton/llvm/llvm-ffe3129e-ubuntu-x64/bin/mlir-tblgen: Permission denied
  [4/263] Building AttrInterfaces.h.inc...
  FAILED: include/triton/Dialect/Triton/IR/AttrInterfaces.h.inc /home/tritonuser/triton/python/build/cmake.linux-x86_64-cpython-3.10/include/triton/Dialect/Triton/IR/AttrInterfaces.h.inc
  cd /home/tritonuser/triton/python/build/cmake.linux-x86_64-cpython-3.10 && /home/tritonuser/.triton/llvm/llvm-ffe3129e-ubuntu-x64/bin/mlir-tblgen -gen-attr-interface-decls -I /home/tritonuser/triton/include/triton/Dialect/Triton/IR -I/home/tritonuser/triton/include -I/home/tritonuser/triton/. -I/home/tritonuser/.triton/llvm/llvm-ffe3129e-ubuntu-x64/include -I/home/tritonuser/.triton/llvm/llvm-ffe3129e-ubuntu-x64/include -I/home/tritonuser/triton/include -I/home/tritonuser/triton/python/build/cmake.linux-x86_64-cpython-3.10/include -I/home/tritonuser/triton/third_party -I/home/tritonuser/triton/python/build/cmake.linux-x86_64-cpython-3.10/third_party /home/tritonuser/triton/include/triton/Dialect/Triton/IR/TritonInterfaces.td --write-if-changed -o include/triton/Dialect/Triton/IR/AttrInterfaces.h.inc -d include/triton/Dialect/Triton/IR/AttrInterfaces.h.inc.d
  /bin/sh: 1: /home/tritonuser/.triton/llvm/llvm-ffe3129e-ubuntu-x64/bin/mlir-tblgen: Permission denied
  [5/263] Building Dialect.cpp.inc...
  FAILED: include/triton/Dialect/Triton/IR/Dialect.cpp.inc /home/tritonuser/triton/python/build/cmake.linux-x86_64-cpython-3.10/include/triton/Dialect/Triton/IR/Dialect.cpp.inc
  cd /home/tritonuser/triton/python/build/cmake.linux-x86_64-cpython-3.10 && /home/tritonuser/.triton/llvm/llvm-ffe3129e-ubuntu-x64/bin/mlir-tblgen -gen-dialect-defs -I /home/tritonuser/triton/include/triton/Dialect/Triton/IR -I/home/tritonuser/triton/include -I/home/tritonuser/triton/. -I/home/tritonuser/.triton/llvm/llvm-ffe3129e-ubuntu-x64/include -I/home/tritonuser/.triton/llvm/llvm-ffe3129e-ubuntu-x64/include -I/home/tritonuser/triton/include -I/home/tritonuser/triton/python/build/cmake.linux-x86_64-cpython-3.10/include -I/home/tritonuser/triton/third_party -I/home/tritonuser/triton/python/build/cmake.linux-x86_64-cpython-3.10/third_party /home/tritonuser/triton/include/triton/Dialect/Triton/IR/TritonDialect.td --write-if-changed -o include/triton/Dialect/Triton/IR/Dialect.cpp.inc -d include/triton/Dialect/Triton/IR/Dialect.cpp.inc.d
  /bin/sh: 1: /home/tritonuser/.triton/llvm/llvm-ffe3129e-ubuntu-x64/bin/mlir-tblgen: Permission denied
  [6/263] Building Dialect.h.inc...
  FAILED: include/triton/Dialect/Triton/IR/Dialect.h.inc /home/tritonuser/triton/python/build/cmake.linux-x86_64-cpython-3.10/include/triton/Dialect/Triton/IR/Dialect.h.inc
  cd /home/tritonuser/triton/python/build/cmake.linux-x86_64-cpython-3.10 && /home/tritonuser/.triton/llvm/llvm-ffe3129e-ubuntu-x64/bin/mlir-tblgen -gen-dialect-decls -I /home/tritonuser/triton/include/triton/Dialect/Triton/IR -I/home/tritonuser/triton/include -I/home/tritonuser/triton/. -I/home/tritonuser/.triton/llvm/llvm-ffe3129e-ubuntu-x64/include -I/home/tritonuser/.triton/llvm/llvm-ffe3129e-ubuntu-x64/include -I/home/tritonuser/triton/include -I/home/tritonuser/triton/python/build/cmake.linux-x86_64-cpython-3.10/include -I/home/tritonuser/triton/third_party -I/home/tritonuser/triton/python/build/cmake.linux-x86_64-cpython-3.10/third_party /home/tritonuser/triton/include/triton/Dialect/Triton/IR/TritonDialect.td --write-if-changed -o include/triton/Dialect/Triton/IR/Dialect.h.inc -d include/triton/Dialect/Triton/IR/Dialect.h.inc.d
  /bin/sh: 1: /home/tritonuser/.triton/llvm/llvm-ffe3129e-ubuntu-x64/bin/mlir-tblgen: Permission denied
  [7/263] Building OpInterfaces.cpp.inc...
  FAILED: include/triton/Dialect/Triton/IR/OpInterfaces.cpp.inc /home/tritonuser/triton/python/build/cmake.linux-x86_64-cpython-3.10/include/triton/Dialect/Triton/IR/OpInterfaces.cpp.inc
  cd /home/tritonuser/triton/python/build/cmake.linux-x86_64-cpython-3.10 && /home/tritonuser/.triton/llvm/llvm-ffe3129e-ubuntu-x64/bin/mlir-tblgen -gen-op-interface-defs -I /home/tritonuser/triton/include/triton/Dialect/Triton/IR -I/home/tritonuser/triton/include -I/home/tritonuser/triton/. -I/home/tritonuser/.triton/llvm/llvm-ffe3129e-ubuntu-x64/include -I/home/tritonuser/.triton/llvm/llvm-ffe3129e-ubuntu-x64/include -I/home/tritonuser/triton/include -I/home/tritonuser/triton/python/build/cmake.linux-x86_64-cpython-3.10/include -I/home/tritonuser/triton/third_party -I/home/tritonuser/triton/python/build/cmake.linux-x86_64-cpython-3.10/third_party /home/tritonuser/triton/include/triton/Dialect/Triton/IR/TritonOpInterfaces.td --write-if-changed -o include/triton/Dialect/Triton/IR/OpInterfaces.cpp.inc -d include/triton/Dialect/Triton/IR/OpInterfaces.cpp.inc.d
  /bin/sh: 1: /home/tritonuser/.triton/llvm/llvm-ffe3129e-ubuntu-x64/bin/mlir-tblgen: Permission denied
  [8/263] Building OpInterfaces.h.inc...
  FAILED: include/triton/Dialect/Triton/IR/OpInterfaces.h.inc /home/tritonuser/triton/python/build/cmake.linux-x86_64-cpython-3.10/include/triton/Dialect/Triton/IR/OpInterfaces.h.inc
  cd /home/tritonuser/triton/python/build/cmake.linux-x86_64-cpython-3.10 && /home/tritonuser/.triton/llvm/llvm-ffe3129e-ubuntu-x64/bin/mlir-tblgen -gen-op-interface-decls -I /home/tritonuser/triton/include/triton/Dialect/Triton/IR -I/home/tritonuser/triton/include -I/home/tritonuser/triton/. -I/home/tritonuser/.triton/llvm/llvm-ffe3129e-ubuntu-x64/include -I/home/tritonuser/.triton/llvm/llvm-ffe3129e-ubuntu-x64/include -I/home/tritonuser/triton/include -I/home/tritonuser/triton/python/build/cmake.linux-x86_64-cpython-3.10/include -I/home/tritonuser/triton/third_party -I/home/tritonuser/triton/python/build/cmake.linux-x86_64-cpython-3.10/third_party /home/tritonuser/triton/include/triton/Dialect/Triton/IR/TritonOpInterfaces.td --write-if-changed -o include/triton/Dialect/Triton/IR/OpInterfaces.h.inc -d include/triton/Dialect/Triton/IR/OpInterfaces.h.inc.d
  /bin/sh: 1: /home/tritonuser/.triton/llvm/llvm-ffe3129e-ubuntu-x64/bin/mlir-tblgen: Permission denied
  [9/263] Building Ops.cpp.inc...
  FAILED: include/triton/Dialect/Triton/IR/Ops.cpp.inc /home/tritonuser/triton/python/build/cmake.linux-x86_64-cpython-3.10/include/triton/Dialect/Triton/IR/Ops.cpp.inc
  cd /home/tritonuser/triton/python/build/cmake.linux-x86_64-cpython-3.10 && /home/tritonuser/.triton/llvm/llvm-ffe3129e-ubuntu-x64/bin/mlir-tblgen -gen-op-defs -I /home/tritonuser/triton/include/triton/Dialect/Triton/IR -I/home/tritonuser/triton/include -I/home/tritonuser/triton/. -I/home/tritonuser/.triton/llvm/llvm-ffe3129e-ubuntu-x64/include -I/home/tritonuser/.triton/llvm/llvm-ffe3129e-ubuntu-x64/include -I/home/tritonuser/triton/include -I/home/tritonuser/triton/python/build/cmake.linux-x86_64-cpython-3.10/include -I/home/tritonuser/triton/third_party -I/home/tritonuser/triton/python/build/cmake.linux-x86_64-cpython-3.10/third_party /home/tritonuser/triton/include/triton/Dialect/Triton/IR/TritonOps.td --write-if-changed -o include/triton/Dialect/Triton/IR/Ops.cpp.inc -d include/triton/Dialect/Triton/IR/Ops.cpp.inc.d
  /bin/sh: 1: /home/tritonuser/.triton/llvm/llvm-ffe3129e-ubuntu-x64/bin/mlir-tblgen: Permission denied
  [10/263] Building Ops.h.inc...
  FAILED: include/triton/Dialect/Triton/IR/Ops.h.inc /home/tritonuser/triton/python/build/cmake.linux-x86_64-cpython-3.10/include/triton/Dialect/Triton/IR/Ops.h.inc
  cd /home/tritonuser/triton/python/build/cmake.linux-x86_64-cpython-3.10 && /home/tritonuser/.triton/llvm/llvm-ffe3129e-ubuntu-x64/bin/mlir-tblgen -gen-op-decls -I /home/tritonuser/triton/include/triton/Dialect/Triton/IR -I/home/tritonuser/triton/include -I/home/tritonuser/triton/. -I/home/tritonuser/.triton/llvm/llvm-ffe3129e-ubuntu-x64/include -I/home/tritonuser/.triton/llvm/llvm-ffe3129e-ubuntu-x64/include -I/home/tritonuser/triton/include -I/home/tritonuser/triton/python/build/cmake.linux-x86_64-cpython-3.10/include -I/home/tritonuser/triton/third_party -I/home/tritonuser/triton/python/build/cmake.linux-x86_64-cpython-3.10/third_party /home/tritonuser/triton/include/triton/Dialect/Triton/IR/TritonOps.td --write-if-changed -o include/triton/Dialect/Triton/IR/Ops.h.inc -d include/triton/Dialect/Triton/IR/Ops.h.inc.d
  /bin/sh: 1: /home/tritonuser/.triton/llvm/llvm-ffe3129e-ubuntu-x64/bin/mlir-tblgen: Permission denied
  [11/263] Building OpsEnums.cpp.inc...
  FAILED: include/triton/Dialect/Triton/IR/OpsEnums.cpp.inc /home/tritonuser/triton/python/build/cmake.linux-x86_64-cpython-3.10/include/triton/Dialect/Triton/IR/OpsEnums.cpp.inc
  cd /home/tritonuser/triton/python/build/cmake.linux-x86_64-cpython-3.10 && /home/tritonuser/.triton/llvm/llvm-ffe3129e-ubuntu-x64/bin/mlir-tblgen -gen-enum-defs -I /home/tritonuser/triton/include/triton/Dialect/Triton/IR -I/home/tritonuser/triton/include -I/home/tritonuser/triton/. -I/home/tritonuser/.triton/llvm/llvm-ffe3129e-ubuntu-x64/include -I/home/tritonuser/.triton/llvm/llvm-ffe3129e-ubuntu-x64/include -I/home/tritonuser/triton/include -I/home/tritonuser/triton/python/build/cmake.linux-x86_64-cpython-3.10/include -I/home/tritonuser/triton/third_party -I/home/tritonuser/triton/python/build/cmake.linux-x86_64-cpython-3.10/third_party /home/tritonuser/triton/include/triton/Dialect/Triton/IR/TritonOps.td --write-if-changed -o include/triton/Dialect/Triton/IR/OpsEnums.cpp.inc -d include/triton/Dialect/Triton/IR/OpsEnums.cpp.inc.d
  /bin/sh: 1: /home/tritonuser/.triton/llvm/llvm-ffe3129e-ubuntu-x64/bin/mlir-tblgen: Permission denied
  [12/263] Building OpsEnums.h.inc...
  FAILED: include/triton/Dialect/Triton/IR/OpsEnums.h.inc /home/tritonuser/triton/python/build/cmake.linux-x86_64-cpython-3.10/include/triton/Dialect/Triton/IR/OpsEnums.h.inc
  cd /home/tritonuser/triton/python/build/cmake.linux-x86_64-cpython-3.10 && /home/tritonuser/.triton/llvm/llvm-ffe3129e-ubuntu-x64/bin/mlir-tblgen -gen-enum-decls -I /home/tritonuser/triton/include/triton/Dialect/Triton/IR -I/home/tritonuser/triton/include -I/home/tritonuser/triton/. -I/home/tritonuser/.triton/llvm/llvm-ffe3129e-ubuntu-x64/include -I/home/tritonuser/.triton/llvm/llvm-ffe3129e-ubuntu-x64/include -I/home/tritonuser/triton/include -I/home/tritonuser/triton/python/build/cmake.linux-x86_64-cpython-3.10/include -I/home/tritonuser/triton/third_party -I/home/tritonuser/triton/python/build/cmake.linux-x86_64-cpython-3.10/third_party /home/tritonuser/triton/include/triton/Dialect/Triton/IR/TritonOps.td --write-if-changed -o include/triton/Dialect/Triton/IR/OpsEnums.h.inc -d include/triton/Dialect/Triton/IR/OpsEnums.h.inc.d
  /bin/sh: 1: /home/tritonuser/.triton/llvm/llvm-ffe3129e-ubuntu-x64/bin/mlir-tblgen: Permission denied
  [13/263] Building Types.cpp.inc...
  FAILED: include/triton/Dialect/Triton/IR/Types.cpp.inc /home/tritonuser/triton/python/build/cmake.linux-x86_64-cpython-3.10/include/triton/Dialect/Triton/IR/Types.cpp.inc
  cd /home/tritonuser/triton/python/build/cmake.linux-x86_64-cpython-3.10 && /home/tritonuser/.triton/llvm/llvm-ffe3129e-ubuntu-x64/bin/mlir-tblgen -gen-typedef-defs -I /home/tritonuser/triton/include/triton/Dialect/Triton/IR -I/home/tritonuser/triton/include -I/home/tritonuser/triton/. -I/home/tritonuser/.triton/llvm/llvm-ffe3129e-ubuntu-x64/include -I/home/tritonuser/.triton/llvm/llvm-ffe3129e-ubuntu-x64/include -I/home/tritonuser/triton/include -I/home/tritonuser/triton/python/build/cmake.linux-x86_64-cpython-3.10/include -I/home/tritonuser/triton/third_party -I/home/tritonuser/triton/python/build/cmake.linux-x86_64-cpython-3.10/third_party /home/tritonuser/triton/include/triton/Dialect/Triton/IR/TritonTypes.td --write-if-changed -o include/triton/Dialect/Triton/IR/Types.cpp.inc -d include/triton/Dialect/Triton/IR/Types.cpp.inc.d
  /bin/sh: 1: /home/tritonuser/.triton/llvm/llvm-ffe3129e-ubuntu-x64/bin/mlir-tblgen: Permission denied
  [14/263] Building Types.h.inc...
  FAILED: include/triton/Dialect/Triton/IR/Types.h.inc /home/tritonuser/triton/python/build/cmake.linux-x86_64-cpython-3.10/include/triton/Dialect/Triton/IR/Types.h.inc
  cd /home/tritonuser/triton/python/build/cmake.linux-x86_64-cpython-3.10 && /home/tritonuser/.triton/llvm/llvm-ffe3129e-ubuntu-x64/bin/mlir-tblgen -gen-typedef-decls -I /home/tritonuser/triton/include/triton/Dialect/Triton/IR -I/home/tritonuser/triton/include -I/home/tritonuser/triton/. -I/home/tritonuser/.triton/llvm/llvm-ffe3129e-ubuntu-x64/include -I/home/tritonuser/.triton/llvm/llvm-ffe3129e-ubuntu-x64/include -I/home/tritonuser/triton/include -I/home/tritonuser/triton/python/build/cmake.linux-x86_64-cpython-3.10/include -I/home/tritonuser/triton/third_party -I/home/tritonuser/triton/python/build/cmake.linux-x86_64-cpython-3.10/third_party /home/tritonuser/triton/include/triton/Dialect/Triton/IR/TritonTypes.td --write-if-changed -o include/triton/Dialect/Triton/IR/Types.h.inc -d include/triton/Dialect/Triton/IR/Types.h.inc.d
  /bin/sh: 1: /home/tritonuser/.triton/llvm/llvm-ffe3129e-ubuntu-x64/bin/mlir-tblgen: Permission denied
  [15/263] Building Passes.h.inc...
  FAILED: include/triton/Dialect/Triton/Transforms/Passes.h.inc /home/tritonuser/triton/python/build/cmake.linux-x86_64-cpython-3.10/include/triton/Dialect/Triton/Transforms/Passes.h.inc
  cd /home/tritonuser/triton/python/build/cmake.linux-x86_64-cpython-3.10 && /home/tritonuser/.triton/llvm/llvm-ffe3129e-ubuntu-x64/bin/mlir-tblgen -gen-pass-decls -name Triton -I /home/tritonuser/triton/include/triton/Dialect/Triton/Transforms -I/home/tritonuser/triton/include -I/home/tritonuser/triton/. -I/home/tritonuser/.triton/llvm/llvm-ffe3129e-ubuntu-x64/include -I/home/tritonuser/.triton/llvm/llvm-ffe3129e-ubuntu-x64/include -I/home/tritonuser/triton/include -I/home/tritonuser/triton/python/build/cmake.linux-x86_64-cpython-3.10/include -I/home/tritonuser/triton/third_party -I/home/tritonuser/triton/python/build/cmake.linux-x86_64-cpython-3.10/third_party /home/tritonuser/triton/include/triton/Dialect/Triton/Transforms/Passes.td --write-if-changed -o include/triton/Dialect/Triton/Transforms/Passes.h.inc -d include/triton/Dialect/Triton/Transforms/Passes.h.inc.d
  /bin/sh: 1: /home/tritonuser/.triton/llvm/llvm-ffe3129e-ubuntu-x64/bin/mlir-tblgen: Permission denied
  [16/263] Building Dialect.cpp.inc...
  FAILED: include/triton/Dialect/TritonGPU/IR/Dialect.cpp.inc /home/tritonuser/triton/python/build/cmake.linux-x86_64-cpython-3.10/include/triton/Dialect/TritonGPU/IR/Dialect.cpp.inc
  cd /home/tritonuser/triton/python/build/cmake.linux-x86_64-cpython-3.10 && /home/tritonuser/.triton/llvm/llvm-ffe3129e-ubuntu-x64/bin/mlir-tblgen -gen-dialect-defs -dialect=ttg -I /home/tritonuser/triton/include/triton/Dialect/TritonGPU/IR -I/home/tritonuser/triton/include -I/home/tritonuser/triton/. -I/home/tritonuser/.triton/llvm/llvm-ffe3129e-ubuntu-x64/include -I/home/tritonuser/.triton/llvm/llvm-ffe3129e-ubuntu-x64/include -I/home/tritonuser/triton/include -I/home/tritonuser/triton/python/build/cmake.linux-x86_64-cpython-3.10/include -I/home/tritonuser/triton/third_party -I/home/tritonuser/triton/python/build/cmake.linux-x86_64-cpython-3.10/third_party /home/tritonuser/triton/include/triton/Dialect/TritonGPU/IR/TritonGPUOps.td --write-if-changed -o include/triton/Dialect/TritonGPU/IR/Dialect.cpp.inc -d include/triton/Dialect/TritonGPU/IR/Dialect.cpp.inc.d
  /bin/sh: 1: /home/tritonuser/.triton/llvm/llvm-ffe3129e-ubuntu-x64/bin/mlir-tblgen: Permission denied
  [17/263] Building Dialect.h.inc...
  FAILED: include/triton/Dialect/TritonGPU/IR/Dialect.h.inc /home/tritonuser/triton/python/build/cmake.linux-x86_64-cpython-3.10/include/triton/Dialect/TritonGPU/IR/Dialect.h.inc
  cd /home/tritonuser/triton/python/build/cmake.linux-x86_64-cpython-3.10 && /home/tritonuser/.triton/llvm/llvm-ffe3129e-ubuntu-x64/bin/mlir-tblgen -gen-dialect-decls -dialect=ttg -I /home/tritonuser/triton/include/triton/Dialect/TritonGPU/IR -I/home/tritonuser/triton/include -I/home/tritonuser/triton/. -I/home/tritonuser/.triton/llvm/llvm-ffe3129e-ubuntu-x64/include -I/home/tritonuser/.triton/llvm/llvm-ffe3129e-ubuntu-x64/include -I/home/tritonuser/triton/include -I/home/tritonuser/triton/python/build/cmake.linux-x86_64-cpython-3.10/include -I/home/tritonuser/triton/third_party -I/home/tritonuser/triton/python/build/cmake.linux-x86_64-cpython-3.10/third_party /home/tritonuser/triton/include/triton/Dialect/TritonGPU/IR/TritonGPUOps.td --write-if-changed -o include/triton/Dialect/TritonGPU/IR/Dialect.h.inc -d include/triton/Dialect/TritonGPU/IR/Dialect.h.inc.d
  /bin/sh: 1: /home/tritonuser/.triton/llvm/llvm-ffe3129e-ubuntu-x64/bin/mlir-tblgen: Permission denied
  [18/263] Building Ops.cpp.inc...
  FAILED: include/triton/Dialect/TritonGPU/IR/Ops.cpp.inc /home/tritonuser/triton/python/build/cmake.linux-x86_64-cpython-3.10/include/triton/Dialect/TritonGPU/IR/Ops.cpp.inc
  cd /home/tritonuser/triton/python/build/cmake.linux-x86_64-cpython-3.10 && /home/tritonuser/.triton/llvm/llvm-ffe3129e-ubuntu-x64/bin/mlir-tblgen -gen-op-defs -I /home/tritonuser/triton/include/triton/Dialect/TritonGPU/IR -I/home/tritonuser/triton/include -I/home/tritonuser/triton/. -I/home/tritonuser/.triton/llvm/llvm-ffe3129e-ubuntu-x64/include -I/home/tritonuser/.triton/llvm/llvm-ffe3129e-ubuntu-x64/include -I/home/tritonuser/triton/include -I/home/tritonuser/triton/python/build/cmake.linux-x86_64-cpython-3.10/include -I/home/tritonuser/triton/third_party -I/home/tritonuser/triton/python/build/cmake.linux-x86_64-cpython-3.10/third_party /home/tritonuser/triton/include/triton/Dialect/TritonGPU/IR/TritonGPUOps.td --write-if-changed -o include/triton/Dialect/TritonGPU/IR/Ops.cpp.inc -d include/triton/Dialect/TritonGPU/IR/Ops.cpp.inc.d
  /bin/sh: 1: /home/tritonuser/.triton/llvm/llvm-ffe3129e-ubuntu-x64/bin/mlir-tblgen: Permission denied
  [19/263] Building Ops.h.inc...
  FAILED: include/triton/Dialect/TritonGPU/IR/Ops.h.inc /home/tritonuser/triton/python/build/cmake.linux-x86_64-cpython-3.10/include/triton/Dialect/TritonGPU/IR/Ops.h.inc
  cd /home/tritonuser/triton/python/build/cmake.linux-x86_64-cpython-3.10 && /home/tritonuser/.triton/llvm/llvm-ffe3129e-ubuntu-x64/bin/mlir-tblgen -gen-op-decls -I /home/tritonuser/triton/include/triton/Dialect/TritonGPU/IR -I/home/tritonuser/triton/include -I/home/tritonuser/triton/. -I/home/tritonuser/.triton/llvm/llvm-ffe3129e-ubuntu-x64/include -I/home/tritonuser/.triton/llvm/llvm-ffe3129e-ubuntu-x64/include -I/home/tritonuser/triton/include -I/home/tritonuser/triton/python/build/cmake.linux-x86_64-cpython-3.10/include -I/home/tritonuser/triton/third_party -I/home/tritonuser/triton/python/build/cmake.linux-x86_64-cpython-3.10/third_party /home/tritonuser/triton/include/triton/Dialect/TritonGPU/IR/TritonGPUOps.td --write-if-changed -o include/triton/Dialect/TritonGPU/IR/Ops.h.inc -d include/triton/Dialect/TritonGPU/IR/Ops.h.inc.d
  /bin/sh: 1: /home/tritonuser/.triton/llvm/llvm-ffe3129e-ubuntu-x64/bin/mlir-tblgen: Permission denied
  [20/263] Building Types.cpp.inc...
  FAILED: include/triton/Dialect/TritonGPU/IR/Types.cpp.inc /home/tritonuser/triton/python/build/cmake.linux-x86_64-cpython-3.10/include/triton/Dialect/TritonGPU/IR/Types.cpp.inc
  cd /home/tritonuser/triton/python/build/cmake.linux-x86_64-cpython-3.10 && /home/tritonuser/.triton/llvm/llvm-ffe3129e-ubuntu-x64/bin/mlir-tblgen -gen-typedef-defs -typedefs-dialect=ttg -I /home/tritonuser/triton/include/triton/Dialect/TritonGPU/IR -I/home/tritonuser/triton/include -I/home/tritonuser/triton/. -I/home/tritonuser/.triton/llvm/llvm-ffe3129e-ubuntu-x64/include -I/home/tritonuser/.triton/llvm/llvm-ffe3129e-ubuntu-x64/include -I/home/tritonuser/triton/include -I/home/tritonuser/triton/python/build/cmake.linux-x86_64-cpython-3.10/include -I/home/tritonuser/triton/third_party -I/home/tritonuser/triton/python/build/cmake.linux-x86_64-cpython-3.10/third_party /home/tritonuser/triton/include/triton/Dialect/TritonGPU/IR/TritonGPUOps.td --write-if-changed -o include/triton/Dialect/TritonGPU/IR/Types.cpp.inc -d include/triton/Dialect/TritonGPU/IR/Types.cpp.inc.d
  /bin/sh: 1: /home/tritonuser/.triton/llvm/llvm-ffe3129e-ubuntu-x64/bin/mlir-tblgen: Permission denied
  [21/263] Building Types.h.inc...
  FAILED: include/triton/Dialect/TritonGPU/IR/Types.h.inc /home/tritonuser/triton/python/build/cmake.linux-x86_64-cpython-3.10/include/triton/Dialect/TritonGPU/IR/Types.h.inc
  cd /home/tritonuser/triton/python/build/cmake.linux-x86_64-cpython-3.10 && /home/tritonuser/.triton/llvm/llvm-ffe3129e-ubuntu-x64/bin/mlir-tblgen -gen-typedef-decls -typedefs-dialect=ttg -I /home/tritonuser/triton/include/triton/Dialect/TritonGPU/IR -I/home/tritonuser/triton/include -I/home/tritonuser/triton/. -I/home/tritonuser/.triton/llvm/llvm-ffe3129e-ubuntu-x64/include -I/home/tritonuser/.triton/llvm/llvm-ffe3129e-ubuntu-x64/include -I/home/tritonuser/triton/include -I/home/tritonuser/triton/python/build/cmake.linux-x86_64-cpython-3.10/include -I/home/tritonuser/triton/third_party -I/home/tritonuser/triton/python/build/cmake.linux-x86_64-cpython-3.10/third_party /home/tritonuser/triton/include/triton/Dialect/TritonGPU/IR/TritonGPUOps.td --write-if-changed -o include/triton/Dialect/TritonGPU/IR/Types.h.inc -d include/triton/Dialect/TritonGPU/IR/Types.h.inc.d
  /bin/sh: 1: /home/tritonuser/.triton/llvm/llvm-ffe3129e-ubuntu-x64/bin/mlir-tblgen: Permission denied
  [22/263] Building Passes.h.inc...
  FAILED: include/triton/Dialect/TritonGPU/Transforms/Passes.h.inc /home/tritonuser/triton/python/build/cmake.linux-x86_64-cpython-3.10/include/triton/Dialect/TritonGPU/Transforms/Passes.h.inc
  cd /home/tritonuser/triton/python/build/cmake.linux-x86_64-cpython-3.10 && /home/tritonuser/.triton/llvm/llvm-ffe3129e-ubuntu-x64/bin/mlir-tblgen -gen-pass-decls -name TritonGPU -I /home/tritonuser/triton/include/triton/Dialect/TritonGPU/Transforms -I/home/tritonuser/triton/include -I/home/tritonuser/triton/. -I/home/tritonuser/.triton/llvm/llvm-ffe3129e-ubuntu-x64/include -I/home/tritonuser/.triton/llvm/llvm-ffe3129e-ubuntu-x64/include -I/home/tritonuser/triton/include -I/home/tritonuser/triton/python/build/cmake.linux-x86_64-cpython-3.10/include -I/home/tritonuser/triton/third_party -I/home/tritonuser/triton/python/build/cmake.linux-x86_64-cpython-3.10/third_party /home/tritonuser/triton/include/triton/Dialect/TritonGPU/Transforms/Passes.td --write-if-changed -o include/triton/Dialect/TritonGPU/Transforms/Passes.h.inc -d include/triton/Dialect/TritonGPU/Transforms/Passes.h.inc.d
  /bin/sh: 1: /home/tritonuser/.triton/llvm/llvm-ffe3129e-ubuntu-x64/bin/mlir-tblgen: Permission denied
  [23/263] Building Dialect.cpp.inc...
  FAILED: include/triton/Dialect/TritonNvidiaGPU/IR/Dialect.cpp.inc /home/tritonuser/triton/python/build/cmake.linux-x86_64-cpython-3.10/include/triton/Dialect/TritonNvidiaGPU/IR/Dialect.cpp.inc
  cd /home/tritonuser/triton/python/build/cmake.linux-x86_64-cpython-3.10 && /home/tritonuser/.triton/llvm/llvm-ffe3129e-ubuntu-x64/bin/mlir-tblgen -gen-dialect-defs -dialect=ttng -I /home/tritonuser/triton/include/triton/Dialect/TritonNvidiaGPU/IR -I/home/tritonuser/triton/include -I/home/tritonuser/triton/. -I/home/tritonuser/.triton/llvm/llvm-ffe3129e-ubuntu-x64/include -I/home/tritonuser/.triton/llvm/llvm-ffe3129e-ubuntu-x64/include -I/home/tritonuser/triton/include -I/home/tritonuser/triton/python/build/cmake.linux-x86_64-cpython-3.10/include -I/home/tritonuser/triton/third_party -I/home/tritonuser/triton/python/build/cmake.linux-x86_64-cpython-3.10/third_party /home/tritonuser/triton/include/triton/Dialect/TritonNvidiaGPU/IR/TritonNvidiaGPUOps.td --write-if-changed -o include/triton/Dialect/TritonNvidiaGPU/IR/Dialect.cpp.inc -d include/triton/Dialect/TritonNvidiaGPU/IR/Dialect.cpp.inc.d
  /bin/sh: 1: /home/tritonuser/.triton/llvm/llvm-ffe3129e-ubuntu-x64/bin/mlir-tblgen: Permission denied
  [24/263] Building Dialect.h.inc...
  FAILED: include/triton/Dialect/TritonNvidiaGPU/IR/Dialect.h.inc /home/tritonuser/triton/python/build/cmake.linux-x86_64-cpython-3.10/include/triton/Dialect/TritonNvidiaGPU/IR/Dialect.h.inc
  cd /home/tritonuser/triton/python/build/cmake.linux-x86_64-cpython-3.10 && /home/tritonuser/.triton/llvm/llvm-ffe3129e-ubuntu-x64/bin/mlir-tblgen -gen-dialect-decls -dialect=ttng -I /home/tritonuser/triton/include/triton/Dialect/TritonNvidiaGPU/IR -I/home/tritonuser/triton/include -I/home/tritonuser/triton/. -I/home/tritonuser/.triton/llvm/llvm-ffe3129e-ubuntu-x64/include -I/home/tritonuser/.triton/llvm/llvm-ffe3129e-ubuntu-x64/include -I/home/tritonuser/triton/include -I/home/tritonuser/triton/python/build/cmake.linux-x86_64-cpython-3.10/include -I/home/tritonuser/triton/third_party -I/home/tritonuser/triton/python/build/cmake.linux-x86_64-cpython-3.10/third_party /home/tritonuser/triton/include/triton/Dialect/TritonNvidiaGPU/IR/TritonNvidiaGPUOps.td --write-if-changed -o include/triton/Dialect/TritonNvidiaGPU/IR/Dialect.h.inc -d include/triton/Dialect/TritonNvidiaGPU/IR/Dialect.h.inc.d
  /bin/sh: 1: /home/tritonuser/.triton/llvm/llvm-ffe3129e-ubuntu-x64/bin/mlir-tblgen: Permission denied
  [25/263] Building Ops.cpp.inc...
  FAILED: include/triton/Dialect/TritonNvidiaGPU/IR/Ops.cpp.inc /home/tritonuser/triton/python/build/cmake.linux-x86_64-cpython-3.10/include/triton/Dialect/TritonNvidiaGPU/IR/Ops.cpp.inc
  cd /home/tritonuser/triton/python/build/cmake.linux-x86_64-cpython-3.10 && /home/tritonuser/.triton/llvm/llvm-ffe3129e-ubuntu-x64/bin/mlir-tblgen -gen-op-defs -I /home/tritonuser/triton/include/triton/Dialect/TritonNvidiaGPU/IR -I/home/tritonuser/triton/include -I/home/tritonuser/triton/. -I/home/tritonuser/.triton/llvm/llvm-ffe3129e-ubuntu-x64/include -I/home/tritonuser/.triton/llvm/llvm-ffe3129e-ubuntu-x64/include -I/home/tritonuser/triton/include -I/home/tritonuser/triton/python/build/cmake.linux-x86_64-cpython-3.10/include -I/home/tritonuser/triton/third_party -I/home/tritonuser/triton/python/build/cmake.linux-x86_64-cpython-3.10/third_party /home/tritonuser/triton/include/triton/Dialect/TritonNvidiaGPU/IR/TritonNvidiaGPUOps.td --write-if-changed -o include/triton/Dialect/TritonNvidiaGPU/IR/Ops.cpp.inc -d include/triton/Dialect/TritonNvidiaGPU/IR/Ops.cpp.inc.d
  /bin/sh: 1: /home/tritonuser/.triton/llvm/llvm-ffe3129e-ubuntu-x64/bin/mlir-tblgen: Permission denied
  [26/263] Building Ops.h.inc...
  FAILED: include/triton/Dialect/TritonNvidiaGPU/IR/Ops.h.inc /home/tritonuser/triton/python/build/cmake.linux-x86_64-cpython-3.10/include/triton/Dialect/TritonNvidiaGPU/IR/Ops.h.inc
  cd /home/tritonuser/triton/python/build/cmake.linux-x86_64-cpython-3.10 && /home/tritonuser/.triton/llvm/llvm-ffe3129e-ubuntu-x64/bin/mlir-tblgen -gen-op-decls -I /home/tritonuser/triton/include/triton/Dialect/TritonNvidiaGPU/IR -I/home/tritonuser/triton/include -I/home/tritonuser/triton/. -I/home/tritonuser/.triton/llvm/llvm-ffe3129e-ubuntu-x64/include -I/home/tritonuser/.triton/llvm/llvm-ffe3129e-ubuntu-x64/include -I/home/tritonuser/triton/include -I/home/tritonuser/triton/python/build/cmake.linux-x86_64-cpython-3.10/include -I/home/tritonuser/triton/third_party -I/home/tritonuser/triton/python/build/cmake.linux-x86_64-cpython-3.10/third_party /home/tritonuser/triton/include/triton/Dialect/TritonNvidiaGPU/IR/TritonNvidiaGPUOps.td --write-if-changed -o include/triton/Dialect/TritonNvidiaGPU/IR/Ops.h.inc -d include/triton/Dialect/TritonNvidiaGPU/IR/Ops.h.inc.d
  /bin/sh: 1: /home/tritonuser/.triton/llvm/llvm-ffe3129e-ubuntu-x64/bin/mlir-tblgen: Permission denied
  [27/263] Building Passes.h.inc...
  FAILED: include/triton/Dialect/TritonNvidiaGPU/Transforms/Passes.h.inc /home/tritonuser/triton/python/build/cmake.linux-x86_64-cpython-3.10/include/triton/Dialect/TritonNvidiaGPU/Transforms/Passes.h.inc
  cd /home/tritonuser/triton/python/build/cmake.linux-x86_64-cpython-3.10 && /home/tritonuser/.triton/llvm/llvm-ffe3129e-ubuntu-x64/bin/mlir-tblgen -gen-pass-decls -name TritonNvidiaGPU -I /home/tritonuser/triton/include/triton/Dialect/TritonNvidiaGPU/Transforms -I/home/tritonuser/triton/include -I/home/tritonuser/triton/. -I/home/tritonuser/.triton/llvm/llvm-ffe3129e-ubuntu-x64/include -I/home/tritonuser/.triton/llvm/llvm-ffe3129e-ubuntu-x64/include -I/home/tritonuser/triton/include -I/home/tritonuser/triton/python/build/cmake.linux-x86_64-cpython-3.10/include -I/home/tritonuser/triton/third_party -I/home/tritonuser/triton/python/build/cmake.linux-x86_64-cpython-3.10/third_party /home/tritonuser/triton/include/triton/Dialect/TritonNvidiaGPU/Transforms/Passes.td --write-if-changed -o include/triton/Dialect/TritonNvidiaGPU/Transforms/Passes.h.inc -d include/triton/Dialect/TritonNvidiaGPU/Transforms/Passes.h.inc.d
  /bin/sh: 1: /home/tritonuser/.triton/llvm/llvm-ffe3129e-ubuntu-x64/bin/mlir-tblgen: Permission denied
  [28/263] Building Passes.h.inc...
  FAILED: include/triton/Target/LLVMIR/Passes.h.inc /home/tritonuser/triton/python/build/cmake.linux-x86_64-cpython-3.10/include/triton/Target/LLVMIR/Passes.h.inc
  cd /home/tritonuser/triton/python/build/cmake.linux-x86_64-cpython-3.10 && /home/tritonuser/.triton/llvm/llvm-ffe3129e-ubuntu-x64/bin/mlir-tblgen -gen-pass-decls -name LLVMIR -I /home/tritonuser/triton/include/triton/Target/LLVMIR -I/home/tritonuser/triton/include -I/home/tritonuser/triton/. -I/home/tritonuser/.triton/llvm/llvm-ffe3129e-ubuntu-x64/include -I/home/tritonuser/.triton/llvm/llvm-ffe3129e-ubuntu-x64/include -I/home/tritonuser/triton/include -I/home/tritonuser/triton/python/build/cmake.linux-x86_64-cpython-3.10/include -I/home/tritonuser/triton/third_party -I/home/tritonuser/triton/python/build/cmake.linux-x86_64-cpython-3.10/third_party /home/tritonuser/triton/include/triton/Target/LLVMIR/Passes.td --write-if-changed -o include/triton/Target/LLVMIR/Passes.h.inc -d include/triton/Target/LLVMIR/Passes.h.inc.d
  /bin/sh: 1: /home/tritonuser/.triton/llvm/llvm-ffe3129e-ubuntu-x64/bin/mlir-tblgen: Permission denied
  [29/263] Building TritonCanonicalize.inc...
  FAILED: lib/Dialect/Triton/IR/TritonCanonicalize.inc /home/tritonuser/triton/python/build/cmake.linux-x86_64-cpython-3.10/lib/Dialect/Triton/IR/TritonCanonicalize.inc
  cd /home/tritonuser/triton/python/build/cmake.linux-x86_64-cpython-3.10 && /home/tritonuser/.triton/llvm/llvm-ffe3129e-ubuntu-x64/bin/mlir-tblgen -gen-rewriters -I /home/tritonuser/triton/lib/Dialect/Triton/IR -I/home/tritonuser/triton/include -I/home/tritonuser/triton/. -I/home/tritonuser/.triton/llvm/llvm-ffe3129e-ubuntu-x64/include -I/home/tritonuser/.triton/llvm/llvm-ffe3129e-ubuntu-x64/include -I/home/tritonuser/triton/include -I/home/tritonuser/triton/python/build/cmake.linux-x86_64-cpython-3.10/include -I/home/tritonuser/triton/third_party -I/home/tritonuser/triton/python/build/cmake.linux-x86_64-cpython-3.10/third_party /home/tritonuser/triton/lib/Dialect/Triton/IR/Canonicalize.td --write-if-changed -o lib/Dialect/Triton/IR/TritonCanonicalize.inc -d lib/Dialect/Triton/IR/TritonCanonicalize.inc.d
  /bin/sh: 1: /home/tritonuser/.triton/llvm/llvm-ffe3129e-ubuntu-x64/bin/mlir-tblgen: Permission denied
  [30/263] Building TritonCombine.inc...
  FAILED: lib/Dialect/Triton/Transforms/TritonCombine.inc /home/tritonuser/triton/python/build/cmake.linux-x86_64-cpython-3.10/lib/Dialect/Triton/Transforms/TritonCombine.inc
  cd /home/tritonuser/triton/python/build/cmake.linux-x86_64-cpython-3.10 && /home/tritonuser/.triton/llvm/llvm-ffe3129e-ubuntu-x64/bin/mlir-tblgen -gen-rewriters -I /home/tritonuser/triton/lib/Dialect/Triton/Transforms -I/home/tritonuser/triton/include -I/home/tritonuser/triton/. -I/home/tritonuser/.triton/llvm/llvm-ffe3129e-ubuntu-x64/include -I/home/tritonuser/.triton/llvm/llvm-ffe3129e-ubuntu-x64/include -I/home/tritonuser/triton/include -I/home/tritonuser/triton/python/build/cmake.linux-x86_64-cpython-3.10/include -I/home/tritonuser/triton/third_party -I/home/tritonuser/triton/python/build/cmake.linux-x86_64-cpython-3.10/third_party /home/tritonuser/triton/lib/Dialect/Triton/Transforms/Combine.td --write-if-changed -o lib/Dialect/Triton/Transforms/TritonCombine.inc -d lib/Dialect/Triton/Transforms/TritonCombine.inc.d
  /bin/sh: 1: /home/tritonuser/.triton/llvm/llvm-ffe3129e-ubuntu-x64/bin/mlir-tblgen: Permission denied
  [31/263] Building Dialect.cpp.inc...
  FAILED: third_party/nvidia/include/Dialect/NVGPU/IR/Dialect.cpp.inc /home/tritonuser/triton/python/build/cmake.linux-x86_64-cpython-3.10/third_party/nvidia/include/Dialect/NVGPU/IR/Dialect.cpp.inc
  cd /home/tritonuser/triton/python/build/cmake.linux-x86_64-cpython-3.10 && /home/tritonuser/.triton/llvm/llvm-ffe3129e-ubuntu-x64/bin/mlir-tblgen -gen-dialect-defs -dialect=nvgpu -I /home/tritonuser/triton/third_party/nvidia/include/Dialect/NVGPU/IR -I/home/tritonuser/triton/include -I/home/tritonuser/triton/. -I/home/tritonuser/.triton/llvm/llvm-ffe3129e-ubuntu-x64/include -I/home/tritonuser/.triton/llvm/llvm-ffe3129e-ubuntu-x64/include -I/home/tritonuser/triton/include -I/home/tritonuser/triton/python/build/cmake.linux-x86_64-cpython-3.10/include -I/home/tritonuser/triton/third_party -I/home/tritonuser/triton/python/build/cmake.linux-x86_64-cpython-3.10/third_party -I/home/tritonuser/triton/python/src -I/home/tritonuser/triton/third_party/nvidia/include -I/home/tritonuser/triton/python/build/cmake.linux-x86_64-cpython-3.10/third_party/nvidia/include /home/tritonuser/triton/third_party/nvidia/include/Dialect/NVGPU/IR/NVGPUOps.td --write-if-changed -o third_party/nvidia/include/Dialect/NVGPU/IR/Dialect.cpp.inc -d third_party/nvidia/include/Dialect/NVGPU/IR/Dialect.cpp.inc.d
  /bin/sh: 1: /home/tritonuser/.triton/llvm/llvm-ffe3129e-ubuntu-x64/bin/mlir-tblgen: Permission denied
  [32/263] Building Dialect.h.inc...
  FAILED: third_party/nvidia/include/Dialect/NVGPU/IR/Dialect.h.inc /home/tritonuser/triton/python/build/cmake.linux-x86_64-cpython-3.10/third_party/nvidia/include/Dialect/NVGPU/IR/Dialect.h.inc
  cd /home/tritonuser/triton/python/build/cmake.linux-x86_64-cpython-3.10 && /home/tritonuser/.triton/llvm/llvm-ffe3129e-ubuntu-x64/bin/mlir-tblgen -gen-dialect-decls -dialect=nvgpu -I /home/tritonuser/triton/third_party/nvidia/include/Dialect/NVGPU/IR -I/home/tritonuser/triton/include -I/home/tritonuser/triton/. -I/home/tritonuser/.triton/llvm/llvm-ffe3129e-ubuntu-x64/include -I/home/tritonuser/.triton/llvm/llvm-ffe3129e-ubuntu-x64/include -I/home/tritonuser/triton/include -I/home/tritonuser/triton/python/build/cmake.linux-x86_64-cpython-3.10/include -I/home/tritonuser/triton/third_party -I/home/tritonuser/triton/python/build/cmake.linux-x86_64-cpython-3.10/third_party -I/home/tritonuser/triton/python/src -I/home/tritonuser/triton/third_party/nvidia/include -I/home/tritonuser/triton/python/build/cmake.linux-x86_64-cpython-3.10/third_party/nvidia/include /home/tritonuser/triton/third_party/nvidia/include/Dialect/NVGPU/IR/NVGPUOps.td --write-if-changed -o third_party/nvidia/include/Dialect/NVGPU/IR/Dialect.h.inc -d third_party/nvidia/include/Dialect/NVGPU/IR/Dialect.h.inc.d
  /bin/sh: 1: /home/tritonuser/.triton/llvm/llvm-ffe3129e-ubuntu-x64/bin/mlir-tblgen: Permission denied
  [33/263] Building Ops.cpp.inc...
  FAILED: third_party/nvidia/include/Dialect/NVGPU/IR/Ops.cpp.inc /home/tritonuser/triton/python/build/cmake.linux-x86_64-cpython-3.10/third_party/nvidia/include/Dialect/NVGPU/IR/Ops.cpp.inc
  cd /home/tritonuser/triton/python/build/cmake.linux-x86_64-cpython-3.10 && /home/tritonuser/.triton/llvm/llvm-ffe3129e-ubuntu-x64/bin/mlir-tblgen -gen-op-defs -I /home/tritonuser/triton/third_party/nvidia/include/Dialect/NVGPU/IR -I/home/tritonuser/triton/include -I/home/tritonuser/triton/. -I/home/tritonuser/.triton/llvm/llvm-ffe3129e-ubuntu-x64/include -I/home/tritonuser/.triton/llvm/llvm-ffe3129e-ubuntu-x64/include -I/home/tritonuser/triton/include -I/home/tritonuser/triton/python/build/cmake.linux-x86_64-cpython-3.10/include -I/home/tritonuser/triton/third_party -I/home/tritonuser/triton/python/build/cmake.linux-x86_64-cpython-3.10/third_party -I/home/tritonuser/triton/python/src -I/home/tritonuser/triton/third_party/nvidia/include -I/home/tritonuser/triton/python/build/cmake.linux-x86_64-cpython-3.10/third_party/nvidia/include /home/tritonuser/triton/third_party/nvidia/include/Dialect/NVGPU/IR/NVGPUOps.td --write-if-changed -o third_party/nvidia/include/Dialect/NVGPU/IR/Ops.cpp.inc -d third_party/nvidia/include/Dialect/NVGPU/IR/Ops.cpp.inc.d
  /bin/sh: 1: /home/tritonuser/.triton/llvm/llvm-ffe3129e-ubuntu-x64/bin/mlir-tblgen: Permission denied
  [34/263] Building Ops.h.inc...
  FAILED: third_party/nvidia/include/Dialect/NVGPU/IR/Ops.h.inc /home/tritonuser/triton/python/build/cmake.linux-x86_64-cpython-3.10/third_party/nvidia/include/Dialect/NVGPU/IR/Ops.h.inc
  cd /home/tritonuser/triton/python/build/cmake.linux-x86_64-cpython-3.10 && /home/tritonuser/.triton/llvm/llvm-ffe3129e-ubuntu-x64/bin/mlir-tblgen -gen-op-decls -I /home/tritonuser/triton/third_party/nvidia/include/Dialect/NVGPU/IR -I/home/tritonuser/triton/include -I/home/tritonuser/triton/. -I/home/tritonuser/.triton/llvm/llvm-ffe3129e-ubuntu-x64/include -I/home/tritonuser/.triton/llvm/llvm-ffe3129e-ubuntu-x64/include -I/home/tritonuser/triton/include -I/home/tritonuser/triton/python/build/cmake.linux-x86_64-cpython-3.10/include -I/home/tritonuser/triton/third_party -I/home/tritonuser/triton/python/build/cmake.linux-x86_64-cpython-3.10/third_party -I/home/tritonuser/triton/python/src -I/home/tritonuser/triton/third_party/nvidia/include -I/home/tritonuser/triton/python/build/cmake.linux-x86_64-cpython-3.10/third_party/nvidia/include /home/tritonuser/triton/third_party/nvidia/include/Dialect/NVGPU/IR/NVGPUOps.td --write-if-changed -o third_party/nvidia/include/Dialect/NVGPU/IR/Ops.h.inc -d third_party/nvidia/include/Dialect/NVGPU/IR/Ops.h.inc.d
  /bin/sh: 1: /home/tritonuser/.triton/llvm/llvm-ffe3129e-ubuntu-x64/bin/mlir-tblgen: Permission denied
  [35/263] Building OpsConversions.inc...
  FAILED: third_party/nvidia/include/Dialect/NVGPU/IR/OpsConversions.inc /home/tritonuser/triton/python/build/cmake.linux-x86_64-cpython-3.10/third_party/nvidia/include/Dialect/NVGPU/IR/OpsConversions.inc
  cd /home/tritonuser/triton/python/build/cmake.linux-x86_64-cpython-3.10 && /home/tritonuser/.triton/llvm/llvm-ffe3129e-ubuntu-x64/bin/mlir-tblgen -gen-llvmir-conversions -I /home/tritonuser/triton/third_party/nvidia/include/Dialect/NVGPU/IR -I/home/tritonuser/triton/include -I/home/tritonuser/triton/. -I/home/tritonuser/.triton/llvm/llvm-ffe3129e-ubuntu-x64/include -I/home/tritonuser/.triton/llvm/llvm-ffe3129e-ubuntu-x64/include -I/home/tritonuser/triton/include -I/home/tritonuser/triton/python/build/cmake.linux-x86_64-cpython-3.10/include -I/home/tritonuser/triton/third_party -I/home/tritonuser/triton/python/build/cmake.linux-x86_64-cpython-3.10/third_party -I/home/tritonuser/triton/python/src -I/home/tritonuser/triton/third_party/nvidia/include -I/home/tritonuser/triton/python/build/cmake.linux-x86_64-cpython-3.10/third_party/nvidia/include /home/tritonuser/triton/third_party/nvidia/include/Dialect/NVGPU/IR/NVGPUOps.td --write-if-changed -o third_party/nvidia/include/Dialect/NVGPU/IR/OpsConversions.inc -d third_party/nvidia/include/Dialect/NVGPU/IR/OpsConversions.inc.d
  /bin/sh: 1: /home/tritonuser/.triton/llvm/llvm-ffe3129e-ubuntu-x64/bin/mlir-tblgen: Permission denied
  [36/263] Building OpsEnums.cpp.inc...
  FAILED: third_party/nvidia/include/Dialect/NVGPU/IR/OpsEnums.cpp.inc /home/tritonuser/triton/python/build/cmake.linux-x86_64-cpython-3.10/third_party/nvidia/include/Dialect/NVGPU/IR/OpsEnums.cpp.inc
  cd /home/tritonuser/triton/python/build/cmake.linux-x86_64-cpython-3.10 && /home/tritonuser/.triton/llvm/llvm-ffe3129e-ubuntu-x64/bin/mlir-tblgen -gen-enum-defs -I /home/tritonuser/triton/third_party/nvidia/include/Dialect/NVGPU/IR -I/home/tritonuser/triton/include -I/home/tritonuser/triton/. -I/home/tritonuser/.triton/llvm/llvm-ffe3129e-ubuntu-x64/include -I/home/tritonuser/.triton/llvm/llvm-ffe3129e-ubuntu-x64/include -I/home/tritonuser/triton/include -I/home/tritonuser/triton/python/build/cmake.linux-x86_64-cpython-3.10/include -I/home/tritonuser/triton/third_party -I/home/tritonuser/triton/python/build/cmake.linux-x86_64-cpython-3.10/third_party -I/home/tritonuser/triton/python/src -I/home/tritonuser/triton/third_party/nvidia/include -I/home/tritonuser/triton/python/build/cmake.linux-x86_64-cpython-3.10/third_party/nvidia/include /home/tritonuser/triton/third_party/nvidia/include/Dialect/NVGPU/IR/NVGPUOps.td --write-if-changed -o third_party/nvidia/include/Dialect/NVGPU/IR/OpsEnums.cpp.inc -d third_party/nvidia/include/Dialect/NVGPU/IR/OpsEnums.cpp.inc.d
  /bin/sh: 1: /home/tritonuser/.triton/llvm/llvm-ffe3129e-ubuntu-x64/bin/mlir-tblgen: Permission denied
  [37/263] Building OpsEnums.h.inc...
  FAILED: third_party/nvidia/include/Dialect/NVGPU/IR/OpsEnums.h.inc /home/tritonuser/triton/python/build/cmake.linux-x86_64-cpython-3.10/third_party/nvidia/include/Dialect/NVGPU/IR/OpsEnums.h.inc
  cd /home/tritonuser/triton/python/build/cmake.linux-x86_64-cpython-3.10 && /home/tritonuser/.triton/llvm/llvm-ffe3129e-ubuntu-x64/bin/mlir-tblgen -gen-enum-decls -I /home/tritonuser/triton/third_party/nvidia/include/Dialect/NVGPU/IR -I/home/tritonuser/triton/include -I/home/tritonuser/triton/. -I/home/tritonuser/.triton/llvm/llvm-ffe3129e-ubuntu-x64/include -I/home/tritonuser/.triton/llvm/llvm-ffe3129e-ubuntu-x64/include -I/home/tritonuser/triton/include -I/home/tritonuser/triton/python/build/cmake.linux-x86_64-cpython-3.10/include -I/home/tritonuser/triton/third_party -I/home/tritonuser/triton/python/build/cmake.linux-x86_64-cpython-3.10/third_party -I/home/tritonuser/triton/python/src -I/home/tritonuser/triton/third_party/nvidia/include -I/home/tritonuser/triton/python/build/cmake.linux-x86_64-cpython-3.10/third_party/nvidia/include /home/tritonuser/triton/third_party/nvidia/include/Dialect/NVGPU/IR/NVGPUOps.td --write-if-changed -o third_party/nvidia/include/Dialect/NVGPU/IR/OpsEnums.h.inc -d third_party/nvidia/include/Dialect/NVGPU/IR/OpsEnums.h.inc.d
  /bin/sh: 1: /home/tritonuser/.triton/llvm/llvm-ffe3129e-ubuntu-x64/bin/mlir-tblgen: Permission denied
  [38/263] Building Passes.h.inc...
  FAILED: third_party/nvidia/include/TritonNVIDIAGPUToLLVM/Passes.h.inc /home/tritonuser/triton/python/build/cmake.linux-x86_64-cpython-3.10/third_party/nvidia/include/TritonNVIDIAGPUToLLVM/Passes.h.inc
  cd /home/tritonuser/triton/python/build/cmake.linux-x86_64-cpython-3.10 && /home/tritonuser/.triton/llvm/llvm-ffe3129e-ubuntu-x64/bin/mlir-tblgen -gen-pass-decls --name TritonNVIDIAGPUToLLVM -I /home/tritonuser/triton/third_party/nvidia/include/TritonNVIDIAGPUToLLVM -I/home/tritonuser/triton/include -I/home/tritonuser/triton/. -I/home/tritonuser/.triton/llvm/llvm-ffe3129e-ubuntu-x64/include -I/home/tritonuser/.triton/llvm/llvm-ffe3129e-ubuntu-x64/include -I/home/tritonuser/triton/include -I/home/tritonuser/triton/python/build/cmake.linux-x86_64-cpython-3.10/include -I/home/tritonuser/triton/third_party -I/home/tritonuser/triton/python/build/cmake.linux-x86_64-cpython-3.10/third_party -I/home/tritonuser/triton/python/src -I/home/tritonuser/triton/third_party/nvidia/include -I/home/tritonuser/triton/python/build/cmake.linux-x86_64-cpython-3.10/third_party/nvidia/include /home/tritonuser/triton/third_party/nvidia/include/TritonNVIDIAGPUToLLVM/Passes.td --write-if-changed -o third_party/nvidia/include/TritonNVIDIAGPUToLLVM/Passes.h.inc -d third_party/nvidia/include/TritonNVIDIAGPUToLLVM/Passes.h.inc.d
  /bin/sh: 1: /home/tritonuser/.triton/llvm/llvm-ffe3129e-ubuntu-x64/bin/mlir-tblgen: Permission denied
  [39/263] Building Passes.h.inc...
  FAILED: third_party/nvidia/include/NVGPUToLLVM/Passes.h.inc /home/tritonuser/triton/python/build/cmake.linux-x86_64-cpython-3.10/third_party/nvidia/include/NVGPUToLLVM/Passes.h.inc
  cd /home/tritonuser/triton/python/build/cmake.linux-x86_64-cpython-3.10 && /home/tritonuser/.triton/llvm/llvm-ffe3129e-ubuntu-x64/bin/mlir-tblgen -gen-pass-decls --name NVGPUToLLVM -I /home/tritonuser/triton/third_party/nvidia/include/NVGPUToLLVM -I/home/tritonuser/triton/include -I/home/tritonuser/triton/. -I/home/tritonuser/.triton/llvm/llvm-ffe3129e-ubuntu-x64/include -I/home/tritonuser/.triton/llvm/llvm-ffe3129e-ubuntu-x64/include -I/home/tritonuser/triton/include -I/home/tritonuser/triton/python/build/cmake.linux-x86_64-cpython-3.10/include -I/home/tritonuser/triton/third_party -I/home/tritonuser/triton/python/build/cmake.linux-x86_64-cpython-3.10/third_party -I/home/tritonuser/triton/python/src -I/home/tritonuser/triton/third_party/nvidia/include -I/home/tritonuser/triton/python/build/cmake.linux-x86_64-cpython-3.10/third_party/nvidia/include /home/tritonuser/triton/third_party/nvidia/include/NVGPUToLLVM/Passes.td --write-if-changed -o third_party/nvidia/include/NVGPUToLLVM/Passes.h.inc -d third_party/nvidia/include/NVGPUToLLVM/Passes.h.inc.d
  /bin/sh: 1: /home/tritonuser/.triton/llvm/llvm-ffe3129e-ubuntu-x64/bin/mlir-tblgen: Permission denied
  [40/263] Building Dialect.cpp.inc...
  FAILED: third_party/amd/include/Dialect/TritonAMDGPU/IR/Dialect.cpp.inc /home/tritonuser/triton/python/build/cmake.linux-x86_64-cpython-3.10/third_party/amd/include/Dialect/TritonAMDGPU/IR/Dialect.cpp.inc
  cd /home/tritonuser/triton/python/build/cmake.linux-x86_64-cpython-3.10 && /home/tritonuser/.triton/llvm/llvm-ffe3129e-ubuntu-x64/bin/mlir-tblgen -gen-dialect-defs -dialect=amdgpu -I /home/tritonuser/triton/third_party/amd/include/Dialect/TritonAMDGPU/IR -I/home/tritonuser/triton/include -I/home/tritonuser/triton/. -I/home/tritonuser/.triton/llvm/llvm-ffe3129e-ubuntu-x64/include -I/home/tritonuser/.triton/llvm/llvm-ffe3129e-ubuntu-x64/include -I/home/tritonuser/triton/include -I/home/tritonuser/triton/python/build/cmake.linux-x86_64-cpython-3.10/include -I/home/tritonuser/triton/third_party -I/home/tritonuser/triton/python/build/cmake.linux-x86_64-cpython-3.10/third_party -I/home/tritonuser/triton/python/src -I/home/tritonuser/triton/third_party/amd/include -I/home/tritonuser/triton/python/build/cmake.linux-x86_64-cpython-3.10/third_party/amd/include /home/tritonuser/triton/third_party/amd/include/Dialect/TritonAMDGPU/IR/TritonAMDGPUOps.td --write-if-changed -o third_party/amd/include/Dialect/TritonAMDGPU/IR/Dialect.cpp.inc -d third_party/amd/include/Dialect/TritonAMDGPU/IR/Dialect.cpp.inc.d
  /bin/sh: 1: /home/tritonuser/.triton/llvm/llvm-ffe3129e-ubuntu-x64/bin/mlir-tblgen: Permission denied
  [41/263] Building Dialect.h.inc...
  FAILED: third_party/amd/include/Dialect/TritonAMDGPU/IR/Dialect.h.inc /home/tritonuser/triton/python/build/cmake.linux-x86_64-cpython-3.10/third_party/amd/include/Dialect/TritonAMDGPU/IR/Dialect.h.inc
  cd /home/tritonuser/triton/python/build/cmake.linux-x86_64-cpython-3.10 && /home/tritonuser/.triton/llvm/llvm-ffe3129e-ubuntu-x64/bin/mlir-tblgen -gen-dialect-decls -dialect=amdgpu -I /home/tritonuser/triton/third_party/amd/include/Dialect/TritonAMDGPU/IR -I/home/tritonuser/triton/include -I/home/tritonuser/triton/. -I/home/tritonuser/.triton/llvm/llvm-ffe3129e-ubuntu-x64/include -I/home/tritonuser/.triton/llvm/llvm-ffe3129e-ubuntu-x64/include -I/home/tritonuser/triton/include -I/home/tritonuser/triton/python/build/cmake.linux-x86_64-cpython-3.10/include -I/home/tritonuser/triton/third_party -I/home/tritonuser/triton/python/build/cmake.linux-x86_64-cpython-3.10/third_party -I/home/tritonuser/triton/python/src -I/home/tritonuser/triton/third_party/amd/include -I/home/tritonuser/triton/python/build/cmake.linux-x86_64-cpython-3.10/third_party/amd/include /home/tritonuser/triton/third_party/amd/include/Dialect/TritonAMDGPU/IR/TritonAMDGPUOps.td --write-if-changed -o third_party/amd/include/Dialect/TritonAMDGPU/IR/Dialect.h.inc -d third_party/amd/include/Dialect/TritonAMDGPU/IR/Dialect.h.inc.d
  /bin/sh: 1: /home/tritonuser/.triton/llvm/llvm-ffe3129e-ubuntu-x64/bin/mlir-tblgen: Permission denied
  [42/263] Building Ops.cpp.inc...
  FAILED: third_party/amd/include/Dialect/TritonAMDGPU/IR/Ops.cpp.inc /home/tritonuser/triton/python/build/cmake.linux-x86_64-cpython-3.10/third_party/amd/include/Dialect/TritonAMDGPU/IR/Ops.cpp.inc
  cd /home/tritonuser/triton/python/build/cmake.linux-x86_64-cpython-3.10 && /home/tritonuser/.triton/llvm/llvm-ffe3129e-ubuntu-x64/bin/mlir-tblgen -gen-op-defs -I /home/tritonuser/triton/third_party/amd/include/Dialect/TritonAMDGPU/IR -I/home/tritonuser/triton/include -I/home/tritonuser/triton/. -I/home/tritonuser/.triton/llvm/llvm-ffe3129e-ubuntu-x64/include -I/home/tritonuser/.triton/llvm/llvm-ffe3129e-ubuntu-x64/include -I/home/tritonuser/triton/include -I/home/tritonuser/triton/python/build/cmake.linux-x86_64-cpython-3.10/include -I/home/tritonuser/triton/third_party -I/home/tritonuser/triton/python/build/cmake.linux-x86_64-cpython-3.10/third_party -I/home/tritonuser/triton/python/src -I/home/tritonuser/triton/third_party/amd/include -I/home/tritonuser/triton/python/build/cmake.linux-x86_64-cpython-3.10/third_party/amd/include /home/tritonuser/triton/third_party/amd/include/Dialect/TritonAMDGPU/IR/TritonAMDGPUOps.td --write-if-changed -o third_party/amd/include/Dialect/TritonAMDGPU/IR/Ops.cpp.inc -d third_party/amd/include/Dialect/TritonAMDGPU/IR/Ops.cpp.inc.d
  /bin/sh: 1: /home/tritonuser/.triton/llvm/llvm-ffe3129e-ubuntu-x64/bin/mlir-tblgen: Permission denied
  [43/263] Building Ops.h.inc...
  FAILED: third_party/amd/include/Dialect/TritonAMDGPU/IR/Ops.h.inc /home/tritonuser/triton/python/build/cmake.linux-x86_64-cpython-3.10/third_party/amd/include/Dialect/TritonAMDGPU/IR/Ops.h.inc
  cd /home/tritonuser/triton/python/build/cmake.linux-x86_64-cpython-3.10 && /home/tritonuser/.triton/llvm/llvm-ffe3129e-ubuntu-x64/bin/mlir-tblgen -gen-op-decls -I /home/tritonuser/triton/third_party/amd/include/Dialect/TritonAMDGPU/IR -I/home/tritonuser/triton/include -I/home/tritonuser/triton/. -I/home/tritonuser/.triton/llvm/llvm-ffe3129e-ubuntu-x64/include -I/home/tritonuser/.triton/llvm/llvm-ffe3129e-ubuntu-x64/include -I/home/tritonuser/triton/include -I/home/tritonuser/triton/python/build/cmake.linux-x86_64-cpython-3.10/include -I/home/tritonuser/triton/third_party -I/home/tritonuser/triton/python/build/cmake.linux-x86_64-cpython-3.10/third_party -I/home/tritonuser/triton/python/src -I/home/tritonuser/triton/third_party/amd/include -I/home/tritonuser/triton/python/build/cmake.linux-x86_64-cpython-3.10/third_party/amd/include /home/tritonuser/triton/third_party/amd/include/Dialect/TritonAMDGPU/IR/TritonAMDGPUOps.td --write-if-changed -o third_party/amd/include/Dialect/TritonAMDGPU/IR/Ops.h.inc -d third_party/amd/include/Dialect/TritonAMDGPU/IR/Ops.h.inc.d
  /bin/sh: 1: /home/tritonuser/.triton/llvm/llvm-ffe3129e-ubuntu-x64/bin/mlir-tblgen: Permission denied
  [44/263] Building OpsConversions.inc...
  FAILED: third_party/amd/include/Dialect/TritonAMDGPU/IR/OpsConversions.inc /home/tritonuser/triton/python/build/cmake.linux-x86_64-cpython-3.10/third_party/amd/include/Dialect/TritonAMDGPU/IR/OpsConversions.inc
  cd /home/tritonuser/triton/python/build/cmake.linux-x86_64-cpython-3.10 && /home/tritonuser/.triton/llvm/llvm-ffe3129e-ubuntu-x64/bin/mlir-tblgen -gen-llvmir-conversions -I /home/tritonuser/triton/third_party/amd/include/Dialect/TritonAMDGPU/IR -I/home/tritonuser/triton/include -I/home/tritonuser/triton/. -I/home/tritonuser/.triton/llvm/llvm-ffe3129e-ubuntu-x64/include -I/home/tritonuser/.triton/llvm/llvm-ffe3129e-ubuntu-x64/include -I/home/tritonuser/triton/include -I/home/tritonuser/triton/python/build/cmake.linux-x86_64-cpython-3.10/include -I/home/tritonuser/triton/third_party -I/home/tritonuser/triton/python/build/cmake.linux-x86_64-cpython-3.10/third_party -I/home/tritonuser/triton/python/src -I/home/tritonuser/triton/third_party/amd/include -I/home/tritonuser/triton/python/build/cmake.linux-x86_64-cpython-3.10/third_party/amd/include /home/tritonuser/triton/third_party/amd/include/Dialect/TritonAMDGPU/IR/TritonAMDGPUOps.td --write-if-changed -o third_party/amd/include/Dialect/TritonAMDGPU/IR/OpsConversions.inc -d third_party/amd/include/Dialect/TritonAMDGPU/IR/OpsConversions.inc.d
  /bin/sh: 1: /home/tritonuser/.triton/llvm/llvm-ffe3129e-ubuntu-x64/bin/mlir-tblgen: Permission denied
  [45/263] Building Passes.h.inc...
  FAILED: third_party/amd/include/TritonAMDGPUToLLVM/Passes.h.inc /home/tritonuser/triton/python/build/cmake.linux-x86_64-cpython-3.10/third_party/amd/include/TritonAMDGPUToLLVM/Passes.h.inc
  cd /home/tritonuser/triton/python/build/cmake.linux-x86_64-cpython-3.10 && /home/tritonuser/.triton/llvm/llvm-ffe3129e-ubuntu-x64/bin/mlir-tblgen -gen-pass-decls --name TritonAMDGPUToLLVM -I /home/tritonuser/triton/third_party/amd/include/TritonAMDGPUToLLVM -I/home/tritonuser/triton/include -I/home/tritonuser/triton/. -I/home/tritonuser/.triton/llvm/llvm-ffe3129e-ubuntu-x64/include -I/home/tritonuser/.triton/llvm/llvm-ffe3129e-ubuntu-x64/include -I/home/tritonuser/triton/include -I/home/tritonuser/triton/python/build/cmake.linux-x86_64-cpython-3.10/include -I/home/tritonuser/triton/third_party -I/home/tritonuser/triton/python/build/cmake.linux-x86_64-cpython-3.10/third_party -I/home/tritonuser/triton/python/src -I/home/tritonuser/triton/third_party/amd/include -I/home/tritonuser/triton/python/build/cmake.linux-x86_64-cpython-3.10/third_party/amd/include /home/tritonuser/triton/third_party/amd/include/TritonAMDGPUToLLVM/Passes.td --write-if-changed -o third_party/amd/include/TritonAMDGPUToLLVM/Passes.h.inc -d third_party/amd/include/TritonAMDGPUToLLVM/Passes.h.inc.d
  /bin/sh: 1: /home/tritonuser/.triton/llvm/llvm-ffe3129e-ubuntu-x64/bin/mlir-tblgen: Permission denied
  [46/263] Building Passes.h.inc...
  FAILED: third_party/amd/include/TritonAMDGPUTransforms/Passes.h.inc /home/tritonuser/triton/python/build/cmake.linux-x86_64-cpython-3.10/third_party/amd/include/TritonAMDGPUTransforms/Passes.h.inc
  cd /home/tritonuser/triton/python/build/cmake.linux-x86_64-cpython-3.10 && /home/tritonuser/.triton/llvm/llvm-ffe3129e-ubuntu-x64/bin/mlir-tblgen -gen-pass-decls -name TritonAMDGPU -I /home/tritonuser/triton/third_party/amd/include/TritonAMDGPUTransforms -I/home/tritonuser/triton/include -I/home/tritonuser/triton/. -I/home/tritonuser/.triton/llvm/llvm-ffe3129e-ubuntu-x64/include -I/home/tritonuser/.triton/llvm/llvm-ffe3129e-ubuntu-x64/include -I/home/tritonuser/triton/include -I/home/tritonuser/triton/python/build/cmake.linux-x86_64-cpython-3.10/include -I/home/tritonuser/triton/third_party -I/home/tritonuser/triton/python/build/cmake.linux-x86_64-cpython-3.10/third_party -I/home/tritonuser/triton/python/src -I/home/tritonuser/triton/third_party/amd/include -I/home/tritonuser/triton/python/build/cmake.linux-x86_64-cpython-3.10/third_party/amd/include /home/tritonuser/triton/third_party/amd/include/TritonAMDGPUTransforms/Passes.td --write-if-changed -o third_party/amd/include/TritonAMDGPUTransforms/Passes.h.inc -d third_party/amd/include/TritonAMDGPUTransforms/Passes.h.inc.d
  /bin/sh: 1: /home/tritonuser/.triton/llvm/llvm-ffe3129e-ubuntu-x64/bin/mlir-tblgen: Permission denied
  [47/263] Building Dialect.cpp.inc...
  FAILED: third_party/proton/dialect/include/Dialect/Proton/IR/Dialect.cpp.inc /home/tritonuser/triton/python/build/cmake.linux-x86_64-cpython-3.10/third_party/proton/dialect/include/Dialect/Proton/IR/Dialect.cpp.inc
  cd /home/tritonuser/triton/python/build/cmake.linux-x86_64-cpython-3.10 && /home/tritonuser/.triton/llvm/llvm-ffe3129e-ubuntu-x64/bin/mlir-tblgen -gen-dialect-defs -dialect=proton -I /home/tritonuser/triton/third_party/proton/dialect/include/Dialect/Proton/IR -I/home/tritonuser/triton/include -I/home/tritonuser/triton/. -I/home/tritonuser/.triton/llvm/llvm-ffe3129e-ubuntu-x64/include -I/home/tritonuser/.triton/llvm/llvm-ffe3129e-ubuntu-x64/include -I/home/tritonuser/triton/include -I/home/tritonuser/triton/python/build/cmake.linux-x86_64-cpython-3.10/include -I/home/tritonuser/triton/third_party -I/home/tritonuser/triton/python/build/cmake.linux-x86_64-cpython-3.10/third_party -I/home/tritonuser/triton/python/src -I/home/tritonuser/triton/third_party/proton/dialect/include -I/home/tritonuser/triton/python/build/cmake.linux-x86_64-cpython-3.10/third_party/proton/dialect/include /home/tritonuser/triton/third_party/proton/dialect/include/Dialect/Proton/IR/ProtonOps.td --write-if-changed -o third_party/proton/dialect/include/Dialect/Proton/IR/Dialect.cpp.inc -d third_party/proton/dialect/include/Dialect/Proton/IR/Dialect.cpp.inc.d
  /bin/sh: 1: /home/tritonuser/.triton/llvm/llvm-ffe3129e-ubuntu-x64/bin/mlir-tblgen: Permission denied
  [48/263] Building Dialect.h.inc...
  FAILED: third_party/proton/dialect/include/Dialect/Proton/IR/Dialect.h.inc /home/tritonuser/triton/python/build/cmake.linux-x86_64-cpython-3.10/third_party/proton/dialect/include/Dialect/Proton/IR/Dialect.h.inc
  cd /home/tritonuser/triton/python/build/cmake.linux-x86_64-cpython-3.10 && /home/tritonuser/.triton/llvm/llvm-ffe3129e-ubuntu-x64/bin/mlir-tblgen -gen-dialect-decls -dialect=proton -I /home/tritonuser/triton/third_party/proton/dialect/include/Dialect/Proton/IR -I/home/tritonuser/triton/include -I/home/tritonuser/triton/. -I/home/tritonuser/.triton/llvm/llvm-ffe3129e-ubuntu-x64/include -I/home/tritonuser/.triton/llvm/llvm-ffe3129e-ubuntu-x64/include -I/home/tritonuser/triton/include -I/home/tritonuser/triton/python/build/cmake.linux-x86_64-cpython-3.10/include -I/home/tritonuser/triton/third_party -I/home/tritonuser/triton/python/build/cmake.linux-x86_64-cpython-3.10/third_party -I/home/tritonuser/triton/python/src -I/home/tritonuser/triton/third_party/proton/dialect/include -I/home/tritonuser/triton/python/build/cmake.linux-x86_64-cpython-3.10/third_party/proton/dialect/include /home/tritonuser/triton/third_party/proton/dialect/include/Dialect/Proton/IR/ProtonOps.td --write-if-changed -o third_party/proton/dialect/include/Dialect/Proton/IR/Dialect.h.inc -d third_party/proton/dialect/include/Dialect/Proton/IR/Dialect.h.inc.d
  /bin/sh: 1: /home/tritonuser/.triton/llvm/llvm-ffe3129e-ubuntu-x64/bin/mlir-tblgen: Permission denied
  [49/263] Building Ops.h.inc...
  FAILED: third_party/proton/dialect/include/Dialect/Proton/IR/Ops.h.inc /home/tritonuser/triton/python/build/cmake.linux-x86_64-cpython-3.10/third_party/proton/dialect/include/Dialect/Proton/IR/Ops.h.inc
  cd /home/tritonuser/triton/python/build/cmake.linux-x86_64-cpython-3.10 && /home/tritonuser/.triton/llvm/llvm-ffe3129e-ubuntu-x64/bin/mlir-tblgen -gen-op-decls -I /home/tritonuser/triton/third_party/proton/dialect/include/Dialect/Proton/IR -I/home/tritonuser/triton/include -I/home/tritonuser/triton/. -I/home/tritonuser/.triton/llvm/llvm-ffe3129e-ubuntu-x64/include -I/home/tritonuser/.triton/llvm/llvm-ffe3129e-ubuntu-x64/include -I/home/tritonuser/triton/include -I/home/tritonuser/triton/python/build/cmake.linux-x86_64-cpython-3.10/include -I/home/tritonuser/triton/third_party -I/home/tritonuser/triton/python/build/cmake.linux-x86_64-cpython-3.10/third_party -I/home/tritonuser/triton/python/src -I/home/tritonuser/triton/third_party/proton/dialect/include -I/home/tritonuser/triton/python/build/cmake.linux-x86_64-cpython-3.10/third_party/proton/dialect/include /home/tritonuser/triton/third_party/proton/dialect/include/Dialect/Proton/IR/ProtonOps.td --write-if-changed -o third_party/proton/dialect/include/Dialect/Proton/IR/Ops.h.inc -d third_party/proton/dialect/include/Dialect/Proton/IR/Ops.h.inc.d
  /bin/sh: 1: /home/tritonuser/.triton/llvm/llvm-ffe3129e-ubuntu-x64/bin/mlir-tblgen: Permission denied
  [50/263] Building Ops.cpp.inc...
  FAILED: third_party/proton/dialect/include/Dialect/Proton/IR/Ops.cpp.inc /home/tritonuser/triton/python/build/cmake.linux-x86_64-cpython-3.10/third_party/proton/dialect/include/Dialect/Proton/IR/Ops.cpp.inc
  cd /home/tritonuser/triton/python/build/cmake.linux-x86_64-cpython-3.10 && /home/tritonuser/.triton/llvm/llvm-ffe3129e-ubuntu-x64/bin/mlir-tblgen -gen-op-defs -I /home/tritonuser/triton/third_party/proton/dialect/include/Dialect/Proton/IR -I/home/tritonuser/triton/include -I/home/tritonuser/triton/. -I/home/tritonuser/.triton/llvm/llvm-ffe3129e-ubuntu-x64/include -I/home/tritonuser/.triton/llvm/llvm-ffe3129e-ubuntu-x64/include -I/home/tritonuser/triton/include -I/home/tritonuser/triton/python/build/cmake.linux-x86_64-cpython-3.10/include -I/home/tritonuser/triton/third_party -I/home/tritonuser/triton/python/build/cmake.linux-x86_64-cpython-3.10/third_party -I/home/tritonuser/triton/python/src -I/home/tritonuser/triton/third_party/proton/dialect/include -I/home/tritonuser/triton/python/build/cmake.linux-x86_64-cpython-3.10/third_party/proton/dialect/include /home/tritonuser/triton/third_party/proton/dialect/include/Dialect/Proton/IR/ProtonOps.td --write-if-changed -o third_party/proton/dialect/include/Dialect/Proton/IR/Ops.cpp.inc -d third_party/proton/dialect/include/Dialect/Proton/IR/Ops.cpp.inc.d
  /bin/sh: 1: /home/tritonuser/.triton/llvm/llvm-ffe3129e-ubuntu-x64/bin/mlir-tblgen: Permission denied
  [51/263] Building OpsConversions.inc...
  FAILED: third_party/proton/dialect/include/Dialect/Proton/IR/OpsConversions.inc /home/tritonuser/triton/python/build/cmake.linux-x86_64-cpython-3.10/third_party/proton/dialect/include/Dialect/Proton/IR/OpsConversions.inc
  cd /home/tritonuser/triton/python/build/cmake.linux-x86_64-cpython-3.10 && /home/tritonuser/.triton/llvm/llvm-ffe3129e-ubuntu-x64/bin/mlir-tblgen -gen-llvmir-conversions -I /home/tritonuser/triton/third_party/proton/dialect/include/Dialect/Proton/IR -I/home/tritonuser/triton/include -I/home/tritonuser/triton/. -I/home/tritonuser/.triton/llvm/llvm-ffe3129e-ubuntu-x64/include -I/home/tritonuser/.triton/llvm/llvm-ffe3129e-ubuntu-x64/include -I/home/tritonuser/triton/include -I/home/tritonuser/triton/python/build/cmake.linux-x86_64-cpython-3.10/include -I/home/tritonuser/triton/third_party -I/home/tritonuser/triton/python/build/cmake.linux-x86_64-cpython-3.10/third_party -I/home/tritonuser/triton/python/src -I/home/tritonuser/triton/third_party/proton/dialect/include -I/home/tritonuser/triton/python/build/cmake.linux-x86_64-cpython-3.10/third_party/proton/dialect/include /home/tritonuser/triton/third_party/proton/dialect/include/Dialect/Proton/IR/ProtonOps.td --write-if-changed -o third_party/proton/dialect/include/Dialect/Proton/IR/OpsConversions.inc -d third_party/proton/dialect/include/Dialect/Proton/IR/OpsConversions.inc.d
  /bin/sh: 1: /home/tritonuser/.triton/llvm/llvm-ffe3129e-ubuntu-x64/bin/mlir-tblgen: Permission denied
  [52/263] Building OpsEnums.cpp.inc...
  FAILED: third_party/proton/dialect/include/Dialect/Proton/IR/OpsEnums.cpp.inc /home/tritonuser/triton/python/build/cmake.linux-x86_64-cpython-3.10/third_party/proton/dialect/include/Dialect/Proton/IR/OpsEnums.cpp.inc
  cd /home/tritonuser/triton/python/build/cmake.linux-x86_64-cpython-3.10 && /home/tritonuser/.triton/llvm/llvm-ffe3129e-ubuntu-x64/bin/mlir-tblgen -gen-enum-defs -I /home/tritonuser/triton/third_party/proton/dialect/include/Dialect/Proton/IR -I/home/tritonuser/triton/include -I/home/tritonuser/triton/. -I/home/tritonuser/.triton/llvm/llvm-ffe3129e-ubuntu-x64/include -I/home/tritonuser/.triton/llvm/llvm-ffe3129e-ubuntu-x64/include -I/home/tritonuser/triton/include -I/home/tritonuser/triton/python/build/cmake.linux-x86_64-cpython-3.10/include -I/home/tritonuser/triton/third_party -I/home/tritonuser/triton/python/build/cmake.linux-x86_64-cpython-3.10/third_party -I/home/tritonuser/triton/python/src -I/home/tritonuser/triton/third_party/proton/dialect/include -I/home/tritonuser/triton/python/build/cmake.linux-x86_64-cpython-3.10/third_party/proton/dialect/include /home/tritonuser/triton/third_party/proton/dialect/include/Dialect/Proton/IR/ProtonOps.td --write-if-changed -o third_party/proton/dialect/include/Dialect/Proton/IR/OpsEnums.cpp.inc -d third_party/proton/dialect/include/Dialect/Proton/IR/OpsEnums.cpp.inc.d
  /bin/sh: 1: /home/tritonuser/.triton/llvm/llvm-ffe3129e-ubuntu-x64/bin/mlir-tblgen: Permission denied
  [53/263] Building OpsEnums.h.inc...
  FAILED: third_party/proton/dialect/include/Dialect/Proton/IR/OpsEnums.h.inc /home/tritonuser/triton/python/build/cmake.linux-x86_64-cpython-3.10/third_party/proton/dialect/include/Dialect/Proton/IR/OpsEnums.h.inc
  cd /home/tritonuser/triton/python/build/cmake.linux-x86_64-cpython-3.10 && /home/tritonuser/.triton/llvm/llvm-ffe3129e-ubuntu-x64/bin/mlir-tblgen -gen-enum-decls -I /home/tritonuser/triton/third_party/proton/dialect/include/Dialect/Proton/IR -I/home/tritonuser/triton/include -I/home/tritonuser/triton/. -I/home/tritonuser/.triton/llvm/llvm-ffe3129e-ubuntu-x64/include -I/home/tritonuser/.triton/llvm/llvm-ffe3129e-ubuntu-x64/include -I/home/tritonuser/triton/include -I/home/tritonuser/triton/python/build/cmake.linux-x86_64-cpython-3.10/include -I/home/tritonuser/triton/third_party -I/home/tritonuser/triton/python/build/cmake.linux-x86_64-cpython-3.10/third_party -I/home/tritonuser/triton/python/src -I/home/tritonuser/triton/third_party/proton/dialect/include -I/home/tritonuser/triton/python/build/cmake.linux-x86_64-cpython-3.10/third_party/proton/dialect/include /home/tritonuser/triton/third_party/proton/dialect/include/Dialect/Proton/IR/ProtonOps.td --write-if-changed -o third_party/proton/dialect/include/Dialect/Proton/IR/OpsEnums.h.inc -d third_party/proton/dialect/include/Dialect/Proton/IR/OpsEnums.h.inc.d
  /bin/sh: 1: /home/tritonuser/.triton/llvm/llvm-ffe3129e-ubuntu-x64/bin/mlir-tblgen: Permission denied
  [54/263] Linking CXX static library lib/libgtest.a
  [55/263] Linking CXX shared library ../../triton/_C/libproton.so
  [56/263] Linking CXX shared library ../../triton/instrumentation/libGPUInstrumentationTestLib.so
  [57/263] Linking CXX shared library ../../triton/instrumentation/libPrintLoadStoreMemSpaces.so
  ninja: build stopped: subcommand failed.
  Traceback (most recent call last):
    File "/usr/local/lib/python3.10/dist-packages/setuptools/command/editable_wheel.py", line 139, in run
      self._create_wheel_file(bdist_wheel)
    File "/usr/local/lib/python3.10/dist-packages/setuptools/command/editable_wheel.py", line 340, in _create_wheel_file
      files, mapping = self._run_build_commands(dist_name, unpacked, lib, tmp)
    File "/usr/local/lib/python3.10/dist-packages/setuptools/command/editable_wheel.py", line 263, in _run_build_commands
      self._run_build_subcommands()
    File "/usr/local/lib/python3.10/dist-packages/setuptools/command/editable_wheel.py", line 290, in _run_build_subcommands
      self.run_command(name)
    File "/usr/local/lib/python3.10/dist-packages/setuptools/_distutils/cmd.py", line 339, in run_command
      self.distribution.run_command(command)
    File "/usr/local/lib/python3.10/dist-packages/setuptools/dist.py", line 999, in run_command
      super().run_command(command)
    File "/usr/local/lib/python3.10/dist-packages/setuptools/_distutils/dist.py", line 1002, in run_command
      cmd_obj.run()
    File "<string>", line 394, in run
    File "<string>", line 502, in build_extension
    File "/usr/lib/python3.10/subprocess.py", line 369, in check_call
      raise CalledProcessError(retcode, cmd)
  subprocess.CalledProcessError: Command '['cmake', '--build', '.', '--config', 'TritonRelBuildWithAsserts', '-j128']' returned non-zero exit status 1.
  /usr/local/lib/python3.10/dist-packages/setuptools/_distutils/dist.py:1002: _DebuggingTips: Problem in editable installation.
  !!

          ********************************************************************************
          An error happened while installing `triton` in editable mode.

          The following steps are recommended to help debug this problem:

          - Try to install the project normally, without using the editable mode.
            Does the error still persist?
            (If it does, try fixing the problem before attempting the editable mode).
          - If you are using binary extensions, make sure you have all OS-level
            dependencies installed (e.g. compilers, toolchains, binary libraries, ...).
          - Try the latest version of setuptools (maybe the error was already fixed).
          - If you (or your project dependencies) are using any setuptools extension
            or customization, make sure they support the editable mode.

          After following the steps above, if the problem still persists and
          you think this is related to how setuptools handles editable installations,
          please submit a reproducible example
          (see https://stackoverflow.com/help/minimal-reproducible-example) to:

              https://github.com/pypa/setuptools/issues

          See https://setuptools.pypa.io/en/latest/userguide/development_mode.html for details.
          ********************************************************************************

  !!
    cmd_obj.run()
  Traceback (most recent call last):
    File "/usr/local/lib/python3.10/dist-packages/pip/_vendor/pyproject_hooks/_in_process/_in_process.py", line 389, in <module>
      main()
    File "/usr/local/lib/python3.10/dist-packages/pip/_vendor/pyproject_hooks/_in_process/_in_process.py", line 373, in main
      json_out["return_val"] = hook(**hook_input["kwargs"])
    File "/usr/local/lib/python3.10/dist-packages/pip/_vendor/pyproject_hooks/_in_process/_in_process.py", line 303, in build_editable
      return hook(wheel_directory, config_settings, metadata_directory)
    File "/usr/local/lib/python3.10/dist-packages/setuptools/build_meta.py", line 476, in build_editable
      return self._build_with_temp_dir(
    File "/usr/local/lib/python3.10/dist-packages/setuptools/build_meta.py", line 407, in _build_with_temp_dir
      self.run_setup()
    File "/usr/local/lib/python3.10/dist-packages/setuptools/build_meta.py", line 522, in run_setup
      super().run_setup(setup_script=setup_script)
    File "/usr/local/lib/python3.10/dist-packages/setuptools/build_meta.py", line 320, in run_setup
      exec(code, locals())
    File "<string>", line 723, in <module>
    File "/usr/local/lib/python3.10/dist-packages/setuptools/__init__.py", line 117, in setup
      return distutils.core.setup(**attrs)
    File "/usr/local/lib/python3.10/dist-packages/setuptools/_distutils/core.py", line 186, in setup
      return run_commands(dist)
    File "/usr/local/lib/python3.10/dist-packages/setuptools/_distutils/core.py", line 202, in run_commands
      dist.run_commands()
    File "/usr/local/lib/python3.10/dist-packages/setuptools/_distutils/dist.py", line 983, in run_commands
      self.run_command(cmd)
    File "/usr/local/lib/python3.10/dist-packages/setuptools/dist.py", line 999, in run_command
      super().run_command(command)
    File "/usr/local/lib/python3.10/dist-packages/setuptools/_distutils/dist.py", line 1002, in run_command
      cmd_obj.run()
    File "/usr/local/lib/python3.10/dist-packages/setuptools/command/editable_wheel.py", line 139, in run
      self._create_wheel_file(bdist_wheel)
    File "/usr/local/lib/python3.10/dist-packages/setuptools/command/editable_wheel.py", line 340, in _create_wheel_file
      files, mapping = self._run_build_commands(dist_name, unpacked, lib, tmp)
    File "/usr/local/lib/python3.10/dist-packages/setuptools/command/editable_wheel.py", line 263, in _run_build_commands
      self._run_build_subcommands()
    File "/usr/local/lib/python3.10/dist-packages/setuptools/command/editable_wheel.py", line 290, in _run_build_subcommands
      self.run_command(name)
    File "/usr/local/lib/python3.10/dist-packages/setuptools/_distutils/cmd.py", line 339, in run_command
      self.distribution.run_command(command)
    File "/usr/local/lib/python3.10/dist-packages/setuptools/dist.py", line 999, in run_command
      super().run_command(command)
    File "/usr/local/lib/python3.10/dist-packages/setuptools/_distutils/dist.py", line 1002, in run_command
      cmd_obj.run()
    File "<string>", line 394, in run
    File "<string>", line 502, in build_extension
    File "/usr/lib/python3.10/subprocess.py", line 369, in check_call
      raise CalledProcessError(retcode, cmd)
  subprocess.CalledProcessError: Command '['cmake', '--build', '.', '--config', 'TritonRelBuildWithAsserts', '-j128']' returned non-zero exit status 1.
  error: subprocess-exited-with-error
  
   Building editable for triton (pyproject.toml) did not run successfully.
   exit code: 1
  > See above for output.
  
  note: This error originates from a subprocess, and is likely not a problem with pip.
  full command: /usr/bin/python3 /usr/local/lib/python3.10/dist-packages/pip/_vendor/pyproject_hooks/_in_process/_in_process.py build_editable /tmp/tmplzjv_uw_
  cwd: /home/tritonuser/triton/python
  Building editable for triton (pyproject.toml): finished with status 'error'
  ERROR: Failed building editable for triton
Failed to build triton
ERROR: Failed to build installable wheels for some pyproject.toml based projects (triton)
INFO:    If error was from fakeroot, try --ignore-fakeroot-command and
INFO:      maybe use fakeroot inside the %post section as described at
INFO:      https://apptainer.org/docs/user/latest/fakeroot.html#fakeroot-inside-def
FATAL:   While performing build: while running engine: while running %post section: exit status 1
